#
# There is insufficient memory for the Java Runtime Environment to continue.
# Native memory allocation (malloc) failed to allocate 1048576 bytes. Error detail: AllocateHeap
# Possible reasons:
#   The system is out of physical RAM or swap space
#   This process is running with CompressedOops enabled, and the Java Heap may be blocking the growth of the native heap
# Possible solutions:
#   Reduce memory load on the system
#   Increase physical memory or swap space
#   Check if swap backing store is full
#   Decrease Java heap size (-Xmx/-Xms)
#   Decrease number of Java threads
#   Decrease Java thread stack sizes (-Xss)
#   Set larger code cache with -XX:ReservedCodeCacheSize=
#   JVM is running with Unscaled Compressed Oops mode in which the Java heap is
#     placed in the first 4GB address space. The Java Heap base address is the
#     maximum limit for the native heap growth. Please use -XX:HeapBaseMinAddress
#     to set the Java Heap base and to place the Java Heap above 4GB virtual address.
# This output file may be truncated or incomplete.
#
#  Out of Memory Error (allocation.cpp:44), pid=15416, tid=12580
#
# JRE version: OpenJDK Runtime Environment Temurin-21.0.8+9 (21.0.8+9) (build 21.0.8+9-LTS)
# Java VM: OpenJDK 64-Bit Server VM Temurin-21.0.8+9 (21.0.8+9-LTS, mixed mode, sharing, tiered, compressed oops, compressed class ptrs, parallel gc, windows-amd64)
# No core dump will be written. Minidumps are not enabled by default on client versions of Windows
#

---------------  S U M M A R Y ------------

Command Line: --add-modules=ALL-SYSTEM --add-opens=java.base/java.util=ALL-UNNAMED --add-opens=java.base/java.lang=ALL-UNNAMED --add-opens=java.base/sun.nio.fs=ALL-UNNAMED -Declipse.application=org.eclipse.jdt.ls.core.id1 -Dosgi.bundles.defaultStartLevel=4 -Declipse.product=org.eclipse.jdt.ls.core.product -Djava.import.generatesMetadataFilesAtProjectRoot=false -DDetectVMInstallationsJob.disabled=true -Dfile.encoding=utf8 -XX:+UseParallelGC -XX:GCTimeRatio=4 -XX:AdaptiveSizePolicyWeight=90 -Dsun.zip.disableMemoryMapping=true -Xmx2G -Xms100m -Xlog:disable -javaagent:c:\Users\PHONG\.vscode\extensions\redhat.java-1.44.0-win32-x64\lombok\lombok-1.18.39-4050.jar -XX:+HeapDumpOnOutOfMemoryError -XX:HeapDumpPath=c:\Users\PHONG\AppData\Roaming\Code\User\workspaceStorage\0b8d90799894e66a5c234ba1ff12f555\redhat.java -Daether.dependencyCollector.impl=bf c:\Users\PHONG\.vscode\extensions\redhat.java-1.44.0-win32-x64\server\plugins\org.eclipse.equinox.launcher_1.7.0.v20250519-0528.jar -configuration c:\Users\PHONG\AppData\Roaming\Code\User\globalStorage\redhat.java\1.44.0\config_win -data c:\Users\PHONG\AppData\Roaming\Code\User\workspaceStorage\0b8d90799894e66a5c234ba1ff12f555\redhat.java\jdt_ws --pipe=\\.\pipe\lsp-ac66a199c825c466586ccb00c70b026b-sock

Host: AMD Ryzen 7 6800H with Radeon Graphics         , 16 cores, 7G,  Windows 11 , 64 bit Build 26100 (10.0.26100.4768)
Time: Fri Aug 15 13:45:02 2025 SE Asia Standard Time elapsed time: 2582.565000 seconds (0d 0h 43m 2s)

---------------  T H R E A D  ---------------

Current thread (0x000001ed3d3a3860):  JavaThread "Attach Listener" daemon [_thread_in_vm, id=12580, stack(0x000000d58b000000,0x000000d58b100000) (1024K)]

Stack: [0x000000d58b000000,0x000000d58b100000]
Native frames: (J=compiled Java code, j=interpreted, Vv=VM code, C=native code)
V  [jvm.dll+0x6d2449]
V  [jvm.dll+0x8ae341]
V  [jvm.dll+0x8b08be]
V  [jvm.dll+0x8b0fa3]
V  [jvm.dll+0x280c96]
V  [jvm.dll+0xc0347]
V  [jvm.dll+0x6d2cf9]
V  [jvm.dll+0x131116]
V  [jvm.dll+0x3f2d16]
V  [jvm.dll+0x857e6b]
V  [jvm.dll+0x6d0b0d]
C  [ucrtbase.dll+0x37b0]
C  [KERNEL32.DLL+0x2e8d7]
C  [ntdll.dll+0x3c34c]


---------------  P R O C E S S  ---------------

Threads class SMR info:
_java_thread_list=0x000001eda9608190, length=44, elements={
0x000001ed3d2fd550, 0x000001ed3d399400, 0x000001ed3d29db70, 0x000001ed3d3a0900,
0x000001ed3d3a3860, 0x000001ed3d3a8900, 0x000001ed96096830, 0x000001ed960ba370,
0x000001ed960bcf90, 0x000001ed961bd470, 0x000001ed961ba680, 0x000001ed961bad10,
0x000001ed961bb3a0, 0x000001ed961bdb00, 0x000001ed961bba30, 0x000001ed961bcde0,
0x000001ed961bc750, 0x000001ed9cd372b0, 0x000001ed9cd34b50, 0x000001ed9cd39380,
0x000001ed9cd39a10, 0x000001ed9cd36c20, 0x000001ed9cd3bae0, 0x000001ed9cd3a730,
0x000001ed9cd3adc0, 0x000001ed9cd3b450, 0x000001ed9cd3c170, 0x000001ed9d61be70,
0x000001ed9d61c500, 0x000001ed9d61aac0, 0x000001ed9d61a430, 0x000001ed9d61b150,
0x000001ed9d619080, 0x000001ed9d61b7e0, 0x000001ed9d61cb90, 0x000001ed9d619da0,
0x000001ed9d619710, 0x000001ed9d61f2f0, 0x000001ed9d61f980, 0x000001ed9d620010,
0x000001ed9f8ed380, 0x000001eda8df55b0, 0x000001ed9ef8e720, 0x000001ed9ef91ba0
}

Java Threads: ( => current thread )
  0x000001ed3d2fd550 JavaThread "main"                              [_thread_blocked, id=23880, stack(0x000000d58a900000,0x000000d58aa00000) (1024K)]
  0x000001ed3d399400 JavaThread "Reference Handler"          daemon [_thread_blocked, id=22080, stack(0x000000d58ad00000,0x000000d58ae00000) (1024K)]
  0x000001ed3d29db70 JavaThread "Finalizer"                  daemon [_thread_blocked, id=3220, stack(0x000000d58ae00000,0x000000d58af00000) (1024K)]
  0x000001ed3d3a0900 JavaThread "Signal Dispatcher"          daemon [_thread_blocked, id=22084, stack(0x000000d58af00000,0x000000d58b000000) (1024K)]
=>0x000001ed3d3a3860 JavaThread "Attach Listener"            daemon [_thread_in_vm, id=12580, stack(0x000000d58b000000,0x000000d58b100000) (1024K)]
  0x000001ed3d3a8900 JavaThread "Service Thread"             daemon [_thread_blocked, id=7316, stack(0x000000d58b100000,0x000000d58b200000) (1024K)]
  0x000001ed96096830 JavaThread "Monitor Deflation Thread"   daemon [_thread_blocked, id=11532, stack(0x000000d58b200000,0x000000d58b300000) (1024K)]
  0x000001ed960ba370 JavaThread "C2 CompilerThread0"         daemon [_thread_blocked, id=20492, stack(0x000000d58b300000,0x000000d58b400000) (1024K)]
  0x000001ed960bcf90 JavaThread "C1 CompilerThread0"         daemon [_thread_blocked, id=26380, stack(0x000000d58b400000,0x000000d58b500000) (1024K)]
  0x000001ed961bd470 JavaThread "Common-Cleaner"             daemon [_thread_blocked, id=25924, stack(0x000000d58b500000,0x000000d58b600000) (1024K)]
  0x000001ed961ba680 JavaThread "Notification Thread"        daemon [_thread_blocked, id=4316, stack(0x000000d58b900000,0x000000d58ba00000) (1024K)]
  0x000001ed961bad10 JavaThread "Active Thread: Equinox Container: acbc275b-f7c9-4e92-84c4-6cf8873a8ab4"        [_thread_blocked, id=17140, stack(0x000000d58c000000,0x000000d58c100000) (1024K)]
  0x000001ed961bb3a0 JavaThread "Refresh Thread: Equinox Container: acbc275b-f7c9-4e92-84c4-6cf8873a8ab4" daemon [_thread_blocked, id=14240, stack(0x000000d58c200000,0x000000d58c300000) (1024K)]
  0x000001ed961bdb00 JavaThread "Framework Event Dispatcher: Equinox Container: acbc275b-f7c9-4e92-84c4-6cf8873a8ab4" daemon [_thread_blocked, id=24116, stack(0x000000d58c300000,0x000000d58c400000) (1024K)]
  0x000001ed961bba30 JavaThread "Start Level: Equinox Container: acbc275b-f7c9-4e92-84c4-6cf8873a8ab4" daemon [_thread_blocked, id=15812, stack(0x000000d58c400000,0x000000d58c500000) (1024K)]
  0x000001ed961bcde0 JavaThread "Bundle File Closer"         daemon [_thread_blocked, id=8896, stack(0x000000d58c800000,0x000000d58c900000) (1024K)]
  0x000001ed961bc750 JavaThread "SCR Component Actor"        daemon [_thread_blocked, id=18544, stack(0x000000d58c900000,0x000000d58ca00000) (1024K)]
  0x000001ed9cd372b0 JavaThread "Worker-JM"                         [_thread_blocked, id=11648, stack(0x000000d58cc00000,0x000000d58cd00000) (1024K)]
  0x000001ed9cd34b50 JavaThread "JNA Cleaner"                daemon [_thread_blocked, id=26368, stack(0x000000d58cf00000,0x000000d58d000000) (1024K)]
  0x000001ed9cd39380 JavaThread "Java indexing"              daemon [_thread_blocked, id=17936, stack(0x000000d58b800000,0x000000d58b900000) (1024K)]
  0x000001ed9cd39a10 JavaThread "Thread-2"                   daemon [_thread_in_native, id=22456, stack(0x000000d58d900000,0x000000d58da00000) (1024K)]
  0x000001ed9cd36c20 JavaThread "Thread-3"                   daemon [_thread_in_native, id=20520, stack(0x000000d58da00000,0x000000d58db00000) (1024K)]
  0x000001ed9cd3bae0 JavaThread "Thread-4"                   daemon [_thread_in_native, id=26208, stack(0x000000d58db00000,0x000000d58dc00000) (1024K)]
  0x000001ed9cd3a730 JavaThread "Thread-5"                   daemon [_thread_in_native, id=16436, stack(0x000000d58dc00000,0x000000d58dd00000) (1024K)]
  0x000001ed9cd3adc0 JavaThread "Thread-6"                   daemon [_thread_in_native, id=26000, stack(0x000000d58dd00000,0x000000d58de00000) (1024K)]
  0x000001ed9cd3b450 JavaThread "Thread-7"                   daemon [_thread_in_native, id=3692, stack(0x000000d58de00000,0x000000d58df00000) (1024K)]
  0x000001ed9cd3c170 JavaThread "Thread-8"                   daemon [_thread_in_native, id=1124, stack(0x000000d58df00000,0x000000d58e000000) (1024K)]
  0x000001ed9d61be70 JavaThread "Thread-9"                   daemon [_thread_in_native, id=11244, stack(0x000000d58e000000,0x000000d58e100000) (1024K)]
  0x000001ed9d61c500 JavaThread "Thread-10"                  daemon [_thread_in_native, id=17088, stack(0x000000d58e100000,0x000000d58e200000) (1024K)]
  0x000001ed9d61aac0 JavaThread "Thread-11"                  daemon [_thread_in_native, id=10072, stack(0x000000d58e200000,0x000000d58e300000) (1024K)]
  0x000001ed9d61a430 JavaThread "Thread-12"                  daemon [_thread_in_native, id=14876, stack(0x000000d58e300000,0x000000d58e400000) (1024K)]
  0x000001ed9d61b150 JavaThread "Thread-13"                  daemon [_thread_in_native, id=15564, stack(0x000000d58e400000,0x000000d58e500000) (1024K)]
  0x000001ed9d619080 JavaThread "Thread-14"                  daemon [_thread_in_native, id=12900, stack(0x000000d58e500000,0x000000d58e600000) (1024K)]
  0x000001ed9d61b7e0 JavaThread "Thread-15"                  daemon [_thread_in_native, id=20536, stack(0x000000d58e600000,0x000000d58e700000) (1024K)]
  0x000001ed9d61cb90 JavaThread "Thread-16"                  daemon [_thread_in_native, id=20432, stack(0x000000d58e700000,0x000000d58e800000) (1024K)]
  0x000001ed9d619da0 JavaThread "Thread-17"                  daemon [_thread_in_native, id=18044, stack(0x000000d58e800000,0x000000d58e900000) (1024K)]
  0x000001ed9d619710 JavaThread "Thread-18"                  daemon [_thread_in_native, id=5980, stack(0x000000d58e900000,0x000000d58ea00000) (1024K)]
  0x000001ed9d61f2f0 JavaThread "pool-2-thread-1"                   [_thread_blocked, id=3696, stack(0x000000d58ea00000,0x000000d58eb00000) (1024K)]
  0x000001ed9d61f980 JavaThread "WorkspaceEventsHandler"            [_thread_blocked, id=19424, stack(0x000000d58eb00000,0x000000d58ec00000) (1024K)]
  0x000001ed9d620010 JavaThread "pool-1-thread-1"                   [_thread_blocked, id=16596, stack(0x000000d58ec00000,0x000000d58ed00000) (1024K)]
  0x000001ed9f8ed380 JavaThread "Cleaner-0"                  daemon [_thread_blocked, id=17612, stack(0x000000d592600000,0x000000d592700000) (1024K)]
  0x000001eda8df55b0 JavaThread "Worker-13"                         [_thread_blocked, id=1940, stack(0x000000d58a600000,0x000000d58a700000) (1024K)]
  0x000001ed9ef8e720 JavaThread "ForkJoinPool.commonPool-worker-22" daemon [_thread_blocked, id=12280, stack(0x000000d58b700000,0x000000d58b800000) (1024K)]
  0x000001ed9ef91ba0 JavaThread "Worker-15"                         [_thread_blocked, id=23968, stack(0x000000d58d600000,0x000000d58d700000) (1024K)]
Total: 44

Other Threads:
  0x000001ed3d284c20 VMThread "VM Thread"                           [id=26444, stack(0x000000d58ac00000,0x000000d58ad00000) (1024K)]
  0x000001ed3d17ba00 WatcherThread "VM Periodic Task Thread"        [id=13956, stack(0x000000d58ab00000,0x000000d58ac00000) (1024K)]
  0x000001ed3d317a40 WorkerThread "GC Thread#0"                     [id=18812, stack(0x000000d58aa00000,0x000000d58ab00000) (1024K)]
  0x000001ed9c799b20 WorkerThread "GC Thread#1"                     [id=18316, stack(0x000000d58ba00000,0x000000d58bb00000) (1024K)]
  0x000001ed9c33eec0 WorkerThread "GC Thread#2"                     [id=25700, stack(0x000000d58bb00000,0x000000d58bc00000) (1024K)]
  0x000001ed9c33f260 WorkerThread "GC Thread#3"                     [id=5132, stack(0x000000d58bc00000,0x000000d58bd00000) (1024K)]
  0x000001ed9c33fa10 WorkerThread "GC Thread#4"                     [id=14804, stack(0x000000d58bd00000,0x000000d58be00000) (1024K)]
  0x000001ed9c897180 WorkerThread "GC Thread#5"                     [id=22664, stack(0x000000d58be00000,0x000000d58bf00000) (1024K)]
  0x000001ed9c7f54d0 WorkerThread "GC Thread#6"                     [id=23472, stack(0x000000d58bf00000,0x000000d58c000000) (1024K)]
  0x000001ed9ca8e230 WorkerThread "GC Thread#7"                     [id=15760, stack(0x000000d58c100000,0x000000d58c200000) (1024K)]
  0x000001ed9ca8c8d0 WorkerThread "GC Thread#8"                     [id=12340, stack(0x000000d58c500000,0x000000d58c600000) (1024K)]
  0x000001ed9ca8cc70 WorkerThread "GC Thread#9"                     [id=1996, stack(0x000000d58c600000,0x000000d58c700000) (1024K)]
  0x000001ed9ca8d750 WorkerThread "GC Thread#10"                    [id=9928, stack(0x000000d58c700000,0x000000d58c800000) (1024K)]
  0x000001ed9ca8daf0 WorkerThread "GC Thread#11"                    [id=11124, stack(0x000000d58cb00000,0x000000d58cc00000) (1024K)]
  0x000001ed9cde2300 WorkerThread "GC Thread#12"                    [id=8832, stack(0x000000d58ce00000,0x000000d58cf00000) (1024K)]
Total: 15

Threads with active compile tasks:
Total: 0

VM state: not at safepoint (normal execution)

VM Mutex/Monitor currently owned by a thread: None

Heap address: 0x0000000080000000, size: 2048 MB, Compressed Oops mode: 32-bit

CDS archive(s) mapped at: [0x000001ed54000000-0x000001ed54ba0000-0x000001ed54ba0000), size 12189696, SharedBaseAddress: 0x000001ed54000000, ArchiveRelocationMode: 1.
Compressed class space mapped at: 0x000001ed55000000-0x000001ed95000000, reserved size: 1073741824
Narrow klass base: 0x000001ed54000000, Narrow klass shift: 0, Narrow klass range: 0x100000000

GC Precious Log:
 CardTable entry size: 512
 CPUs: 16 total, 16 available
 Memory: 7365M
 Large Page Support: Disabled
 NUMA Support: Disabled
 Compressed Oops: Enabled (32-bit)
 Alignments: Space 512K, Generation 512K, Heap 2M
 Heap Min Capacity: 100M
 Heap Initial Capacity: 100M
 Heap Max Capacity: 2G
 Pre-touch: Disabled
 Parallel Workers: 13

Heap:
 PSYoungGen      total 7168K, used 3754K [0x00000000d5580000, 0x00000000d5e00000, 0x0000000100000000)
  eden space 6656K, 52% used [0x00000000d5580000,0x00000000d58eab30,0x00000000d5c00000)
  from space 512K, 50% used [0x00000000d5c00000,0x00000000d5c40000,0x00000000d5c80000)
  to   space 1024K, 0% used [0x00000000d5d00000,0x00000000d5d00000,0x00000000d5e00000)
 ParOldGen       total 899072K, used 898795K [0x0000000080000000, 0x00000000b6e00000, 0x00000000d5580000)
  object space 899072K, 99% used [0x0000000080000000,0x00000000b6dbae80,0x00000000b6e00000)
 Metaspace       used 92161K, committed 94080K, reserved 1179648K
  class space    used 9083K, committed 9984K, reserved 1048576K

Card table byte_map: [0x000001ed3cc90000,0x000001ed3d0a0000] _byte_map_base: 0x000001ed3c890000

Marking Bits: (ParMarkBitMap*) 0x00007ffbd1d9a340
 Begin Bits: [0x000001ed4f790000, 0x000001ed51790000)
 End Bits:   [0x000001ed51790000, 0x000001ed53790000)

Polling page: 0x000001ed3b0d0000

Metaspace:

Usage:
  Non-class:     81.13 MB used.
      Class:      8.87 MB used.
       Both:     90.00 MB used.

Virtual space:
  Non-class space:      128.00 MB reserved,      82.12 MB ( 64%) committed,  2 nodes.
      Class space:        1.00 GB reserved,       9.75 MB ( <1%) committed,  1 nodes.
             Both:        1.12 GB reserved,      91.88 MB (  8%) committed. 

Chunk freelists:
   Non-Class:  13.31 MB
       Class:  6.22 MB
        Both:  19.53 MB

MaxMetaspaceSize: unlimited
CompressedClassSpaceSize: 1.00 GB
Initial GC threshold: 21.00 MB
Current GC threshold: 152.94 MB
CDS: on
 - commit_granule_bytes: 65536.
 - commit_granule_words: 8192.
 - virtual_space_node_default_size: 8388608.
 - enlarge_chunks_in_place: 1.
 - use_allocation_guard: 0.


Internal statistics:

num_allocs_failed_limit: 9.
num_arena_births: 1884.
num_arena_deaths: 22.
num_vsnodes_births: 3.
num_vsnodes_deaths: 0.
num_space_committed: 1469.
num_space_uncommitted: 0.
num_chunks_returned_to_freelist: 35.
num_chunks_taken_from_freelist: 6662.
num_chunk_merges: 11.
num_chunk_splits: 3966.
num_chunks_enlarged: 2115.
num_inconsistent_stats: 0.

CodeHeap 'non-profiled nmethods': size=119168Kb used=30450Kb max_used=30547Kb free=88718Kb
 bounds [0x000001ed48080000, 0x000001ed49e90000, 0x000001ed4f4e0000]
CodeHeap 'profiled nmethods': size=119104Kb used=38281Kb max_used=56290Kb free=80822Kb
 bounds [0x000001ed404e0000, 0x000001ed43be0000, 0x000001ed47930000]
CodeHeap 'non-nmethods': size=7488Kb used=1526Kb max_used=3266Kb free=5961Kb
 bounds [0x000001ed47930000, 0x000001ed47c70000, 0x000001ed48080000]
CodeCache: size=245760Kb, used=70257Kb, max_used=90103Kb, free=175501Kb
 total_blobs=19291, nmethods=18441, adapters=749, full_count=0
Compilation: enabled, stopped_count=0, restarted_count=0

Compilation events (20 events):
Event: 2035.310 Thread 0x000001ed9c6a77c0 nmethod 32963 0x000001ed49b27710 code [0x000001ed49b27980, 0x000001ed49b28278]
Event: 2035.310 Thread 0x000001ed9c6a77c0 32962       4       jdk.internal.util.ByteArray::setUnsignedShort (12 bytes)
Event: 2035.312 Thread 0x000001ed9c6a77c0 nmethod 32962 0x000001ed494f7d90 code [0x000001ed494f7f20, 0x000001ed494f8000]
Event: 2035.383 Thread 0x000001ed9c6a77c0 32966   !   4       org.eclipse.jdt.internal.core.builder.ClasspathJar::cleanup (175 bytes)
Event: 2035.396 Thread 0x000001ed9c6a77c0 nmethod 32966 0x000001ed494f7610 code [0x000001ed494f77e0, 0x000001ed494f79d0]
Event: 2035.396 Thread 0x000001ed9c6a77c0 32968       4       org.eclipse.core.internal.events.ResourceComparator::compare (383 bytes)
Event: 2035.421 Thread 0x000001ed9c6a77c0 nmethod 32968 0x000001ed49b26c10 code [0x000001ed49b26de0, 0x000001ed49b27328]
Event: 2035.421 Thread 0x000001ed9c6a77c0 32967       4       org.eclipse.core.internal.resources.Container::findMember (7 bytes)
Event: 2035.463 Thread 0x000001ed9c6a77c0 nmethod 32967 0x000001ed49b25610 code [0x000001ed49b258c0, 0x000001ed49b26328]
Event: 2035.534 Thread 0x000001ed960ba370 nmethod 32951 0x000001ed49e76b90 code [0x000001ed49e77860, 0x000001ed49e7edf8]
Event: 2104.109 Thread 0x000001ed960ba370 32969       4       org.eclipse.core.internal.dtree.AbstractDataTreeNode::storeStrings (42 bytes)
Event: 2104.109 Thread 0x000001ed960bcf90 32970       3       org.eclipse.core.internal.resources.MarkerSet::shareStrings (57 bytes)
Event: 2104.123 Thread 0x000001ed960bcf90 nmethod 32970 0x000001ed4308a590 code [0x000001ed4308a760, 0x000001ed4308acd0]
Event: 2104.168 Thread 0x000001ed960ba370 nmethod 32969 0x000001ed49b23f10 code [0x000001ed49b24160, 0x000001ed49b24c80]
Event: 2104.169 Thread 0x000001ed960ba370 32971       4       java.util.HashMap$Node::setValue (12 bytes)
Event: 2104.169 Thread 0x000001ed960ba370 nmethod 32971 0x000001ed49b23c10 code [0x000001ed49b23da0, 0x000001ed49b23e48]
Event: 2381.834 Thread 0x000001ed960bcf90 32972       1       java.lang.Thread::threadContainer (5 bytes)
Event: 2381.840 Thread 0x000001ed960bcf90 nmethod 32972 0x000001ed49b23890 code [0x000001ed49b23a20, 0x000001ed49b23ae8]
Event: 2569.317 Thread 0x000001ed960bcf90 32973       3       org.eclipse.jdt.ls.core.internal.ParentProcessWatcher::run (83 bytes)
Event: 2569.874 Thread 0x000001ed960bcf90 nmethod 32973 0x000001ed436b6310 code [0x000001ed436b65a0, 0x000001ed436b6f88]

GC Heap History (20 events):
Event: 1740.817 GC heap before
{Heap before GC invocations=5298 (full 8):
 PSYoungGen      total 9216K, used 8705K [0x00000000d5580000, 0x00000000d6000000, 0x0000000100000000)
  eden space 7680K, 100% used [0x00000000d5580000,0x00000000d5d00000,0x00000000d5d00000)
  from space 1536K, 66% used [0x00000000d5d00000,0x00000000d5e006b0,0x00000000d5e80000)
  to   space 1536K, 0% used [0x00000000d5e80000,0x00000000d5e80000,0x00000000d6000000)
 ParOldGen       total 890880K, used 890862K [0x0000000080000000, 0x00000000b6600000, 0x00000000d5580000)
  object space 890880K, 99% used [0x0000000080000000,0x00000000b65fbab0,0x00000000b6600000)
 Metaspace       used 92140K, committed 94016K, reserved 1179648K
  class space    used 9083K, committed 9984K, reserved 1048576K
}
Event: 1740.818 GC heap after
{Heap after GC invocations=5298 (full 8):
 PSYoungGen      total 8704K, used 962K [0x00000000d5580000, 0x00000000d5f80000, 0x0000000100000000)
  eden space 7680K, 0% used [0x00000000d5580000,0x00000000d5580000,0x00000000d5d00000)
  from space 1024K, 94% used [0x00000000d5e80000,0x00000000d5f70bb8,0x00000000d5f80000)
  to   space 1024K, 0% used [0x00000000d5d80000,0x00000000d5d80000,0x00000000d5e80000)
 ParOldGen       total 891904K, used 891647K [0x0000000080000000, 0x00000000b6700000, 0x00000000d5580000)
  object space 891904K, 99% used [0x0000000080000000,0x00000000b66bfde8,0x00000000b6700000)
 Metaspace       used 92140K, committed 94016K, reserved 1179648K
  class space    used 9083K, committed 9984K, reserved 1048576K
}
Event: 1740.826 GC heap before
{Heap before GC invocations=5299 (full 8):
 PSYoungGen      total 8704K, used 8642K [0x00000000d5580000, 0x00000000d5f80000, 0x0000000100000000)
  eden space 7680K, 100% used [0x00000000d5580000,0x00000000d5d00000,0x00000000d5d00000)
  from space 1024K, 94% used [0x00000000d5e80000,0x00000000d5f70bb8,0x00000000d5f80000)
  to   space 1024K, 0% used [0x00000000d5d80000,0x00000000d5d80000,0x00000000d5e80000)
 ParOldGen       total 891904K, used 891647K [0x0000000080000000, 0x00000000b6700000, 0x00000000d5580000)
  object space 891904K, 99% used [0x0000000080000000,0x00000000b66bfde8,0x00000000b6700000)
 Metaspace       used 92140K, committed 94016K, reserved 1179648K
  class space    used 9083K, committed 9984K, reserved 1048576K
}
Event: 1740.828 GC heap after
{Heap after GC invocations=5299 (full 8):
 PSYoungGen      total 8704K, used 736K [0x00000000d5580000, 0x00000000d5f00000, 0x0000000100000000)
  eden space 7680K, 0% used [0x00000000d5580000,0x00000000d5580000,0x00000000d5d00000)
  from space 1024K, 71% used [0x00000000d5d80000,0x00000000d5e38000,0x00000000d5e80000)
  to   space 512K, 0% used [0x00000000d5e80000,0x00000000d5e80000,0x00000000d5f00000)
 ParOldGen       total 892416K, used 892396K [0x0000000080000000, 0x00000000b6780000, 0x00000000d5580000)
  object space 892416K, 99% used [0x0000000080000000,0x00000000b677b3a0,0x00000000b6780000)
 Metaspace       used 92140K, committed 94016K, reserved 1179648K
  class space    used 9083K, committed 9984K, reserved 1048576K
}
Event: 1740.844 GC heap before
{Heap before GC invocations=5300 (full 8):
 PSYoungGen      total 8704K, used 8416K [0x00000000d5580000, 0x00000000d5f00000, 0x0000000100000000)
  eden space 7680K, 100% used [0x00000000d5580000,0x00000000d5d00000,0x00000000d5d00000)
  from space 1024K, 71% used [0x00000000d5d80000,0x00000000d5e38000,0x00000000d5e80000)
  to   space 512K, 0% used [0x00000000d5e80000,0x00000000d5e80000,0x00000000d5f00000)
 ParOldGen       total 892416K, used 892396K [0x0000000080000000, 0x00000000b6780000, 0x00000000d5580000)
  object space 892416K, 99% used [0x0000000080000000,0x00000000b677b3a0,0x00000000b6780000)
 Metaspace       used 92140K, committed 94016K, reserved 1179648K
  class space    used 9083K, committed 9984K, reserved 1048576K
}
Event: 1740.847 GC heap after
{Heap after GC invocations=5300 (full 8):
 PSYoungGen      total 7168K, used 512K [0x00000000d5580000, 0x00000000d6200000, 0x0000000100000000)
  eden space 6656K, 0% used [0x00000000d5580000,0x00000000d5580000,0x00000000d5c00000)
  from space 512K, 100% used [0x00000000d5e80000,0x00000000d5f00000,0x00000000d5f00000)
  to   space 2560K, 0% used [0x00000000d5c00000,0x00000000d5c00000,0x00000000d5e80000)
 ParOldGen       total 893952K, used 893796K [0x0000000080000000, 0x00000000b6900000, 0x00000000d5580000)
  object space 893952K, 99% used [0x0000000080000000,0x00000000b68d91a0,0x00000000b6900000)
 Metaspace       used 92140K, committed 94016K, reserved 1179648K
  class space    used 9083K, committed 9984K, reserved 1048576K
}
Event: 1781.978 GC heap before
{Heap before GC invocations=5301 (full 8):
 PSYoungGen      total 7168K, used 7151K [0x00000000d5580000, 0x00000000d6200000, 0x0000000100000000)
  eden space 6656K, 99% used [0x00000000d5580000,0x00000000d5bfbf68,0x00000000d5c00000)
  from space 512K, 100% used [0x00000000d5e80000,0x00000000d5f00000,0x00000000d5f00000)
  to   space 2560K, 0% used [0x00000000d5c00000,0x00000000d5c00000,0x00000000d5e80000)
 ParOldGen       total 893952K, used 893796K [0x0000000080000000, 0x00000000b6900000, 0x00000000d5580000)
  object space 893952K, 99% used [0x0000000080000000,0x00000000b68d91a0,0x00000000b6900000)
 Metaspace       used 92140K, committed 94016K, reserved 1179648K
  class space    used 9083K, committed 9984K, reserved 1048576K
}
Event: 1782.043 GC heap after
{Heap after GC invocations=5301 (full 8):
 PSYoungGen      total 7680K, used 880K [0x00000000d5580000, 0x00000000d5f00000, 0x0000000100000000)
  eden space 6656K, 0% used [0x00000000d5580000,0x00000000d5580000,0x00000000d5c00000)
  from space 1024K, 85% used [0x00000000d5c00000,0x00000000d5cdc240,0x00000000d5d00000)
  to   space 1536K, 0% used [0x00000000d5d80000,0x00000000d5d80000,0x00000000d5f00000)
 ParOldGen       total 894464K, used 894300K [0x0000000080000000, 0x00000000b6980000, 0x00000000d5580000)
  object space 894464K, 99% used [0x0000000080000000,0x00000000b69571a0,0x00000000b6980000)
 Metaspace       used 92140K, committed 94016K, reserved 1179648K
  class space    used 9083K, committed 9984K, reserved 1048576K
}
Event: 1782.163 GC heap before
{Heap before GC invocations=5302 (full 8):
 PSYoungGen      total 7680K, used 7536K [0x00000000d5580000, 0x00000000d5f00000, 0x0000000100000000)
  eden space 6656K, 99% used [0x00000000d5580000,0x00000000d5bffff0,0x00000000d5c00000)
  from space 1024K, 85% used [0x00000000d5c00000,0x00000000d5cdc240,0x00000000d5d00000)
  to   space 1536K, 0% used [0x00000000d5d80000,0x00000000d5d80000,0x00000000d5f00000)
 ParOldGen       total 894464K, used 894300K [0x0000000080000000, 0x00000000b6980000, 0x00000000d5580000)
  object space 894464K, 99% used [0x0000000080000000,0x00000000b69571a0,0x00000000b6980000)
 Metaspace       used 92140K, committed 94016K, reserved 1179648K
  class space    used 9083K, committed 9984K, reserved 1048576K
}
Event: 1782.171 GC heap after
{Heap after GC invocations=5302 (full 8):
 PSYoungGen      total 7680K, used 893K [0x00000000d5580000, 0x00000000d5e80000, 0x0000000100000000)
  eden space 6656K, 0% used [0x00000000d5580000,0x00000000d5580000,0x00000000d5c00000)
  from space 1024K, 87% used [0x00000000d5d80000,0x00000000d5e5f660,0x00000000d5e80000)
  to   space 1024K, 0% used [0x00000000d5c00000,0x00000000d5c00000,0x00000000d5d00000)
 ParOldGen       total 895488K, used 895131K [0x0000000080000000, 0x00000000b6a80000, 0x00000000d5580000)
  object space 895488K, 99% used [0x0000000080000000,0x00000000b6a26ea0,0x00000000b6a80000)
 Metaspace       used 92140K, committed 94016K, reserved 1179648K
  class space    used 9083K, committed 9984K, reserved 1048576K
}
Event: 1782.281 GC heap before
{Heap before GC invocations=5303 (full 8):
 PSYoungGen      total 7680K, used 7549K [0x00000000d5580000, 0x00000000d5e80000, 0x0000000100000000)
  eden space 6656K, 100% used [0x00000000d5580000,0x00000000d5c00000,0x00000000d5c00000)
  from space 1024K, 87% used [0x00000000d5d80000,0x00000000d5e5f660,0x00000000d5e80000)
  to   space 1024K, 0% used [0x00000000d5c00000,0x00000000d5c00000,0x00000000d5d00000)
 ParOldGen       total 895488K, used 895131K [0x0000000080000000, 0x00000000b6a80000, 0x00000000d5580000)
  object space 895488K, 99% used [0x0000000080000000,0x00000000b6a26ea0,0x00000000b6a80000)
 Metaspace       used 92140K, committed 94016K, reserved 1179648K
  class space    used 9083K, committed 9984K, reserved 1048576K
}
Event: 1782.288 GC heap after
{Heap after GC invocations=5303 (full 8):
 PSYoungGen      total 7680K, used 1001K [0x00000000d5580000, 0x00000000d6000000, 0x0000000100000000)
  eden space 6656K, 0% used [0x00000000d5580000,0x00000000d5580000,0x00000000d5c00000)
  from space 1024K, 97% used [0x00000000d5c00000,0x00000000d5cfa490,0x00000000d5d00000)
  to   space 2048K, 0% used [0x00000000d5e00000,0x00000000d5e00000,0x00000000d6000000)
 ParOldGen       total 896000K, used 895939K [0x0000000080000000, 0x00000000b6b00000, 0x00000000d5580000)
  object space 896000K, 99% used [0x0000000080000000,0x00000000b6af0c68,0x00000000b6b00000)
 Metaspace       used 92140K, committed 94016K, reserved 1179648K
  class space    used 9083K, committed 9984K, reserved 1048576K
}
Event: 1782.309 GC heap before
{Heap before GC invocations=5304 (full 8):
 PSYoungGen      total 7680K, used 7657K [0x00000000d5580000, 0x00000000d6000000, 0x0000000100000000)
  eden space 6656K, 100% used [0x00000000d5580000,0x00000000d5c00000,0x00000000d5c00000)
  from space 1024K, 97% used [0x00000000d5c00000,0x00000000d5cfa490,0x00000000d5d00000)
  to   space 2048K, 0% used [0x00000000d5e00000,0x00000000d5e00000,0x00000000d6000000)
 ParOldGen       total 896000K, used 895939K [0x0000000080000000, 0x00000000b6b00000, 0x00000000d5580000)
  object space 896000K, 99% used [0x0000000080000000,0x00000000b6af0c68,0x00000000b6b00000)
 Metaspace       used 92140K, committed 94016K, reserved 1179648K
  class space    used 9083K, committed 9984K, reserved 1048576K
}
Event: 1782.314 GC heap after
{Heap after GC invocations=5304 (full 8):
 PSYoungGen      total 7680K, used 736K [0x00000000d5580000, 0x00000000d5f00000, 0x0000000100000000)
  eden space 6656K, 0% used [0x00000000d5580000,0x00000000d5580000,0x00000000d5c00000)
  from space 1024K, 71% used [0x00000000d5e00000,0x00000000d5eb8020,0x00000000d5f00000)
  to   space 1536K, 0% used [0x00000000d5c00000,0x00000000d5c00000,0x00000000d5d80000)
 ParOldGen       total 897024K, used 896905K [0x0000000080000000, 0x00000000b6c00000, 0x00000000d5580000)
  object space 897024K, 99% used [0x0000000080000000,0x00000000b6be26e0,0x00000000b6c00000)
 Metaspace       used 92140K, committed 94016K, reserved 1179648K
  class space    used 9083K, committed 9984K, reserved 1048576K
}
Event: 1784.147 GC heap before
{Heap before GC invocations=5305 (full 8):
 PSYoungGen      total 7680K, used 7392K [0x00000000d5580000, 0x00000000d5f00000, 0x0000000100000000)
  eden space 6656K, 100% used [0x00000000d5580000,0x00000000d5c00000,0x00000000d5c00000)
  from space 1024K, 71% used [0x00000000d5e00000,0x00000000d5eb8020,0x00000000d5f00000)
  to   space 1536K, 0% used [0x00000000d5c00000,0x00000000d5c00000,0x00000000d5d80000)
 ParOldGen       total 897024K, used 896905K [0x0000000080000000, 0x00000000b6c00000, 0x00000000d5580000)
  object space 897024K, 99% used [0x0000000080000000,0x00000000b6be26e0,0x00000000b6c00000)
 Metaspace       used 92144K, committed 94080K, reserved 1179648K
  class space    used 9083K, committed 9984K, reserved 1048576K
}
Event: 1784.152 GC heap after
{Heap after GC invocations=5305 (full 8):
 PSYoungGen      total 8192K, used 1029K [0x00000000d5580000, 0x00000000d5f00000, 0x0000000100000000)
  eden space 6656K, 0% used [0x00000000d5580000,0x00000000d5580000,0x00000000d5c00000)
  from space 1536K, 67% used [0x00000000d5c00000,0x00000000d5d01670,0x00000000d5d80000)
  to   space 1536K, 0% used [0x00000000d5d80000,0x00000000d5d80000,0x00000000d5f00000)
 ParOldGen       total 897536K, used 897469K [0x0000000080000000, 0x00000000b6c80000, 0x00000000d5580000)
  object space 897536K, 99% used [0x0000000080000000,0x00000000b6c6f730,0x00000000b6c80000)
 Metaspace       used 92144K, committed 94080K, reserved 1179648K
  class space    used 9083K, committed 9984K, reserved 1048576K
}
Event: 1784.351 GC heap before
{Heap before GC invocations=5306 (full 8):
 PSYoungGen      total 8192K, used 7685K [0x00000000d5580000, 0x00000000d5f00000, 0x0000000100000000)
  eden space 6656K, 100% used [0x00000000d5580000,0x00000000d5c00000,0x00000000d5c00000)
  from space 1536K, 67% used [0x00000000d5c00000,0x00000000d5d01670,0x00000000d5d80000)
  to   space 1536K, 0% used [0x00000000d5d80000,0x00000000d5d80000,0x00000000d5f00000)
 ParOldGen       total 897536K, used 897469K [0x0000000080000000, 0x00000000b6c80000, 0x00000000d5580000)
  object space 897536K, 99% used [0x0000000080000000,0x00000000b6c6f730,0x00000000b6c80000)
 Metaspace       used 92144K, committed 94080K, reserved 1179648K
  class space    used 9083K, committed 9984K, reserved 1048576K
}
Event: 1784.357 GC heap after
{Heap after GC invocations=5306 (full 8):
 PSYoungGen      total 8192K, used 1077K [0x00000000d5580000, 0x00000000d5f00000, 0x0000000100000000)
  eden space 6656K, 0% used [0x00000000d5580000,0x00000000d5580000,0x00000000d5c00000)
  from space 1536K, 70% used [0x00000000d5d80000,0x00000000d5e8d430,0x00000000d5f00000)
  to   space 1536K, 0% used [0x00000000d5c00000,0x00000000d5c00000,0x00000000d5d80000)
 ParOldGen       total 898560K, used 898186K [0x0000000080000000, 0x00000000b6d80000, 0x00000000d5580000)
  object space 898560K, 99% used [0x0000000080000000,0x00000000b6d22860,0x00000000b6d80000)
 Metaspace       used 92144K, committed 94080K, reserved 1179648K
  class space    used 9083K, committed 9984K, reserved 1048576K
}
Event: 1803.577 GC heap before
{Heap before GC invocations=5307 (full 8):
 PSYoungGen      total 8192K, used 7733K [0x00000000d5580000, 0x00000000d5f00000, 0x0000000100000000)
  eden space 6656K, 100% used [0x00000000d5580000,0x00000000d5c00000,0x00000000d5c00000)
  from space 1536K, 70% used [0x00000000d5d80000,0x00000000d5e8d430,0x00000000d5f00000)
  to   space 1536K, 0% used [0x00000000d5c00000,0x00000000d5c00000,0x00000000d5d80000)
 ParOldGen       total 898560K, used 898186K [0x0000000080000000, 0x00000000b6d80000, 0x00000000d5580000)
  object space 898560K, 99% used [0x0000000080000000,0x00000000b6d22860,0x00000000b6d80000)
 Metaspace       used 92144K, committed 94080K, reserved 1179648K
  class space    used 9083K, committed 9984K, reserved 1048576K
}
Event: 1803.736 GC heap after
{Heap after GC invocations=5307 (full 8):
 PSYoungGen      total 7168K, used 256K [0x00000000d5580000, 0x00000000d5e00000, 0x0000000100000000)
  eden space 6656K, 0% used [0x00000000d5580000,0x00000000d5580000,0x00000000d5c00000)
  from space 512K, 50% used [0x00000000d5c00000,0x00000000d5c40000,0x00000000d5c80000)
  to   space 1024K, 0% used [0x00000000d5d00000,0x00000000d5d00000,0x00000000d5e00000)
 ParOldGen       total 899072K, used 898795K [0x0000000080000000, 0x00000000b6e00000, 0x00000000d5580000)
  object space 899072K, 99% used [0x0000000080000000,0x00000000b6dbae80,0x00000000b6e00000)
 Metaspace       used 92144K, committed 94080K, reserved 1179648K
  class space    used 9083K, committed 9984K, reserved 1048576K
}

Dll operation events (11 events):
Event: 0.012 Loaded shared library c:\Users\PHONG\.vscode\extensions\redhat.java-1.44.0-win32-x64\jre\21.0.8-win32-x86_64\bin\java.dll
Event: 0.100 Loaded shared library c:\Users\PHONG\.vscode\extensions\redhat.java-1.44.0-win32-x64\jre\21.0.8-win32-x86_64\bin\zip.dll
Event: 0.125 Loaded shared library C:\Users\PHONG\.vscode\extensions\redhat.java-1.44.0-win32-x64\jre\21.0.8-win32-x86_64\bin\instrument.dll
Event: 0.131 Loaded shared library C:\Users\PHONG\.vscode\extensions\redhat.java-1.44.0-win32-x64\jre\21.0.8-win32-x86_64\bin\net.dll
Event: 0.135 Loaded shared library C:\Users\PHONG\.vscode\extensions\redhat.java-1.44.0-win32-x64\jre\21.0.8-win32-x86_64\bin\nio.dll
Event: 0.141 Loaded shared library C:\Users\PHONG\.vscode\extensions\redhat.java-1.44.0-win32-x64\jre\21.0.8-win32-x86_64\bin\zip.dll
Event: 0.162 Loaded shared library C:\Users\PHONG\.vscode\extensions\redhat.java-1.44.0-win32-x64\jre\21.0.8-win32-x86_64\bin\jimage.dll
Event: 0.275 Loaded shared library c:\Users\PHONG\.vscode\extensions\redhat.java-1.44.0-win32-x64\jre\21.0.8-win32-x86_64\bin\verify.dll
Event: 2.537 Loaded shared library C:\Users\PHONG\AppData\Roaming\Code\User\globalStorage\redhat.java\1.44.0\config_win\org.eclipse.equinox.launcher\org.eclipse.equinox.launcher.win32.win32.x86_64_1.2.1400.v20250730-1736\eclipse_11913.dll
Event: 3.925 Loaded shared library C:\Users\PHONG\AppData\Local\Temp\jna-76105040\jna18235923746715753702.dll
Event: 33.362 Loaded shared library C:\Users\PHONG\.vscode\extensions\redhat.java-1.44.0-win32-x64\jre\21.0.8-win32-x86_64\bin\sunmscapi.dll

Deoptimization events (20 events):
Event: 2034.983 Thread 0x000001eda8df55b0 Uncommon trap: trap_request=0xffffffbe fr.pc=0x000001ed48769558 relative=0x0000000000000e38
Event: 2034.983 Thread 0x000001eda8df55b0 Uncommon trap: reason=profile_predicate action=maybe_recompile pc=0x000001ed48769558 method=java.io.DataOutputStream.writeUTF(Ljava/lang/String;Ljava/io/DataOutput;)I @ 168 c2
Event: 2034.983 Thread 0x000001eda8df55b0 DEOPT PACKING pc=0x000001ed48769558 sp=0x000000d58a6fe5c0
Event: 2034.983 Thread 0x000001eda8df55b0 DEOPT UNPACKING pc=0x000001ed47983aa2 sp=0x000000d58a6fe588 mode 2
Event: 2034.983 Thread 0x000001eda8df55b0 Uncommon trap: trap_request=0xffffffde fr.pc=0x000001ed48ec3df4 relative=0x0000000000000a14
Event: 2034.983 Thread 0x000001eda8df55b0 Uncommon trap: reason=class_check action=maybe_recompile pc=0x000001ed48ec3df4 method=java.io.DataOutputStream.write([BII)V @ 7 c2
Event: 2034.984 Thread 0x000001eda8df55b0 DEOPT PACKING pc=0x000001ed48ec3df4 sp=0x000000d58a6fe5d0
Event: 2034.984 Thread 0x000001eda8df55b0 DEOPT UNPACKING pc=0x000001ed47983aa2 sp=0x000000d58a6fe4f0 mode 2
Event: 2034.984 Thread 0x000001eda8df55b0 Uncommon trap: trap_request=0xffffffde fr.pc=0x000001ed48ec3df4 relative=0x0000000000000a14
Event: 2034.984 Thread 0x000001eda8df55b0 Uncommon trap: reason=class_check action=maybe_recompile pc=0x000001ed48ec3df4 method=java.io.DataOutputStream.write([BII)V @ 7 c2
Event: 2034.984 Thread 0x000001eda8df55b0 DEOPT PACKING pc=0x000001ed48ec3df4 sp=0x000000d58a6fe5d0
Event: 2034.984 Thread 0x000001eda8df55b0 DEOPT UNPACKING pc=0x000001ed47983aa2 sp=0x000000d58a6fe4f0 mode 2
Event: 2034.984 Thread 0x000001eda8df55b0 Uncommon trap: trap_request=0xffffffbe fr.pc=0x000001ed48769558 relative=0x0000000000000e38
Event: 2034.984 Thread 0x000001eda8df55b0 Uncommon trap: reason=profile_predicate action=maybe_recompile pc=0x000001ed48769558 method=java.io.DataOutputStream.writeUTF(Ljava/lang/String;Ljava/io/DataOutput;)I @ 168 c2
Event: 2034.984 Thread 0x000001eda8df55b0 DEOPT PACKING pc=0x000001ed48769558 sp=0x000000d58a6fe720
Event: 2034.985 Thread 0x000001eda8df55b0 DEOPT UNPACKING pc=0x000001ed47983aa2 sp=0x000000d58a6fe6e8 mode 2
Event: 2034.985 Thread 0x000001eda8df55b0 Uncommon trap: trap_request=0xffffffde fr.pc=0x000001ed48ec3df4 relative=0x0000000000000a14
Event: 2034.986 Thread 0x000001eda8df55b0 Uncommon trap: reason=class_check action=maybe_recompile pc=0x000001ed48ec3df4 method=java.io.DataOutputStream.write([BII)V @ 7 c2
Event: 2034.986 Thread 0x000001eda8df55b0 DEOPT PACKING pc=0x000001ed48ec3df4 sp=0x000000d58a6fe730
Event: 2034.986 Thread 0x000001eda8df55b0 DEOPT UNPACKING pc=0x000001ed47983aa2 sp=0x000000d58a6fe650 mode 2

Classes loaded (20 events):
Event: 691.156 Loading class jdk/internal/module/IllegalAccessLogger
Event: 691.156 Loading class jdk/internal/module/IllegalAccessLogger done
Event: 694.171 Loading class jdk/internal/module/IllegalAccessLogger
Event: 694.171 Loading class jdk/internal/module/IllegalAccessLogger done
Event: 741.073 Loading class jdk/internal/module/IllegalAccessLogger
Event: 741.074 Loading class jdk/internal/module/IllegalAccessLogger done
Event: 783.253 Loading class java/util/stream/ReferencePipeline$15
Event: 783.258 Loading class java/util/stream/ReferencePipeline$15 done
Event: 783.264 Loading class java/util/stream/ReferencePipeline$15$1
Event: 783.267 Loading class java/util/stream/ReferencePipeline$15$1 done
Event: 784.340 Loading class jdk/internal/module/IllegalAccessLogger
Event: 784.340 Loading class jdk/internal/module/IllegalAccessLogger done
Event: 942.454 Loading class java/util/concurrent/ConcurrentHashMap$TreeNode
Event: 942.457 Loading class java/util/concurrent/ConcurrentHashMap$TreeNode done
Event: 942.486 Loading class java/util/concurrent/ConcurrentHashMap$TreeBin
Event: 942.491 Loading class java/util/concurrent/ConcurrentHashMap$TreeBin done
Event: 1604.060 Loading class java/nio/channels/CompletionHandler
Event: 1604.077 Loading class java/nio/channels/CompletionHandler done
Event: 1735.396 Loading class jdk/internal/module/IllegalAccessLogger
Event: 1735.397 Loading class jdk/internal/module/IllegalAccessLogger done

Classes unloaded (11 events):
Event: 4.563 Thread 0x000001ed3d284c20 Unloading class 0x000001ed551a7000 'java/lang/invoke/LambdaForm$MH+0x000001ed551a7000'
Event: 4.563 Thread 0x000001ed3d284c20 Unloading class 0x000001ed551a6c00 'java/lang/invoke/LambdaForm$MH+0x000001ed551a6c00'
Event: 4.563 Thread 0x000001ed3d284c20 Unloading class 0x000001ed551a6800 'java/lang/invoke/LambdaForm$MH+0x000001ed551a6800'
Event: 4.563 Thread 0x000001ed3d284c20 Unloading class 0x000001ed551a6400 'java/lang/invoke/LambdaForm$MH+0x000001ed551a6400'
Event: 4.563 Thread 0x000001ed3d284c20 Unloading class 0x000001ed551a6000 'java/lang/invoke/LambdaForm$BMH+0x000001ed551a6000'
Event: 4.563 Thread 0x000001ed3d284c20 Unloading class 0x000001ed551a5c00 'java/lang/invoke/LambdaForm$DMH+0x000001ed551a5c00'
Event: 4.563 Thread 0x000001ed3d284c20 Unloading class 0x000001ed551a4800 'java/lang/invoke/LambdaForm$DMH+0x000001ed551a4800'
Event: 24.254 Thread 0x000001ed3d284c20 Unloading class 0x000001ed557c9800 'java/lang/invoke/LambdaForm$DMH+0x000001ed557c9800'
Event: 24.254 Thread 0x000001ed3d284c20 Unloading class 0x000001ed557c9400 'java/lang/invoke/LambdaForm$DMH+0x000001ed557c9400'
Event: 24.254 Thread 0x000001ed3d284c20 Unloading class 0x000001ed557c9000 'java/lang/invoke/LambdaForm$DMH+0x000001ed557c9000'
Event: 24.254 Thread 0x000001ed3d284c20 Unloading class 0x000001ed557c8c00 'java/lang/invoke/LambdaForm$DMH+0x000001ed557c8c00'

Classes redefined (0 events):
No events

Internal exceptions (20 events):
Event: 784.695 Thread 0x000001eda8df5c40 Implicit null exception at 0x000001ed498edc88 to 0x000001ed498efb0c
Event: 784.696 Thread 0x000001eda8df5c40 Implicit null exception at 0x000001ed498eb958 to 0x000001ed498ec0b0
Event: 784.725 Thread 0x000001eda8df5c40 Implicit null exception at 0x000001ed48666358 to 0x000001ed486665fc
Event: 785.019 Thread 0x000001ed9cd39380 Exception <a 'sun/nio/fs/WindowsException'{0x00000000d5d5b860}> (0x00000000d5d5b860) 
thrown [s\src\hotspot\share\prims\jni.cpp, line 520]
Event: 785.303 Thread 0x000001ed9cd39380 Exception <a 'sun/nio/fs/WindowsException'{0x00000000d5672db0}> (0x00000000d5672db0) 
thrown [s\src\hotspot\share\prims\jni.cpp, line 520]
Event: 942.047 Thread 0x000001ed9f8f0e90 Implicit null exception at 0x000001ed49906e5c to 0x000001ed499076e4
Event: 942.057 Thread 0x000001ed9f8f0e90 Implicit null exception at 0x000001ed49245de8 to 0x000001ed4924a8c0
Event: 943.249 Thread 0x000001ed9f8eda10 Exception <a 'java/lang/NoSuchMethodError'{0x00000000d5b01fa0}: 'int java.lang.invoke.DirectMethodHandle$Holder.invokeVirtual(java.lang.Object, java.lang.Object, java.lang.Object, int)'> (0x00000000d5b01fa0) 
thrown [s\src\hotspot\share\interpreter\linkResolver.cpp, line 773]
Event: 943.294 Thread 0x000001ed9f8eda10 Exception <a 'java/lang/NoSuchMethodError'{0x00000000d5b76de8}: 'void java.lang.invoke.DirectMethodHandle$Holder.invokeSpecial(java.lang.Object, java.lang.Object, int)'> (0x00000000d5b76de8) 
thrown [s\src\hotspot\share\interpreter\linkResolver.cpp, line 773]
Event: 983.980 Thread 0x000001ed9f8eedc0 Exception <a 'java/lang/ArrayIndexOutOfBoundsException'{0x00000000d58f3098}> (0x00000000d58f3098) 
thrown [s\src\hotspot\share\runtime\sharedRuntime.cpp, line 625]
Event: 988.751 Thread 0x000001ed9f8f4310 Exception <a 'java/lang/NoSuchMethodError'{0x00000000d5f13720}: 'java.lang.Object java.lang.invoke.DirectMethodHandle$Holder.invokeStaticInit(java.lang.Object, java.lang.Object, java.lang.Object)'> (0x00000000d5f13720) 
thrown [s\src\hotspot\share\interpreter\linkResolver.cpp, line 773]
Event: 988.848 Thread 0x000001ed9f8f4310 Implicit null exception at 0x000001ed493dd743 to 0x000001ed493ddb90
Event: 989.288 Thread 0x000001ed9f8f4310 Implicit null exception at 0x000001ed484a08d1 to 0x000001ed484a3a0c
Event: 989.295 Thread 0x000001ed9f8f4310 Implicit null exception at 0x000001ed48a5a2ef to 0x000001ed48a69d28
Event: 1206.535 Thread 0x000001ed9f8efae0 Implicit null exception at 0x000001ed497d7bfa to 0x000001ed497d7dbc
Event: 1735.569 Thread 0x000001ed9cd39380 Exception <a 'sun/nio/fs/WindowsException'{0x00000000d56cbf78}> (0x00000000d56cbf78) 
thrown [s\src\hotspot\share\prims\jni.cpp, line 520]
Event: 1735.979 Thread 0x000001ed9cd39380 Exception <a 'sun/nio/fs/WindowsException'{0x00000000d564e400}> (0x00000000d564e400) 
thrown [s\src\hotspot\share\prims\jni.cpp, line 520]
Event: 1736.395 Thread 0x000001ed9ef95020 Implicit null exception at 0x000001ed48fd20a7 to 0x000001ed48fd3140
Event: 1736.414 Thread 0x000001ed9ef95020 Implicit null exception at 0x000001ed49929c10 to 0x000001ed49929ec4
Event: 1736.439 Thread 0x000001ed9ef95020 Implicit null exception at 0x000001ed4874cc9b to 0x000001ed4874d538

ZGC Phase Switch (0 events):
No events

VM Operations (20 events):
Event: 2044.037 Executing VM operation: HandshakeAllThreads (HandshakeForDeflation)
Event: 2044.038 Executing VM operation: HandshakeAllThreads (HandshakeForDeflation) done
Event: 2044.038 Executing VM operation: RendezvousGCThreads
Event: 2044.038 Executing VM operation: RendezvousGCThreads done
Event: 2104.166 Executing VM operation: HandshakeAllThreads (HandshakeForDeflation)
Event: 2104.181 Executing VM operation: HandshakeAllThreads (HandshakeForDeflation) done
Event: 2104.181 Executing VM operation: RendezvousGCThreads
Event: 2104.181 Executing VM operation: RendezvousGCThreads done
Event: 2284.336 Executing VM operation: HandshakeAllThreads (HandshakeForDeflation)
Event: 2284.337 Executing VM operation: HandshakeAllThreads (HandshakeForDeflation) done
Event: 2284.337 Executing VM operation: RendezvousGCThreads
Event: 2284.337 Executing VM operation: RendezvousGCThreads done
Event: 2344.539 Executing VM operation: HandshakeAllThreads (HandshakeForDeflation)
Event: 2344.540 Executing VM operation: HandshakeAllThreads (HandshakeForDeflation) done
Event: 2344.540 Executing VM operation: RendezvousGCThreads
Event: 2344.540 Executing VM operation: RendezvousGCThreads done
Event: 2464.737 Executing VM operation: HandshakeAllThreads (HandshakeForDeflation)
Event: 2464.738 Executing VM operation: HandshakeAllThreads (HandshakeForDeflation) done
Event: 2464.738 Executing VM operation: RendezvousGCThreads
Event: 2464.738 Executing VM operation: RendezvousGCThreads done

Memory protections (0 events):
No events

Nmethod flushes (20 events):
Event: 1482.620 Thread 0x000001ed3d284c20 flushing  nmethod 0x000001ed439f5d10
Event: 1482.620 Thread 0x000001ed3d284c20 flushing  nmethod 0x000001ed43a1f110
Event: 1482.620 Thread 0x000001ed3d284c20 flushing  nmethod 0x000001ed43a50d10
Event: 1482.620 Thread 0x000001ed3d284c20 flushing  nmethod 0x000001ed43a55210
Event: 1482.620 Thread 0x000001ed3d284c20 flushing  nmethod 0x000001ed43a55c90
Event: 1482.620 Thread 0x000001ed3d284c20 flushing  nmethod 0x000001ed43a56e90
Event: 1482.620 Thread 0x000001ed3d284c20 flushing  nmethod 0x000001ed43a5d690
Event: 1482.620 Thread 0x000001ed3d284c20 flushing  nmethod 0x000001ed43a5e910
Event: 1482.620 Thread 0x000001ed3d284c20 flushing  nmethod 0x000001ed43a69f10
Event: 1482.620 Thread 0x000001ed3d284c20 flushing osr nmethod 0x000001ed43a6ab90
Event: 1482.621 Thread 0x000001ed3d284c20 flushing  nmethod 0x000001ed43a89790
Event: 1482.621 Thread 0x000001ed3d284c20 flushing  nmethod 0x000001ed43a92010
Event: 1482.621 Thread 0x000001ed3d284c20 flushing  nmethod 0x000001ed43a96a10
Event: 1482.621 Thread 0x000001ed3d284c20 flushing  nmethod 0x000001ed43a99310
Event: 1482.622 Thread 0x000001ed3d284c20 flushing  nmethod 0x000001ed43aaea10
Event: 1482.622 Thread 0x000001ed3d284c20 flushing  nmethod 0x000001ed43accd10
Event: 1482.622 Thread 0x000001ed3d284c20 flushing  nmethod 0x000001ed43adaa90
Event: 1482.622 Thread 0x000001ed3d284c20 flushing  nmethod 0x000001ed43b08810
Event: 1482.622 Thread 0x000001ed3d284c20 flushing  nmethod 0x000001ed43b46e10
Event: 1482.622 Thread 0x000001ed3d284c20 flushing osr nmethod 0x000001ed43b5e810

Events (20 events):
Event: 2035.797 Thread 0x000001ed9e617ec0 Thread exited: 0x000001ed9e617ec0
Event: 2035.797 Thread 0x000001ed9e619900 Thread exited: 0x000001ed9e619900
Event: 2035.797 Thread 0x000001ed9ef92230 Thread exited: 0x000001ed9ef92230
Event: 2035.797 Thread 0x000001ed9e61c060 Thread exited: 0x000001ed9e61c060
Event: 2035.797 Thread 0x000001ed9e61b340 Thread exited: 0x000001ed9e61b340
Event: 2035.797 Thread 0x000001ed9e618be0 Thread exited: 0x000001ed9e618be0
Event: 2035.797 Thread 0x000001ed9e61b9d0 Thread exited: 0x000001ed9e61b9d0
Event: 2035.797 Thread 0x000001ed9e61acb0 Thread exited: 0x000001ed9e61acb0
Event: 2035.798 Thread 0x000001ed9ef93c70 Thread exited: 0x000001ed9ef93c70
Event: 2035.798 Thread 0x000001ed9e619f90 Thread exited: 0x000001ed9e619f90
Event: 2040.464 Thread 0x000001ed9c6a77c0 Thread exited: 0x000001ed9c6a77c0
Event: 2081.794 Thread 0x000001ed9f8eedc0 Thread exited: 0x000001ed9f8eedc0
Event: 2141.794 Thread 0x000001ed9ef94300 Thread exited: 0x000001ed9ef94300
Event: 2201.813 Thread 0x000001ed9e281b20 Thread exited: 0x000001ed9e281b20
Event: 2261.820 Thread 0x000001ed9f8ef450 Thread exited: 0x000001ed9f8ef450
Event: 2321.830 Thread 0x000001eda8df6ff0 Thread exited: 0x000001eda8df6ff0
Event: 2381.834 Thread 0x000001ed9ef90160 Thread exited: 0x000001ed9ef90160
Event: 2441.845 Thread 0x000001ed9f8f1520 Thread exited: 0x000001ed9f8f1520
Event: 2501.849 Thread 0x000001ed9f8f0e90 Thread exited: 0x000001ed9f8f0e90
Event: 2561.865 Thread 0x000001ed9ef91510 Thread exited: 0x000001ed9ef91510


Dynamic libraries:
0x00007ff606ee0000 - 0x00007ff606eee000 	c:\Users\PHONG\.vscode\extensions\redhat.java-1.44.0-win32-x64\jre\21.0.8-win32-x86_64\bin\java.exe
0x00007ffc6b640000 - 0x00007ffc6b8a7000 	C:\WINDOWS\SYSTEM32\ntdll.dll
0x00007ffc69f90000 - 0x00007ffc6a059000 	C:\WINDOWS\System32\KERNEL32.DLL
0x00007ffc68fd0000 - 0x00007ffc693c0000 	C:\WINDOWS\System32\KERNELBASE.dll
0x00007ffc65730000 - 0x00007ffc657ce000 	C:\WINDOWS\SYSTEM32\apphelp.dll
0x00007ffc68b90000 - 0x00007ffc68cdb000 	C:\WINDOWS\System32\ucrtbase.dll
0x00007ffc507e0000 - 0x00007ffc507f8000 	c:\Users\PHONG\.vscode\extensions\redhat.java-1.44.0-win32-x64\jre\21.0.8-win32-x86_64\bin\jli.dll
0x00007ffc50c80000 - 0x00007ffc50c9e000 	c:\Users\PHONG\.vscode\extensions\redhat.java-1.44.0-win32-x64\jre\21.0.8-win32-x86_64\bin\VCRUNTIME140.dll
0x00007ffc6ae00000 - 0x00007ffc6afc5000 	C:\WINDOWS\System32\USER32.dll
0x00007ffc538f0000 - 0x00007ffc53b8a000 	C:\WINDOWS\WinSxS\amd64_microsoft.windows.common-controls_6595b64144ccf1df_6.0.26100.4768_none_3e0c112ce331287c\COMCTL32.dll
0x00007ffc68ce0000 - 0x00007ffc68d07000 	C:\WINDOWS\System32\win32u.dll
0x00007ffc69910000 - 0x00007ffc699b9000 	C:\WINDOWS\System32\msvcrt.dll
0x00007ffc6b260000 - 0x00007ffc6b28b000 	C:\WINDOWS\System32\GDI32.dll
0x00007ffc688d0000 - 0x00007ffc68a08000 	C:\WINDOWS\System32\gdi32full.dll
0x00007ffc68d10000 - 0x00007ffc68db3000 	C:\WINDOWS\System32\msvcp_win.dll
0x00007ffc6a840000 - 0x00007ffc6a86f000 	C:\WINDOWS\System32\IMM32.DLL
0x00007ffc53b90000 - 0x00007ffc53b9c000 	c:\Users\PHONG\.vscode\extensions\redhat.java-1.44.0-win32-x64\jre\21.0.8-win32-x86_64\bin\vcruntime140_1.dll
0x00007ffc0d260000 - 0x00007ffc0d2ed000 	c:\Users\PHONG\.vscode\extensions\redhat.java-1.44.0-win32-x64\jre\21.0.8-win32-x86_64\bin\msvcp140.dll
0x00007ffbd10e0000 - 0x00007ffbd1e77000 	c:\Users\PHONG\.vscode\extensions\redhat.java-1.44.0-win32-x64\jre\21.0.8-win32-x86_64\bin\server\jvm.dll
0x00007ffc6aa70000 - 0x00007ffc6ab24000 	C:\WINDOWS\System32\ADVAPI32.dll
0x00007ffc693d0000 - 0x00007ffc69476000 	C:\WINDOWS\System32\sechost.dll
0x00007ffc6b450000 - 0x00007ffc6b568000 	C:\WINDOWS\System32\RPCRT4.dll
0x00007ffc6a7b0000 - 0x00007ffc6a824000 	C:\WINDOWS\System32\WS2_32.dll
0x00007ffc685d0000 - 0x00007ffc6862e000 	C:\WINDOWS\SYSTEM32\POWRPROF.dll
0x00007ffc5b240000 - 0x00007ffc5b275000 	C:\WINDOWS\SYSTEM32\WINMM.dll
0x00007ffc60960000 - 0x00007ffc6096b000 	C:\WINDOWS\SYSTEM32\VERSION.dll
0x00007ffc685b0000 - 0x00007ffc685c4000 	C:\WINDOWS\SYSTEM32\UMPDC.dll
0x00007ffc674b0000 - 0x00007ffc674cb000 	C:\WINDOWS\SYSTEM32\kernel.appcore.dll
0x00007ffc51160000 - 0x00007ffc5116a000 	c:\Users\PHONG\.vscode\extensions\redhat.java-1.44.0-win32-x64\jre\21.0.8-win32-x86_64\bin\jimage.dll
0x00007ffc584d0000 - 0x00007ffc58711000 	C:\WINDOWS\SYSTEM32\DBGHELP.DLL
0x00007ffc699c0000 - 0x00007ffc69d45000 	C:\WINDOWS\System32\combase.dll
0x00007ffc6ad10000 - 0x00007ffc6adf0000 	C:\WINDOWS\System32\OLEAUT32.dll
0x00007ffc496e0000 - 0x00007ffc49723000 	C:\WINDOWS\SYSTEM32\dbgcore.DLL
0x00007ffc68770000 - 0x00007ffc68809000 	C:\WINDOWS\System32\bcryptPrimitives.dll
0x00007ffc50b20000 - 0x00007ffc50b2f000 	c:\Users\PHONG\.vscode\extensions\redhat.java-1.44.0-win32-x64\jre\21.0.8-win32-x86_64\bin\instrument.dll
0x00007ffc507c0000 - 0x00007ffc507df000 	c:\Users\PHONG\.vscode\extensions\redhat.java-1.44.0-win32-x64\jre\21.0.8-win32-x86_64\bin\java.dll
0x00007ffc6a060000 - 0x00007ffc6a7ad000 	C:\WINDOWS\System32\SHELL32.dll
0x00007ffc68a10000 - 0x00007ffc68b83000 	C:\WINDOWS\System32\wintypes.dll
0x00007ffc66310000 - 0x00007ffc66b70000 	C:\WINDOWS\SYSTEM32\windows.storage.dll
0x00007ffc6b340000 - 0x00007ffc6b435000 	C:\WINDOWS\System32\SHCORE.dll
0x00007ffc6afd0000 - 0x00007ffc6b03a000 	C:\WINDOWS\System32\shlwapi.dll
0x00007ffc68690000 - 0x00007ffc686b9000 	C:\WINDOWS\SYSTEM32\profapi.dll
0x00007ffc4eb70000 - 0x00007ffc4eb88000 	c:\Users\PHONG\.vscode\extensions\redhat.java-1.44.0-win32-x64\jre\21.0.8-win32-x86_64\bin\zip.dll
0x00007ffc507b0000 - 0x00007ffc507c0000 	C:\Users\PHONG\.vscode\extensions\redhat.java-1.44.0-win32-x64\jre\21.0.8-win32-x86_64\bin\net.dll
0x00007ffc61130000 - 0x00007ffc6124e000 	C:\WINDOWS\SYSTEM32\WINHTTP.dll
0x00007ffc67a20000 - 0x00007ffc67a8b000 	C:\WINDOWS\system32\mswsock.dll
0x00007ffc4e210000 - 0x00007ffc4e226000 	C:\Users\PHONG\.vscode\extensions\redhat.java-1.44.0-win32-x64\jre\21.0.8-win32-x86_64\bin\nio.dll
0x00007ffc502c0000 - 0x00007ffc502d0000 	c:\Users\PHONG\.vscode\extensions\redhat.java-1.44.0-win32-x64\jre\21.0.8-win32-x86_64\bin\verify.dll
0x00007ffc50a00000 - 0x00007ffc50a45000 	C:\Users\PHONG\AppData\Roaming\Code\User\globalStorage\redhat.java\1.44.0\config_win\org.eclipse.equinox.launcher\org.eclipse.equinox.launcher.win32.win32.x86_64_1.2.1400.v20250730-1736\eclipse_11913.dll
0x00007ffc6b040000 - 0x00007ffc6b1e0000 	C:\WINDOWS\System32\ole32.dll
0x00007ffc67e00000 - 0x00007ffc67e1b000 	C:\WINDOWS\SYSTEM32\CRYPTSP.dll
0x00007ffc67410000 - 0x00007ffc6744b000 	C:\WINDOWS\system32\rsaenh.dll
0x00007ffc67ac0000 - 0x00007ffc67aeb000 	C:\WINDOWS\SYSTEM32\USERENV.dll
0x00007ffc68660000 - 0x00007ffc68686000 	C:\WINDOWS\SYSTEM32\bcrypt.dll
0x00007ffc67de0000 - 0x00007ffc67dec000 	C:\WINDOWS\SYSTEM32\CRYPTBASE.dll
0x00007ffc66f50000 - 0x00007ffc66f83000 	C:\WINDOWS\SYSTEM32\IPHLPAPI.DLL
0x00007ffc6b250000 - 0x00007ffc6b25a000 	C:\WINDOWS\System32\NSI.dll
0x00007ffc4e470000 - 0x00007ffc4e4b9000 	C:\Users\PHONG\AppData\Local\Temp\jna-76105040\jna18235923746715753702.dll
0x00007ffc6a830000 - 0x00007ffc6a838000 	C:\WINDOWS\System32\PSAPI.DLL
0x00007ffc61c50000 - 0x00007ffc61c6f000 	C:\WINDOWS\SYSTEM32\dhcpcsvc6.DLL
0x00007ffc61b70000 - 0x00007ffc61b95000 	C:\WINDOWS\SYSTEM32\dhcpcsvc.DLL
0x00007ffc675e0000 - 0x00007ffc67616000 	C:\WINDOWS\SYSTEM32\ntmarta.dll
0x00007ffc53c20000 - 0x00007ffc53c2e000 	C:\Users\PHONG\.vscode\extensions\redhat.java-1.44.0-win32-x64\jre\21.0.8-win32-x86_64\bin\sunmscapi.dll
0x00007ffc68dc0000 - 0x00007ffc68f37000 	C:\WINDOWS\System32\CRYPT32.dll
0x00007ffc67f60000 - 0x00007ffc67f90000 	C:\WINDOWS\SYSTEM32\ncrypt.dll
0x00007ffc67f10000 - 0x00007ffc67f4f000 	C:\WINDOWS\SYSTEM32\NTASN1.dll

JVMTI agents:
c:\Users\PHONG\.vscode\extensions\redhat.java-1.44.0-win32-x64\lombok\lombok-1.18.39-4050.jar path:c:\Users\PHONG\.vscode\extensions\redhat.java-1.44.0-win32-x64\jre\21.0.8-win32-x86_64\bin\instrument.dll, loaded, initialized, instrumentlib options:none

dbghelp: loaded successfully - version: 4.0.5 - missing functions: none
symbol engine: initialized successfully - sym options: 0x614 - pdb path: .;c:\Users\PHONG\.vscode\extensions\redhat.java-1.44.0-win32-x64\jre\21.0.8-win32-x86_64\bin;C:\WINDOWS\SYSTEM32;C:\WINDOWS\WinSxS\amd64_microsoft.windows.common-controls_6595b64144ccf1df_6.0.26100.4768_none_3e0c112ce331287c;c:\Users\PHONG\.vscode\extensions\redhat.java-1.44.0-win32-x64\jre\21.0.8-win32-x86_64\bin\server;C:\Users\PHONG\AppData\Roaming\Code\User\globalStorage\redhat.java\1.44.0\config_win\org.eclipse.equinox.launcher\org.eclipse.equinox.launcher.win32.win32.x86_64_1.2.1400.v20250730-1736;C:\Users\PHONG\AppData\Local\Temp\jna-76105040

VM Arguments:
jvm_args: --add-modules=ALL-SYSTEM --add-opens=java.base/java.util=ALL-UNNAMED --add-opens=java.base/java.lang=ALL-UNNAMED --add-opens=java.base/sun.nio.fs=ALL-UNNAMED -Declipse.application=org.eclipse.jdt.ls.core.id1 -Dosgi.bundles.defaultStartLevel=4 -Declipse.product=org.eclipse.jdt.ls.core.product -Djava.import.generatesMetadataFilesAtProjectRoot=false -DDetectVMInstallationsJob.disabled=true -Dfile.encoding=utf8 -XX:+UseParallelGC -XX:GCTimeRatio=4 -XX:AdaptiveSizePolicyWeight=90 -Dsun.zip.disableMemoryMapping=true -Xmx2G -Xms100m -Xlog:disable -javaagent:c:\Users\PHONG\.vscode\extensions\redhat.java-1.44.0-win32-x64\lombok\lombok-1.18.39-4050.jar -XX:+HeapDumpOnOutOfMemoryError -XX:HeapDumpPath=c:\Users\PHONG\AppData\Roaming\Code\User\workspaceStorage\0b8d90799894e66a5c234ba1ff12f555\redhat.java -Daether.dependencyCollector.impl=bf 
java_command: c:\Users\PHONG\.vscode\extensions\redhat.java-1.44.0-win32-x64\server\plugins\org.eclipse.equinox.launcher_1.7.0.v20250519-0528.jar -configuration c:\Users\PHONG\AppData\Roaming\Code\User\globalStorage\redhat.java\1.44.0\config_win -data c:\Users\PHONG\AppData\Roaming\Code\User\workspaceStorage\0b8d90799894e66a5c234ba1ff12f555\redhat.java\jdt_ws --pipe=\\.\pipe\lsp-ac66a199c825c466586ccb00c70b026b-sock
java_class_path (initial): c:\Users\PHONG\.vscode\extensions\redhat.java-1.44.0-win32-x64\server\plugins\org.eclipse.equinox.launcher_1.7.0.v20250519-0528.jar
Launcher Type: SUN_STANDARD

[Global flags]
    uintx AdaptiveSizePolicyWeight                 = 90                                        {product} {command line}
     intx CICompilerCount                          = 12                                        {product} {ergonomic}
    uintx GCTimeRatio                              = 4                                         {product} {command line}
     bool HeapDumpOnOutOfMemoryError               = true                                   {manageable} {command line}
    ccstr HeapDumpPath                             = c:\Users\PHONG\AppData\Roaming\Code\User\workspaceStorage\0b8d90799894e66a5c234ba1ff12f555\redhat.java         {manageable} {command line}
   size_t InitialHeapSize                          = 104857600                                 {product} {command line}
   size_t MaxHeapSize                              = 2147483648                                {product} {command line}
   size_t MaxNewSize                               = 715653120                                 {product} {ergonomic}
   size_t MinHeapDeltaBytes                        = 524288                                    {product} {ergonomic}
   size_t MinHeapSize                              = 104857600                                 {product} {command line}
   size_t NewSize                                  = 34603008                                  {product} {ergonomic}
    uintx NonNMethodCodeHeapSize                   = 7602480                                {pd product} {ergonomic}
    uintx NonProfiledCodeHeapSize                  = 122027880                              {pd product} {ergonomic}
   size_t OldSize                                  = 70254592                                  {product} {ergonomic}
    uintx ProfiledCodeHeapSize                     = 122027880                              {pd product} {ergonomic}
    uintx ReservedCodeCacheSize                    = 251658240                              {pd product} {ergonomic}
     bool SegmentedCodeCache                       = true                                      {product} {ergonomic}
   size_t SoftMaxHeapSize                          = 2147483648                             {manageable} {ergonomic}
     bool UseCompressedOops                        = true                           {product lp64_product} {ergonomic}
     bool UseLargePagesIndividualAllocation        = false                                  {pd product} {ergonomic}
     bool UseParallelGC                            = true                                      {product} {command line}

Logging:
Log output configuration:
 #0: stdout all=off uptime,level,tags foldmultilines=false
 #1: stderr all=off uptime,level,tags foldmultilines=false

Environment Variables:
PATH=C:\Program Files\Common Files\Oracle\Java\javapath;C:\WINDOWS\system32;C:\WINDOWS;C:\WINDOWS\System32\Wbem;C:\WINDOWS\System32\WindowsPowerShell\v1.0\;C:\WINDOWS\System32\OpenSSH\;C:\Program Files (x86)\Microsoft SQL Server\150\DTS\Binn\;C:\Program Files\Microsoft SQL Server\150\DTS\Binn\;C:\Program Files\Microsoft SQL Server\Client SDK\ODBC\170\Tools\Binn\;C:\Program Files (x86)\Microsoft SQL Server\150\Tools\Binn\;C:\Program Files\Microsoft SQL Server\150\Tools\Binn\;C:\Program Files (x86)\Microsoft SQL Server\160\DTS\Binn\;C:\Program Files\Azure Data Studio\bin;C:\Program Files\Git\cmd;C:\Program Files\nodejs\;C:\Program Files\Docker\Docker\resources\bin;C:\Program Files\Cloudflare\Cloudflare WARP\;C:\Program Files\dotnet\;C:\Users\PHONG\AppData\Local\Microsoft\WindowsApps;;C:\Program Files\JetBrains\IntelliJ IDEA 2024.3.1\bin;;C:\Program Files\Azure Data Studio\bin;C:\Users\PHONG\AppData\Local\Programs\Microsoft VS Code\bin;C:\Users\PHONG\AppData\Roaming\npm;C:\Users\PHONG\AppData\Local\Programs\Azure Data Studio\bin;C:\Users\PHONG\AppData\Local\Programs\cursor\resources\app\bin;C:\Users\PHONG\.dotnet\tools
USERNAME=PHONG
OS=Windows_NT
PROCESSOR_IDENTIFIER=AMD64 Family 25 Model 68 Stepping 1, AuthenticAMD
TMP=C:\Users\PHONG\AppData\Local\Temp
TEMP=C:\Users\PHONG\AppData\Local\Temp




Periodic native trim disabled

---------------  S Y S T E M  ---------------

OS:
 Windows 11 , 64 bit Build 26100 (10.0.26100.4768)
OS uptime: 0 days 18:14 hours
Hyper-V role detected

CPU: total 16 (initial active 16) (16 cores per cpu, 2 threads per core) family 25 model 68 stepping 1 microcode 0xa404107, cx8, cmov, fxsr, ht, mmx, 3dnowpref, sse, sse2, sse3, ssse3, sse4a, sse4.1, sse4.2, popcnt, lzcnt, tsc, tscinvbit, avx, avx2, aes, erms, clmul, bmi1, bmi2, adx, sha, fma, vzeroupper, clflush, clflushopt, hv, rdtscp, rdpid, fsrm, f16c, cet_ss
Processor Information for processor 0
  Max Mhz: 3201, Current Mhz: 2566, Mhz Limit: 3201
Processor Information for processor 1
  Max Mhz: 3201, Current Mhz: 2566, Mhz Limit: 3201
Processor Information for processor 2
  Max Mhz: 3201, Current Mhz: 3201, Mhz Limit: 3201
Processor Information for processor 3
  Max Mhz: 3201, Current Mhz: 2566, Mhz Limit: 3201
Processor Information for processor 4
  Max Mhz: 3201, Current Mhz: 2566, Mhz Limit: 3201
Processor Information for processor 5
  Max Mhz: 3201, Current Mhz: 2566, Mhz Limit: 3201
Processor Information for processor 6
  Max Mhz: 3201, Current Mhz: 2566, Mhz Limit: 3201
Processor Information for processor 7
  Max Mhz: 3201, Current Mhz: 2566, Mhz Limit: 3201
Processor Information for processor 8
  Max Mhz: 3201, Current Mhz: 2566, Mhz Limit: 3201
Processor Information for processor 9
  Max Mhz: 3201, Current Mhz: 2566, Mhz Limit: 3201
Processor Information for processor 10
  Max Mhz: 3201, Current Mhz: 2566, Mhz Limit: 3201
Processor Information for processor 11
  Max Mhz: 3201, Current Mhz: 2566, Mhz Limit: 3201
Processor Information for processor 12
  Max Mhz: 3201, Current Mhz: 2566, Mhz Limit: 3201
Processor Information for processor 13
  Max Mhz: 3201, Current Mhz: 2566, Mhz Limit: 3201
Processor Information for processor 14
  Max Mhz: 3201, Current Mhz: 2566, Mhz Limit: 3201
Processor Information for processor 15
  Max Mhz: 3201, Current Mhz: 2566, Mhz Limit: 3201

Memory: 4k page, system-wide physical 7365M (607M free)
TotalPageFile size 29893M (AvailPageFile size 0M)
current process WorkingSet (physical memory assigned to process): 8M, peak: 950M
current process commit charge ("private bytes"): 1344M, peak: 1832M

vm_info: OpenJDK 64-Bit Server VM (21.0.8+9-LTS) for windows-amd64 JRE (21.0.8+9-LTS), built on 2025-07-15T00:00:00Z by "admin" with MS VC++ 17.7 (VS2022)

END.
