#
# There is insufficient memory for the Java Runtime Environment to continue.
# Native memory allocation (mmap) failed to map 236978176 bytes. Error detail: G1 virtual space
# Possible reasons:
#   The system is out of physical RAM or swap space
#   This process is running with CompressedOops enabled, and the Java Heap may be blocking the growth of the native heap
# Possible solutions:
#   Reduce memory load on the system
#   Increase physical memory or swap space
#   Check if swap backing store is full
#   Decrease Java heap size (-Xmx/-Xms)
#   Decrease number of Java threads
#   Decrease Java thread stack sizes (-Xss)
#   Set larger code cache with -XX:ReservedCodeCacheSize=
#   JVM is running with Unscaled Compressed Oops mode in which the Java heap is
#     placed in the first 4GB address space. The Java Heap base address is the
#     maximum limit for the native heap growth. Please use -XX:HeapBaseMinAddress
#     to set the Java Heap base and to place the Java Heap above 4GB virtual address.
# This output file may be truncated or incomplete.
#
#  Out of Memory Error (os_windows.cpp:3703), pid=9700, tid=10332
#
# JRE version: OpenJDK Runtime Environment (23.0.1+11) (build 23.0.1+11-39)
# Java VM: OpenJDK 64-Bit Server VM (23.0.1+11-39, mixed mode, emulated-client, sharing, tiered, compressed oops, compressed class ptrs, g1 gc, windows-amd64)
# No core dump will be written. Minidumps are not enabled by default on client versions of Windows
#

---------------  S U M M A R Y ------------

Command Line: -XX:TieredStopAtLevel=1 -Dspring.output.ansi.enabled=always -Dcom.sun.management.jmxremote -Dspring.jmx.enabled=true -Dspring.liveBeansView.mbeanDomain -Dspring.application.admin.enabled=true -Dmanagement.endpoints.jmx.exposure.include=* -javaagent:C:\Program Files\JetBrains\IntelliJ IDEA 2024.3.1\lib\idea_rt.jar=58762:C:\Program Files\JetBrains\IntelliJ IDEA 2024.3.1\bin -Dfile.encoding=UTF-8 -Dsun.stdout.encoding=UTF-8 -Dsun.stderr.encoding=UTF-8 org.datn.bookstation.BookStationApplication

Host: AMD Ryzen 7 6800H with Radeon Graphics         , 16 cores, 7G,  Windows 11 , 64 bit Build 26100 (10.0.26100.5074)
Time: Fri Sep  5 02:28:47 2025 SE Asia Standard Time elapsed time: 14.002305 seconds (0d 0h 0m 14s)

---------------  T H R E A D  ---------------

Current thread (0x00000180c5640a60):  VMThread "VM Thread"          [id=10332, stack(0x0000005aecb00000,0x0000005aecc00000) (1024K)]

Stack: [0x0000005aecb00000,0x0000005aecc00000]
Native frames: (J=compiled Java code, j=interpreted, Vv=VM code, C=native code)
V  [jvm.dll+0x6e08b9]  (no source info available)
V  [jvm.dll+0x87dc83]  (no source info available)
V  [jvm.dll+0x88010e]  (no source info available)
V  [jvm.dll+0x8807e3]  (no source info available)
V  [jvm.dll+0x27aee6]  (no source info available)
V  [jvm.dll+0x6dd1c5]  (no source info available)
V  [jvm.dll+0x6d104a]  (no source info available)
V  [jvm.dll+0x35b3ea]  (no source info available)
V  [jvm.dll+0x3637f6]  (no source info available)
V  [jvm.dll+0x34fd5e]  (no source info available)
V  [jvm.dll+0x34fff8]  (no source info available)
V  [jvm.dll+0x3289cc]  (no source info available)
V  [jvm.dll+0x328a5a]  (no source info available)
V  [jvm.dll+0x374c92]  (no source info available)
V  [jvm.dll+0x373392]  (no source info available)
V  [jvm.dll+0x3281a7]  (no source info available)
V  [jvm.dll+0x372b44]  (no source info available)
V  [jvm.dll+0x886720]  (no source info available)
V  [jvm.dll+0x887a47]  (no source info available)
V  [jvm.dll+0x887f78]  (no source info available)
V  [jvm.dll+0x888213]  (no source info available)
V  [jvm.dll+0x824f8b]  (no source info available)
V  [jvm.dll+0x6df065]  (no source info available)
C  [ucrtbase.dll+0x37b0]  (no source info available)
C  [KERNEL32.DLL+0x2e8d7]  (no source info available)
C  [ntdll.dll+0x8d9c]  (no source info available)

VM_Operation (0x0000005aec4f6940): G1CollectForAllocation, mode: safepoint, requested by thread 0x00000180b243c6d0


---------------  P R O C E S S  ---------------

Threads class SMR info:
_java_thread_list=0x000001810c4a47a0, length=25, elements={
0x00000180b243c6d0, 0x00000180c5657b80, 0x00000180c565a300, 0x00000180c565b540,
0x00000180c565dbc0, 0x00000180c5672840, 0x00000180c5673110, 0x00000180c5676c80,
0x00000180c56f83c0, 0x00000180c577ab90, 0x000001810b21b9f0, 0x000001810b23c070,
0x000001810b5a2c90, 0x000001810b5ac620, 0x000001810b628b90, 0x000001810b636600,
0x000001810bd87eb0, 0x000001810c42cfc0, 0x000001810c42c930, 0x000001810c42d650,
0x000001810c42a1d0, 0x000001810c42a860, 0x00000180c5792820, 0x000001810bf0c1f0,
0x000001810cfb2850
}

Java Threads: ( => current thread )
  0x00000180b243c6d0 JavaThread "main"                              [_thread_blocked, id=19432, stack(0x0000005aec400000,0x0000005aec500000) (1024K)]
  0x00000180c5657b80 JavaThread "Reference Handler"          daemon [_thread_blocked, id=19164, stack(0x0000005aecc00000,0x0000005aecd00000) (1024K)]
  0x00000180c565a300 JavaThread "Finalizer"                  daemon [_thread_blocked, id=14180, stack(0x0000005aecd00000,0x0000005aece00000) (1024K)]
  0x00000180c565b540 JavaThread "Signal Dispatcher"          daemon [_thread_blocked, id=9928, stack(0x0000005aece00000,0x0000005aecf00000) (1024K)]
  0x00000180c565dbc0 JavaThread "Attach Listener"            daemon [_thread_blocked, id=3584, stack(0x0000005aecf00000,0x0000005aed000000) (1024K)]
  0x00000180c5672840 JavaThread "Service Thread"             daemon [_thread_blocked, id=19760, stack(0x0000005aed000000,0x0000005aed100000) (1024K)]
  0x00000180c5673110 JavaThread "Monitor Deflation Thread"   daemon [_thread_blocked, id=13140, stack(0x0000005aed100000,0x0000005aed200000) (1024K)]
  0x00000180c5676c80 JavaThread "C1 CompilerThread0"         daemon [_thread_blocked, id=12068, stack(0x0000005aed200000,0x0000005aed300000) (1024K)]
  0x00000180c56f83c0 JavaThread "C1 CompilerThread1"         daemon [_thread_blocked, id=21444, stack(0x0000005aed300000,0x0000005aed400000) (1024K)]
  0x00000180c577ab90 JavaThread "Common-Cleaner"             daemon [_thread_blocked, id=12760, stack(0x0000005aed400000,0x0000005aed500000) (1024K)]
  0x000001810b21b9f0 JavaThread "Monitor Ctrl-Break"         daemon [_thread_in_native, id=4068, stack(0x0000005aed800000,0x0000005aed900000) (1024K)]
  0x000001810b23c070 JavaThread "Notification Thread"        daemon [_thread_blocked, id=10088, stack(0x0000005aed900000,0x0000005aeda00000) (1024K)]
  0x000001810b5a2c90 JavaThread "RMI TCP Accept-0"           daemon [_thread_in_native, id=6080, stack(0x0000005aeda00000,0x0000005aedb00000) (1024K)]
  0x000001810b5ac620 JavaThread "RMI TCP Connection(1)-192.168.0.101" daemon [_thread_in_native, id=16572, stack(0x0000005aedb00000,0x0000005aedc00000) (1024K)]
  0x000001810b628b90 JavaThread "RMI Scheduler(0)"           daemon [_thread_blocked, id=21328, stack(0x0000005aedc00000,0x0000005aedd00000) (1024K)]
  0x000001810b636600 JavaThread "JMX server connection timeout 34" daemon [_thread_blocked, id=15640, stack(0x0000005aedd00000,0x0000005aede00000) (1024K)]
  0x000001810bd87eb0 JavaThread "RMI TCP Connection(2)-192.168.0.101" daemon [_thread_in_native, id=12732, stack(0x0000005aeea00000,0x0000005aeeb00000) (1024K)]
  0x000001810c42cfc0 JavaThread "Catalina-utility-1"                [_thread_blocked, id=15968, stack(0x0000005aeeb00000,0x0000005aeec00000) (1024K)]
  0x000001810c42c930 JavaThread "Catalina-utility-2"                [_thread_blocked, id=19248, stack(0x0000005aeee00000,0x0000005aeef00000) (1024K)]
  0x000001810c42d650 JavaThread "container-0"                       [_thread_blocked, id=12800, stack(0x0000005aeef00000,0x0000005aef000000) (1024K)]
  0x000001810c42a1d0 JavaThread "mssql-jdbc-shared-timer-core-0" daemon [_thread_blocked, id=18224, stack(0x0000005aef100000,0x0000005aef200000) (1024K)]
  0x000001810c42a860 JavaThread "HikariPool-1:housekeeper"   daemon [_thread_blocked, id=8980, stack(0x0000005aef200000,0x0000005aef300000) (1024K)]
  0x00000180c5792820 JavaThread "C1 CompilerThread2"         daemon [_thread_blocked, id=10328, stack(0x0000005aed500000,0x0000005aed600000) (1024K)]
  0x000001810bf0c1f0 JavaThread "C1 CompilerThread3"         daemon [_thread_blocked, id=8836, stack(0x0000005aed600000,0x0000005aed700000) (1024K)]
  0x000001810cfb2850 JavaThread "C1 CompilerThread4"         daemon [_thread_blocked, id=22280, stack(0x0000005aed700000,0x0000005aed800000) (1024K)]
Total: 25

Other Threads:
=>0x00000180c5640a60 VMThread "VM Thread"                           [id=10332, stack(0x0000005aecb00000,0x0000005aecc00000) (1024K)]
  0x00000180c5629690 WatcherThread "VM Periodic Task Thread"        [id=18544, stack(0x0000005aeca00000,0x0000005aecb00000) (1024K)]
  0x00000180b248ee70 WorkerThread "GC Thread#0"                     [id=13324, stack(0x0000005aec500000,0x0000005aec600000) (1024K)]
  0x000001810b72b880 WorkerThread "GC Thread#1"                     [id=3900, stack(0x0000005aede00000,0x0000005aedf00000) (1024K)]
  0x000001810b763530 WorkerThread "GC Thread#2"                     [id=22292, stack(0x0000005aedf00000,0x0000005aee000000) (1024K)]
  0x000001810b7638e0 WorkerThread "GC Thread#3"                     [id=11436, stack(0x0000005aee000000,0x0000005aee100000) (1024K)]
  0x000001810b76cf50 WorkerThread "GC Thread#4"                     [id=16932, stack(0x0000005aee100000,0x0000005aee200000) (1024K)]
  0x000001810b76d700 WorkerThread "GC Thread#5"                     [id=18620, stack(0x0000005aee200000,0x0000005aee300000) (1024K)]
  0x000001810b76e330 WorkerThread "GC Thread#6"                     [id=14148, stack(0x0000005aee300000,0x0000005aee400000) (1024K)]
  0x000001810b76f5a0 WorkerThread "GC Thread#7"                     [id=19568, stack(0x0000005aee400000,0x0000005aee500000) (1024K)]
  0x000001810b76f1f0 WorkerThread "GC Thread#8"                     [id=5976, stack(0x0000005aee500000,0x0000005aee600000) (1024K)]
  0x000001810b76f950 WorkerThread "GC Thread#9"                     [id=20792, stack(0x0000005aee600000,0x0000005aee700000) (1024K)]
  0x000001810b76e6e0 WorkerThread "GC Thread#10"                    [id=10076, stack(0x0000005aee700000,0x0000005aee800000) (1024K)]
  0x000001810bcb0920 WorkerThread "GC Thread#11"                    [id=14784, stack(0x0000005aee800000,0x0000005aee900000) (1024K)]
  0x000001810bcaf300 WorkerThread "GC Thread#12"                    [id=9608, stack(0x0000005aee900000,0x0000005aeea00000) (1024K)]
  0x00000180b24a1da0 ConcurrentGCThread "G1 Main Marker"            [id=12488, stack(0x0000005aec600000,0x0000005aec700000) (1024K)]
  0x00000180b24a3e50 WorkerThread "G1 Conc#0"                       [id=22232, stack(0x0000005aec700000,0x0000005aec800000) (1024K)]
  0x000001810bcb1b90 WorkerThread "G1 Conc#1"                       [id=22100, stack(0x0000005aeec00000,0x0000005aeed00000) (1024K)]
  0x000001810bcb17e0 WorkerThread "G1 Conc#2"                       [id=19460, stack(0x0000005aeed00000,0x0000005aeee00000) (1024K)]
  0x00000180c54f9e80 ConcurrentGCThread "G1 Refine#0"               [id=8996, stack(0x0000005aec800000,0x0000005aec900000) (1024K)]
  0x00000180c54fa520 ConcurrentGCThread "G1 Service"                [id=10888, stack(0x0000005aec900000,0x0000005aeca00000) (1024K)]
Total: 21

Threads with active compile tasks:
Total: 0

VM state: at safepoint (normal execution)

VM Mutex/Monitor currently owned by a thread:  ([mutex/lock_event])
[0x00007ffd6b5d3910] Threads_lock - owner thread: 0x00000180c5640a60
[0x00007ffd6b5d3a10] Heap_lock - owner thread: 0x00000180b243c6d0

Heap address: 0x000000008ce00000, size: 1842 MB, Compressed Oops mode: 32-bit

CDS archive(s) mapped at: [0x00000180c6000000-0x00000180c6d70000-0x00000180c6d70000), size 14090240, SharedBaseAddress: 0x00000180c6000000, ArchiveRelocationMode: 1.
Compressed class space mapped at: 0x00000180c7000000-0x0000018107000000, reserved size: 1073741824
Narrow klass base: 0x00000180c6000000, Narrow klass shift: 0, Narrow klass range: 0x41000000

GC Precious Log:
 CardTable entry size: 512
 Card Set container configuration: InlinePtr #cards 5 size 8 Array Of Cards #cards 10 size 36 Howl #buckets 4 coarsen threshold 1843 Howl Bitmap #cards 512 size 80 coarsen threshold 460 Card regions per heap region 1 cards per card region 2048
 CPUs: 16 total, 16 available
 Memory: 7365M
 Large Page Support: Disabled
 NUMA Support: Disabled
 Compressed Oops: Enabled (32-bit)
 Heap Region Size: 1M
 Heap Min Capacity: 8M
 Heap Initial Capacity: 116M
 Heap Max Capacity: 1842M
 Pre-touch: Disabled
 Parallel Workers: 13
 Concurrent Workers: 3
 Concurrent Refinement Workers: 13
 Periodic GC: Disabled

Heap:
 garbage-first heap   total reserved 1886208K, committed 243712K, used 140065K [0x000000008ce00000, 0x0000000100000000)
  region size 1024K, 10 young (10240K), 10 survivors (10240K)
 Metaspace       used 76021K, committed 76800K, reserved 1179648K
  class space    used 11294K, committed 11648K, reserved 1048576K

Heap Regions: E=young(eden), S=young(survivor), O=old, HS=humongous(starts), HC=humongous(continues), CS=collection set, F=free, TAMS=top-at-mark-start, PB=parsable bottom
|   0|0x000000008ce00000, 0x000000008cf00000, 0x000000008cf00000|100%|HS|  |TAMS 0x000000008cf00000| PB 0x000000008ce00000| Complete |  0
|   1|0x000000008cf00000, 0x000000008d000000, 0x000000008d000000|100%|HS|  |TAMS 0x000000008d000000| PB 0x000000008cf00000| Complete |  0
|   2|0x000000008d000000, 0x000000008d100000, 0x000000008d100000|100%| O|  |TAMS 0x000000008d100000| PB 0x000000008d000000| Untracked |  0
|   3|0x000000008d100000, 0x000000008d200000, 0x000000008d200000|100%| O|  |TAMS 0x000000008d200000| PB 0x000000008d100000| Untracked |  0
|   4|0x000000008d200000, 0x000000008d300000, 0x000000008d300000|100%| O|  |TAMS 0x000000008d300000| PB 0x000000008d200000| Untracked |  0
|   5|0x000000008d300000, 0x000000008d400000, 0x000000008d400000|100%| O|  |TAMS 0x000000008d400000| PB 0x000000008d300000| Untracked |  0
|   6|0x000000008d400000, 0x000000008d500000, 0x000000008d500000|100%| O|  |TAMS 0x000000008d500000| PB 0x000000008d400000| Untracked |  0
|   7|0x000000008d500000, 0x000000008d600000, 0x000000008d600000|100%| O|  |TAMS 0x000000008d600000| PB 0x000000008d500000| Untracked |  0
|   8|0x000000008d600000, 0x000000008d700000, 0x000000008d700000|100%| O|  |TAMS 0x000000008d700000| PB 0x000000008d600000| Untracked |  0
|   9|0x000000008d700000, 0x000000008d800000, 0x000000008d800000|100%| O|  |TAMS 0x000000008d800000| PB 0x000000008d700000| Untracked |  0
|  10|0x000000008d800000, 0x000000008d900000, 0x000000008d900000|100%| O|  |TAMS 0x000000008d900000| PB 0x000000008d800000| Untracked |  0
|  11|0x000000008d900000, 0x000000008da00000, 0x000000008da00000|100%| O|  |TAMS 0x000000008da00000| PB 0x000000008d900000| Untracked |  0
|  12|0x000000008da00000, 0x000000008db00000, 0x000000008db00000|100%| O|  |TAMS 0x000000008db00000| PB 0x000000008da00000| Untracked |  0
|  13|0x000000008db00000, 0x000000008dc00000, 0x000000008dc00000|100%| O|  |TAMS 0x000000008dc00000| PB 0x000000008db00000| Untracked |  0
|  14|0x000000008dc00000, 0x000000008dd00000, 0x000000008dd00000|100%| O|  |TAMS 0x000000008dd00000| PB 0x000000008dc00000| Untracked |  0
|  15|0x000000008dd00000, 0x000000008de00000, 0x000000008de00000|100%| O|  |TAMS 0x000000008de00000| PB 0x000000008dd00000| Untracked |  0
|  16|0x000000008de00000, 0x000000008df00000, 0x000000008df00000|100%| O|  |TAMS 0x000000008df00000| PB 0x000000008de00000| Untracked |  0
|  17|0x000000008df00000, 0x000000008e000000, 0x000000008e000000|100%| O|  |TAMS 0x000000008e000000| PB 0x000000008df00000| Untracked |  0
|  18|0x000000008e000000, 0x000000008e100000, 0x000000008e100000|100%| O|  |TAMS 0x000000008e100000| PB 0x000000008e000000| Untracked |  0
|  19|0x000000008e100000, 0x000000008e200000, 0x000000008e200000|100%| O|  |TAMS 0x000000008e200000| PB 0x000000008e100000| Untracked |  0
|  20|0x000000008e200000, 0x000000008e300000, 0x000000008e300000|100%| O|  |TAMS 0x000000008e300000| PB 0x000000008e200000| Untracked |  0
|  21|0x000000008e300000, 0x000000008e400000, 0x000000008e400000|100%| O|  |TAMS 0x000000008e400000| PB 0x000000008e300000| Untracked |  0
|  22|0x000000008e400000, 0x000000008e500000, 0x000000008e500000|100%| O|  |TAMS 0x000000008e500000| PB 0x000000008e400000| Untracked |  0
|  23|0x000000008e500000, 0x000000008e600000, 0x000000008e600000|100%| O|  |TAMS 0x000000008e600000| PB 0x000000008e500000| Untracked |  0
|  24|0x000000008e600000, 0x000000008e700000, 0x000000008e700000|100%| O|  |TAMS 0x000000008e700000| PB 0x000000008e600000| Untracked |  0
|  25|0x000000008e700000, 0x000000008e800000, 0x000000008e800000|100%| O|  |TAMS 0x000000008e700000| PB 0x000000008e700000| Untracked |  0
|  26|0x000000008e800000, 0x000000008e900000, 0x000000008e900000|100%| O|  |TAMS 0x000000008e900000| PB 0x000000008e800000| Untracked |  0
|  27|0x000000008e900000, 0x000000008ea00000, 0x000000008ea00000|100%| O|  |TAMS 0x000000008ea00000| PB 0x000000008e900000| Untracked |  0
|  28|0x000000008ea00000, 0x000000008eb00000, 0x000000008eb00000|100%| O|  |TAMS 0x000000008eb00000| PB 0x000000008ea00000| Untracked |  0
|  29|0x000000008eb00000, 0x000000008ec00000, 0x000000008ec00000|100%| O|  |TAMS 0x000000008ec00000| PB 0x000000008eb00000| Untracked |  0
|  30|0x000000008ec00000, 0x000000008ed00000, 0x000000008ed00000|100%| O|  |TAMS 0x000000008ed00000| PB 0x000000008ec00000| Untracked |  0
|  31|0x000000008ed00000, 0x000000008ee00000, 0x000000008ee00000|100%| O|  |TAMS 0x000000008ee00000| PB 0x000000008ed00000| Untracked |  0
|  32|0x000000008ee00000, 0x000000008ef00000, 0x000000008ef00000|100%| O|  |TAMS 0x000000008ef00000| PB 0x000000008ee00000| Untracked |  0
|  33|0x000000008ef00000, 0x000000008f000000, 0x000000008f000000|100%| O|  |TAMS 0x000000008f000000| PB 0x000000008ef00000| Untracked |  0
|  34|0x000000008f000000, 0x000000008f100000, 0x000000008f100000|100%| O|  |TAMS 0x000000008f100000| PB 0x000000008f000000| Untracked |  0
|  35|0x000000008f100000, 0x000000008f200000, 0x000000008f200000|100%| O|  |TAMS 0x000000008f200000| PB 0x000000008f100000| Untracked |  0
|  36|0x000000008f200000, 0x000000008f300000, 0x000000008f300000|100%| O|  |TAMS 0x000000008f300000| PB 0x000000008f200000| Untracked |  0
|  37|0x000000008f300000, 0x000000008f400000, 0x000000008f400000|100%| O|  |TAMS 0x000000008f400000| PB 0x000000008f300000| Untracked |  0
|  38|0x000000008f400000, 0x000000008f500000, 0x000000008f500000|100%| O|  |TAMS 0x000000008f500000| PB 0x000000008f400000| Untracked |  0
|  39|0x000000008f500000, 0x000000008f600000, 0x000000008f600000|100%| O|  |TAMS 0x000000008f600000| PB 0x000000008f500000| Untracked |  0
|  40|0x000000008f600000, 0x000000008f700000, 0x000000008f700000|100%| O|  |TAMS 0x000000008f700000| PB 0x000000008f600000| Untracked |  0
|  41|0x000000008f700000, 0x000000008f800000, 0x000000008f800000|100%| O|  |TAMS 0x000000008f800000| PB 0x000000008f700000| Untracked |  0
|  42|0x000000008f800000, 0x000000008f900000, 0x000000008f900000|100%| O|  |TAMS 0x000000008f900000| PB 0x000000008f800000| Untracked |  0
|  43|0x000000008f900000, 0x000000008fa00000, 0x000000008fa00000|100%| O|  |TAMS 0x000000008fa00000| PB 0x000000008f900000| Untracked |  0
|  44|0x000000008fa00000, 0x000000008fb00000, 0x000000008fb00000|100%| O|  |TAMS 0x000000008fb00000| PB 0x000000008fa00000| Untracked |  0
|  45|0x000000008fb00000, 0x000000008fc00000, 0x000000008fc00000|100%| O|  |TAMS 0x000000008fc00000| PB 0x000000008fb00000| Untracked |  0
|  46|0x000000008fc00000, 0x000000008fd00000, 0x000000008fd00000|100%| O|  |TAMS 0x000000008fd00000| PB 0x000000008fc00000| Untracked |  0
|  47|0x000000008fd00000, 0x000000008fe00000, 0x000000008fe00000|100%| O|  |TAMS 0x000000008fe00000| PB 0x000000008fd00000| Untracked |  0
|  48|0x000000008fe00000, 0x000000008ff00000, 0x000000008ff00000|100%| O|  |TAMS 0x000000008ff00000| PB 0x000000008fe00000| Untracked |  0
|  49|0x000000008ff00000, 0x0000000090000000, 0x0000000090000000|100%| O|  |TAMS 0x0000000090000000| PB 0x000000008ff00000| Untracked |  0
|  50|0x0000000090000000, 0x0000000090100000, 0x0000000090100000|100%| O|  |TAMS 0x0000000090100000| PB 0x0000000090000000| Untracked |  0
|  51|0x0000000090100000, 0x0000000090200000, 0x0000000090200000|100%| O|  |TAMS 0x0000000090200000| PB 0x0000000090100000| Untracked |  0
|  52|0x0000000090200000, 0x0000000090300000, 0x0000000090300000|100%| O|  |TAMS 0x0000000090300000| PB 0x0000000090200000| Untracked |  0
|  53|0x0000000090300000, 0x0000000090400000, 0x0000000090400000|100%| O|  |TAMS 0x0000000090400000| PB 0x0000000090300000| Untracked |  0
|  54|0x0000000090400000, 0x0000000090500000, 0x0000000090500000|100%| O|  |TAMS 0x0000000090500000| PB 0x0000000090400000| Untracked |  0
|  55|0x0000000090500000, 0x0000000090600000, 0x0000000090600000|100%| O|  |TAMS 0x0000000090600000| PB 0x0000000090500000| Untracked |  0
|  56|0x0000000090600000, 0x0000000090700000, 0x0000000090700000|100%| O|  |TAMS 0x0000000090600000| PB 0x0000000090600000| Untracked |  0
|  57|0x0000000090700000, 0x0000000090800000, 0x0000000090800000|100%| O|  |TAMS 0x0000000090800000| PB 0x0000000090700000| Untracked |  0
|  58|0x0000000090800000, 0x0000000090900000, 0x0000000090900000|100%| O|  |TAMS 0x0000000090900000| PB 0x0000000090800000| Untracked |  0
|  59|0x0000000090900000, 0x0000000090a00000, 0x0000000090a00000|100%| O|  |TAMS 0x0000000090a00000| PB 0x0000000090900000| Untracked |  0
|  60|0x0000000090a00000, 0x0000000090b00000, 0x0000000090b00000|100%| O|  |TAMS 0x0000000090a00000| PB 0x0000000090a00000| Untracked |  0
|  61|0x0000000090b00000, 0x0000000090c00000, 0x0000000090c00000|100%| O|  |TAMS 0x0000000090c00000| PB 0x0000000090b00000| Untracked |  0
|  62|0x0000000090c00000, 0x0000000090d00000, 0x0000000090d00000|100%| O|  |TAMS 0x0000000090d00000| PB 0x0000000090c00000| Untracked |  0
|  63|0x0000000090d00000, 0x0000000090e00000, 0x0000000090e00000|100%| O|  |TAMS 0x0000000090e00000| PB 0x0000000090d00000| Untracked |  0
|  64|0x0000000090e00000, 0x0000000090f00000, 0x0000000090f00000|100%| O|  |TAMS 0x0000000090e00000| PB 0x0000000090e00000| Untracked |  0
|  65|0x0000000090f00000, 0x0000000091000000, 0x0000000091000000|100%| O|  |TAMS 0x0000000091000000| PB 0x0000000090f00000| Untracked |  0
|  66|0x0000000091000000, 0x0000000091100000, 0x0000000091100000|100%| O|  |TAMS 0x0000000091100000| PB 0x0000000091000000| Untracked |  0
|  67|0x0000000091100000, 0x0000000091200000, 0x0000000091200000|100%| O|  |TAMS 0x0000000091200000| PB 0x0000000091100000| Untracked |  0
|  68|0x0000000091200000, 0x0000000091300000, 0x0000000091300000|100%| O|  |TAMS 0x0000000091300000| PB 0x0000000091200000| Untracked |  0
|  69|0x0000000091300000, 0x0000000091400000, 0x0000000091400000|100%| O|  |TAMS 0x0000000091400000| PB 0x0000000091300000| Untracked |  0
|  70|0x0000000091400000, 0x0000000091500000, 0x0000000091500000|100%| O|  |TAMS 0x0000000091400000| PB 0x0000000091400000| Untracked |  0
|  71|0x0000000091500000, 0x0000000091600000, 0x0000000091600000|100%| O|  |TAMS 0x0000000091500000| PB 0x0000000091500000| Untracked |  0
|  72|0x0000000091600000, 0x0000000091700000, 0x0000000091700000|100%| O|  |TAMS 0x0000000091700000| PB 0x0000000091600000| Untracked |  0
|  73|0x0000000091700000, 0x0000000091800000, 0x0000000091800000|100%| O|  |TAMS 0x0000000091700000| PB 0x0000000091700000| Untracked |  0
|  74|0x0000000091800000, 0x0000000091900000, 0x0000000091900000|100%| O|  |TAMS 0x0000000091800000| PB 0x0000000091800000| Untracked |  0
|  75|0x0000000091900000, 0x0000000091a00000, 0x0000000091a00000|100%| O|  |TAMS 0x0000000091900000| PB 0x0000000091900000| Untracked |  0
|  76|0x0000000091a00000, 0x0000000091ac8780, 0x0000000091b00000| 78%| O|  |TAMS 0x0000000091a00000| PB 0x0000000091a00000| Untracked |  0
|  77|0x0000000091b00000, 0x0000000091c00000, 0x0000000091c00000|100%| O|  |TAMS 0x0000000091c00000| PB 0x0000000091b00000| Untracked |  0
|  78|0x0000000091c00000, 0x0000000091d00000, 0x0000000091d00000|100%| O|  |TAMS 0x0000000091d00000| PB 0x0000000091c00000| Untracked |  0
|  79|0x0000000091d00000, 0x0000000091e00000, 0x0000000091e00000|100%| O|  |TAMS 0x0000000091e00000| PB 0x0000000091d00000| Untracked |  0
|  80|0x0000000091e00000, 0x0000000091e00000, 0x0000000091f00000|  0%| F|  |TAMS 0x0000000091e00000| PB 0x0000000091e00000| Untracked |  0
|  81|0x0000000091f00000, 0x0000000092000000, 0x0000000092000000|100%| O|  |TAMS 0x0000000092000000| PB 0x0000000091f00000| Untracked |  0
|  82|0x0000000092000000, 0x0000000092100000, 0x0000000092100000|100%| O|  |TAMS 0x0000000092100000| PB 0x0000000092000000| Untracked |  0
|  83|0x0000000092100000, 0x0000000092100000, 0x0000000092200000|  0%| F|  |TAMS 0x0000000092100000| PB 0x0000000092100000| Untracked |  0
|  84|0x0000000092200000, 0x0000000092300000, 0x0000000092300000|100%| O|  |TAMS 0x0000000092300000| PB 0x0000000092200000| Untracked |  0
|  85|0x0000000092300000, 0x0000000092400000, 0x0000000092400000|100%| O|  |TAMS 0x0000000092400000| PB 0x0000000092300000| Untracked |  0
|  86|0x0000000092400000, 0x0000000092500000, 0x0000000092500000|100%| O|  |TAMS 0x0000000092500000| PB 0x0000000092400000| Untracked |  0
|  87|0x0000000092500000, 0x0000000092600000, 0x0000000092600000|100%| O|  |TAMS 0x0000000092600000| PB 0x0000000092500000| Untracked |  0
|  88|0x0000000092600000, 0x0000000092700000, 0x0000000092700000|100%| O|  |TAMS 0x0000000092700000| PB 0x0000000092600000| Untracked |  0
|  89|0x0000000092700000, 0x0000000092800000, 0x0000000092800000|100%| O|  |TAMS 0x0000000092800000| PB 0x0000000092700000| Untracked |  0
|  90|0x0000000092800000, 0x0000000092900000, 0x0000000092900000|100%| O|  |TAMS 0x0000000092900000| PB 0x0000000092800000| Untracked |  0
|  91|0x0000000092900000, 0x0000000092a00000, 0x0000000092a00000|100%| O|  |TAMS 0x0000000092a00000| PB 0x0000000092900000| Untracked |  0
|  92|0x0000000092a00000, 0x0000000092b00000, 0x0000000092b00000|100%| O|  |TAMS 0x0000000092b00000| PB 0x0000000092a00000| Untracked |  0
|  93|0x0000000092b00000, 0x0000000092c00000, 0x0000000092c00000|100%| O|  |TAMS 0x0000000092c00000| PB 0x0000000092b00000| Untracked |  0
|  94|0x0000000092c00000, 0x0000000092d00000, 0x0000000092d00000|100%| O|  |TAMS 0x0000000092d00000| PB 0x0000000092c00000| Untracked |  0
|  95|0x0000000092d00000, 0x0000000092e00000, 0x0000000092e00000|100%| O|  |TAMS 0x0000000092e00000| PB 0x0000000092d00000| Untracked |  0
|  96|0x0000000092e00000, 0x0000000092f00000, 0x0000000092f00000|100%| O|  |TAMS 0x0000000092f00000| PB 0x0000000092e00000| Untracked |  0
|  97|0x0000000092f00000, 0x0000000093000000, 0x0000000093000000|100%| O|  |TAMS 0x0000000093000000| PB 0x0000000092f00000| Untracked |  0
|  98|0x0000000093000000, 0x0000000093100000, 0x0000000093100000|100%| O|  |TAMS 0x0000000093100000| PB 0x0000000093000000| Untracked |  0
|  99|0x0000000093100000, 0x0000000093200000, 0x0000000093200000|100%| O|  |TAMS 0x0000000093200000| PB 0x0000000093100000| Untracked |  0
| 100|0x0000000093200000, 0x0000000093300000, 0x0000000093300000|100%| O|  |TAMS 0x0000000093300000| PB 0x0000000093200000| Untracked |  0
| 101|0x0000000093300000, 0x0000000093400000, 0x0000000093400000|100%| O|  |TAMS 0x0000000093400000| PB 0x0000000093300000| Untracked |  0
| 102|0x0000000093400000, 0x0000000093500000, 0x0000000093500000|100%| O|  |TAMS 0x0000000093500000| PB 0x0000000093400000| Untracked |  0
| 103|0x0000000093500000, 0x0000000093600000, 0x0000000093600000|100%| O|  |TAMS 0x0000000093600000| PB 0x0000000093500000| Untracked |  0
| 104|0x0000000093600000, 0x0000000093700000, 0x0000000093700000|100%| O|  |TAMS 0x0000000093700000| PB 0x0000000093600000| Untracked |  0
| 105|0x0000000093700000, 0x0000000093800000, 0x0000000093800000|100%| O|  |TAMS 0x0000000093800000| PB 0x0000000093700000| Untracked |  0
| 106|0x0000000093800000, 0x0000000093900000, 0x0000000093900000|100%| O|  |TAMS 0x0000000093900000| PB 0x0000000093800000| Untracked |  0
| 107|0x0000000093900000, 0x0000000093a00000, 0x0000000093a00000|100%| O|  |TAMS 0x0000000093a00000| PB 0x0000000093900000| Untracked |  0
| 108|0x0000000093a00000, 0x0000000093b00000, 0x0000000093b00000|100%| O|  |TAMS 0x0000000093b00000| PB 0x0000000093a00000| Untracked |  0
| 109|0x0000000093b00000, 0x0000000093c00000, 0x0000000093c00000|100%| O|  |TAMS 0x0000000093c00000| PB 0x0000000093b00000| Untracked |  0
| 110|0x0000000093c00000, 0x0000000093d00000, 0x0000000093d00000|100%| O|  |TAMS 0x0000000093d00000| PB 0x0000000093c00000| Untracked |  0
| 111|0x0000000093d00000, 0x0000000093e00000, 0x0000000093e00000|100%| O|  |TAMS 0x0000000093e00000| PB 0x0000000093d00000| Untracked |  0
| 112|0x0000000093e00000, 0x0000000093f00000, 0x0000000093f00000|100%| O|  |TAMS 0x0000000093f00000| PB 0x0000000093e00000| Untracked |  0
| 113|0x0000000093f00000, 0x0000000094000000, 0x0000000094000000|100%| O|  |TAMS 0x0000000094000000| PB 0x0000000093f00000| Untracked |  0
| 114|0x0000000094000000, 0x0000000094100000, 0x0000000094100000|100%| O|  |TAMS 0x0000000094100000| PB 0x0000000094000000| Untracked |  0
| 115|0x0000000094100000, 0x0000000094200000, 0x0000000094200000|100%| O|  |TAMS 0x0000000094200000| PB 0x0000000094100000| Untracked |  0
| 116|0x0000000094200000, 0x0000000094300000, 0x0000000094300000|100%| O|  |TAMS 0x0000000094300000| PB 0x0000000094200000| Untracked |  0
| 117|0x0000000094300000, 0x0000000094400000, 0x0000000094400000|100%| O|  |TAMS 0x0000000094400000| PB 0x0000000094300000| Untracked |  0
| 118|0x0000000094400000, 0x0000000094500000, 0x0000000094500000|100%| O|  |TAMS 0x0000000094500000| PB 0x0000000094400000| Untracked |  0
| 119|0x0000000094500000, 0x0000000094600000, 0x0000000094600000|100%| O|  |TAMS 0x0000000094600000| PB 0x0000000094500000| Untracked |  0
| 120|0x0000000094600000, 0x0000000094700000, 0x0000000094700000|100%| O|  |TAMS 0x0000000094700000| PB 0x0000000094600000| Untracked |  0
| 121|0x0000000094700000, 0x0000000094800000, 0x0000000094800000|100%| O|  |TAMS 0x0000000094800000| PB 0x0000000094700000| Untracked |  0
| 122|0x0000000094800000, 0x0000000094900000, 0x0000000094900000|100%| O|  |TAMS 0x0000000094900000| PB 0x0000000094800000| Untracked |  0
| 123|0x0000000094900000, 0x0000000094a00000, 0x0000000094a00000|100%| O|  |TAMS 0x0000000094a00000| PB 0x0000000094900000| Untracked |  0
| 124|0x0000000094a00000, 0x0000000094b00000, 0x0000000094b00000|100%| O|  |TAMS 0x0000000094b00000| PB 0x0000000094a00000| Untracked |  0
| 125|0x0000000094b00000, 0x0000000094c00000, 0x0000000094c00000|100%| O|  |TAMS 0x0000000094c00000| PB 0x0000000094b00000| Untracked |  0
| 126|0x0000000094c00000, 0x0000000094d00000, 0x0000000094d00000|100%| O|  |TAMS 0x0000000094d00000| PB 0x0000000094c00000| Untracked |  0
| 127|0x0000000094d00000, 0x0000000094e00000, 0x0000000094e00000|100%| O|  |TAMS 0x0000000094e00000| PB 0x0000000094d00000| Untracked |  0
| 128|0x0000000094e00000, 0x0000000094f00000, 0x0000000094f00000|100%| O|  |TAMS 0x0000000094eb6328| PB 0x0000000094e00000| Untracked |  0
| 129|0x0000000094f00000, 0x0000000094f00000, 0x0000000095000000|  0%| F|  |TAMS 0x0000000094f00000| PB 0x0000000094f00000| Untracked |  0
| 130|0x0000000095000000, 0x0000000095000000, 0x0000000095100000|  0%| F|  |TAMS 0x0000000095000000| PB 0x0000000095000000| Untracked |  0
| 131|0x0000000095100000, 0x0000000095100000, 0x0000000095200000|  0%| F|  |TAMS 0x0000000095100000| PB 0x0000000095100000| Untracked |  0
| 132|0x0000000095200000, 0x0000000095200000, 0x0000000095300000|  0%| F|  |TAMS 0x0000000095200000| PB 0x0000000095200000| Untracked |  0
| 133|0x0000000095300000, 0x0000000095300000, 0x0000000095400000|  0%| F|  |TAMS 0x0000000095300000| PB 0x0000000095300000| Untracked |  0
| 134|0x0000000095400000, 0x0000000095400000, 0x0000000095500000|  0%| F|  |TAMS 0x0000000095400000| PB 0x0000000095400000| Untracked |  0
| 135|0x0000000095500000, 0x0000000095500000, 0x0000000095600000|  0%| F|  |TAMS 0x0000000095500000| PB 0x0000000095500000| Untracked |  0
| 136|0x0000000095600000, 0x0000000095600000, 0x0000000095700000|  0%| F|  |TAMS 0x0000000095600000| PB 0x0000000095600000| Untracked |  0
| 137|0x0000000095700000, 0x0000000095700000, 0x0000000095800000|  0%| F|  |TAMS 0x0000000095700000| PB 0x0000000095700000| Untracked |  0
| 138|0x0000000095800000, 0x0000000095800000, 0x0000000095900000|  0%| F|  |TAMS 0x0000000095800000| PB 0x0000000095800000| Untracked |  0
| 139|0x0000000095900000, 0x0000000095900000, 0x0000000095a00000|  0%| F|  |TAMS 0x0000000095900000| PB 0x0000000095900000| Untracked |  0
| 140|0x0000000095a00000, 0x0000000095a00000, 0x0000000095b00000|  0%| F|  |TAMS 0x0000000095a00000| PB 0x0000000095a00000| Untracked |  0
| 141|0x0000000095b00000, 0x0000000095b00000, 0x0000000095c00000|  0%| F|  |TAMS 0x0000000095b00000| PB 0x0000000095b00000| Untracked |  0
| 142|0x0000000095c00000, 0x0000000095c00000, 0x0000000095d00000|  0%| F|  |TAMS 0x0000000095c00000| PB 0x0000000095c00000| Untracked |  0
| 143|0x0000000095d00000, 0x0000000095d00000, 0x0000000095e00000|  0%| F|  |TAMS 0x0000000095d00000| PB 0x0000000095d00000| Untracked |  0
| 144|0x0000000095e00000, 0x0000000095e00000, 0x0000000095f00000|  0%| F|  |TAMS 0x0000000095e00000| PB 0x0000000095e00000| Untracked |  0
| 145|0x0000000095f00000, 0x0000000095f00000, 0x0000000096000000|  0%| F|  |TAMS 0x0000000095f00000| PB 0x0000000095f00000| Untracked |  0
| 146|0x0000000096000000, 0x0000000096000000, 0x0000000096100000|  0%| F|  |TAMS 0x0000000096000000| PB 0x0000000096000000| Untracked |  0
| 147|0x0000000096100000, 0x0000000096100000, 0x0000000096200000|  0%| F|  |TAMS 0x0000000096100000| PB 0x0000000096100000| Untracked |  0
| 148|0x0000000096200000, 0x0000000096200000, 0x0000000096300000|  0%| F|  |TAMS 0x0000000096200000| PB 0x0000000096200000| Untracked |  0
| 149|0x0000000096300000, 0x0000000096300000, 0x0000000096400000|  0%| F|  |TAMS 0x0000000096300000| PB 0x0000000096300000| Untracked |  0
| 150|0x0000000096400000, 0x0000000096500000, 0x0000000096500000|100%| S|CS|TAMS 0x0000000096400000| PB 0x0000000096400000| Complete |  0
| 151|0x0000000096500000, 0x0000000096600000, 0x0000000096600000|100%| S|CS|TAMS 0x0000000096500000| PB 0x0000000096500000| Complete |  0
| 152|0x0000000096600000, 0x0000000096700000, 0x0000000096700000|100%| S|CS|TAMS 0x0000000096600000| PB 0x0000000096600000| Complete |  0
| 153|0x0000000096700000, 0x0000000096800000, 0x0000000096800000|100%| S|CS|TAMS 0x0000000096700000| PB 0x0000000096700000| Complete |  0
| 154|0x0000000096800000, 0x0000000096900000, 0x0000000096900000|100%| S|CS|TAMS 0x0000000096800000| PB 0x0000000096800000| Complete |  0
| 155|0x0000000096900000, 0x0000000096a00000, 0x0000000096a00000|100%| S|CS|TAMS 0x0000000096900000| PB 0x0000000096900000| Complete |  0
| 156|0x0000000096a00000, 0x0000000096b00000, 0x0000000096b00000|100%| S|CS|TAMS 0x0000000096a00000| PB 0x0000000096a00000| Complete |  0
| 157|0x0000000096b00000, 0x0000000096c00000, 0x0000000096c00000|100%| S|CS|TAMS 0x0000000096b00000| PB 0x0000000096b00000| Complete |  0
| 158|0x0000000096c00000, 0x0000000096d00000, 0x0000000096d00000|100%| S|CS|TAMS 0x0000000096c00000| PB 0x0000000096c00000| Complete |  0
| 159|0x0000000096d00000, 0x0000000096e00000, 0x0000000096e00000|100%| S|CS|TAMS 0x0000000096d00000| PB 0x0000000096d00000| Complete |  0
| 160|0x0000000096e00000, 0x0000000096e00000, 0x0000000096f00000|  0%| F|  |TAMS 0x0000000096e00000| PB 0x0000000096e00000| Untracked |  0
| 161|0x0000000096f00000, 0x0000000096f00000, 0x0000000097000000|  0%| F|  |TAMS 0x0000000096f00000| PB 0x0000000096f00000| Untracked |  0
| 162|0x0000000097000000, 0x0000000097000000, 0x0000000097100000|  0%| F|  |TAMS 0x0000000097000000| PB 0x0000000097000000| Untracked |  0
| 163|0x0000000097100000, 0x0000000097100000, 0x0000000097200000|  0%| F|  |TAMS 0x0000000097100000| PB 0x0000000097100000| Untracked |  0
| 164|0x0000000097200000, 0x0000000097200000, 0x0000000097300000|  0%| F|  |TAMS 0x0000000097200000| PB 0x0000000097200000| Untracked |  0
| 165|0x0000000097300000, 0x0000000097300000, 0x0000000097400000|  0%| F|  |TAMS 0x0000000097300000| PB 0x0000000097300000| Untracked |  0
| 166|0x0000000097400000, 0x0000000097400000, 0x0000000097500000|  0%| F|  |TAMS 0x0000000097400000| PB 0x0000000097400000| Untracked |  0
| 167|0x0000000097500000, 0x0000000097500000, 0x0000000097600000|  0%| F|  |TAMS 0x0000000097500000| PB 0x0000000097500000| Untracked |  0
| 168|0x0000000097600000, 0x0000000097600000, 0x0000000097700000|  0%| F|  |TAMS 0x0000000097600000| PB 0x0000000097600000| Untracked |  0
| 169|0x0000000097700000, 0x0000000097700000, 0x0000000097800000|  0%| F|  |TAMS 0x0000000097700000| PB 0x0000000097700000| Untracked |  0
| 170|0x0000000097800000, 0x0000000097800000, 0x0000000097900000|  0%| F|  |TAMS 0x0000000097800000| PB 0x0000000097800000| Untracked |  0
| 171|0x0000000097900000, 0x0000000097900000, 0x0000000097a00000|  0%| F|  |TAMS 0x0000000097900000| PB 0x0000000097900000| Untracked |  0
| 172|0x0000000097a00000, 0x0000000097a00000, 0x0000000097b00000|  0%| F|  |TAMS 0x0000000097a00000| PB 0x0000000097a00000| Untracked |  0
| 173|0x0000000097b00000, 0x0000000097b00000, 0x0000000097c00000|  0%| F|  |TAMS 0x0000000097b00000| PB 0x0000000097b00000| Untracked |  0
| 174|0x0000000097c00000, 0x0000000097c00000, 0x0000000097d00000|  0%| F|  |TAMS 0x0000000097c00000| PB 0x0000000097c00000| Untracked |  0
| 175|0x0000000097d00000, 0x0000000097d00000, 0x0000000097e00000|  0%| F|  |TAMS 0x0000000097d00000| PB 0x0000000097d00000| Untracked |  0
| 176|0x0000000097e00000, 0x0000000097e00000, 0x0000000097f00000|  0%| F|  |TAMS 0x0000000097e00000| PB 0x0000000097e00000| Untracked |  0
| 177|0x0000000097f00000, 0x0000000097f00000, 0x0000000098000000|  0%| F|  |TAMS 0x0000000097f00000| PB 0x0000000097f00000| Untracked |  0
| 178|0x0000000098000000, 0x0000000098000000, 0x0000000098100000|  0%| F|  |TAMS 0x0000000098000000| PB 0x0000000098000000| Untracked |  0
| 179|0x0000000098100000, 0x0000000098100000, 0x0000000098200000|  0%| F|  |TAMS 0x0000000098100000| PB 0x0000000098100000| Untracked |  0
| 180|0x0000000098200000, 0x0000000098200000, 0x0000000098300000|  0%| F|  |TAMS 0x0000000098200000| PB 0x0000000098200000| Untracked |  0
| 181|0x0000000098300000, 0x0000000098300000, 0x0000000098400000|  0%| F|  |TAMS 0x0000000098300000| PB 0x0000000098300000| Untracked |  0
| 182|0x0000000098400000, 0x0000000098400000, 0x0000000098500000|  0%| F|  |TAMS 0x0000000098400000| PB 0x0000000098400000| Untracked |  0
| 183|0x0000000098500000, 0x0000000098500000, 0x0000000098600000|  0%| F|  |TAMS 0x0000000098500000| PB 0x0000000098500000| Untracked |  0
| 184|0x0000000098600000, 0x0000000098600000, 0x0000000098700000|  0%| F|  |TAMS 0x0000000098600000| PB 0x0000000098600000| Untracked |  0
| 185|0x0000000098700000, 0x0000000098700000, 0x0000000098800000|  0%| F|  |TAMS 0x0000000098700000| PB 0x0000000098700000| Untracked |  0
| 186|0x0000000098800000, 0x0000000098800000, 0x0000000098900000|  0%| F|  |TAMS 0x0000000098800000| PB 0x0000000098800000| Untracked |  0
| 187|0x0000000098900000, 0x0000000098900000, 0x0000000098a00000|  0%| F|  |TAMS 0x0000000098900000| PB 0x0000000098900000| Untracked |  0
| 188|0x0000000098a00000, 0x0000000098a00000, 0x0000000098b00000|  0%| F|  |TAMS 0x0000000098a00000| PB 0x0000000098a00000| Untracked |  0
| 189|0x0000000098b00000, 0x0000000098b00000, 0x0000000098c00000|  0%| F|  |TAMS 0x0000000098b00000| PB 0x0000000098b00000| Untracked |  0
| 190|0x0000000098c00000, 0x0000000098c00000, 0x0000000098d00000|  0%| F|  |TAMS 0x0000000098c00000| PB 0x0000000098c00000| Untracked |  0
| 191|0x0000000098d00000, 0x0000000098d00000, 0x0000000098e00000|  0%| F|  |TAMS 0x0000000098d00000| PB 0x0000000098d00000| Untracked |  0
| 192|0x0000000098e00000, 0x0000000098e00000, 0x0000000098f00000|  0%| F|  |TAMS 0x0000000098e00000| PB 0x0000000098e00000| Untracked |  0
| 193|0x0000000098f00000, 0x0000000098f00000, 0x0000000099000000|  0%| F|  |TAMS 0x0000000098f00000| PB 0x0000000098f00000| Untracked |  0
| 194|0x0000000099000000, 0x0000000099000000, 0x0000000099100000|  0%| F|  |TAMS 0x0000000099000000| PB 0x0000000099000000| Untracked |  0
| 195|0x0000000099100000, 0x0000000099100000, 0x0000000099200000|  0%| F|  |TAMS 0x0000000099100000| PB 0x0000000099100000| Untracked |  0
| 196|0x0000000099200000, 0x0000000099200000, 0x0000000099300000|  0%| F|  |TAMS 0x0000000099200000| PB 0x0000000099200000| Untracked |  0
| 197|0x0000000099300000, 0x0000000099300000, 0x0000000099400000|  0%| F|  |TAMS 0x0000000099300000| PB 0x0000000099300000| Untracked |  0
| 198|0x0000000099400000, 0x0000000099400000, 0x0000000099500000|  0%| F|  |TAMS 0x0000000099400000| PB 0x0000000099400000| Untracked |  0
| 199|0x0000000099500000, 0x0000000099500000, 0x0000000099600000|  0%| F|  |TAMS 0x0000000099500000| PB 0x0000000099500000| Untracked |  0
| 200|0x0000000099600000, 0x0000000099600000, 0x0000000099700000|  0%| F|  |TAMS 0x0000000099600000| PB 0x0000000099600000| Untracked |  0
| 201|0x0000000099700000, 0x0000000099700000, 0x0000000099800000|  0%| F|  |TAMS 0x0000000099700000| PB 0x0000000099700000| Untracked |  0
| 202|0x0000000099800000, 0x0000000099800000, 0x0000000099900000|  0%| F|  |TAMS 0x0000000099800000| PB 0x0000000099800000| Untracked |  0
| 203|0x0000000099900000, 0x0000000099900000, 0x0000000099a00000|  0%| F|  |TAMS 0x0000000099900000| PB 0x0000000099900000| Untracked |  0
| 204|0x0000000099a00000, 0x0000000099a00000, 0x0000000099b00000|  0%| F|  |TAMS 0x0000000099a00000| PB 0x0000000099a00000| Untracked |  0
| 205|0x0000000099b00000, 0x0000000099b00000, 0x0000000099c00000|  0%| F|  |TAMS 0x0000000099b00000| PB 0x0000000099b00000| Untracked |  0
| 206|0x0000000099c00000, 0x0000000099c00000, 0x0000000099d00000|  0%| F|  |TAMS 0x0000000099c00000| PB 0x0000000099c00000| Untracked |  0
| 207|0x0000000099d00000, 0x0000000099d00000, 0x0000000099e00000|  0%| F|  |TAMS 0x0000000099d00000| PB 0x0000000099d00000| Untracked |  0
| 208|0x0000000099e00000, 0x0000000099e00000, 0x0000000099f00000|  0%| F|  |TAMS 0x0000000099e00000| PB 0x0000000099e00000| Untracked |  0
| 209|0x0000000099f00000, 0x0000000099f00000, 0x000000009a000000|  0%| F|  |TAMS 0x0000000099f00000| PB 0x0000000099f00000| Untracked |  0
| 210|0x000000009a000000, 0x000000009a000000, 0x000000009a100000|  0%| F|  |TAMS 0x000000009a000000| PB 0x000000009a000000| Untracked |  0
| 211|0x000000009a100000, 0x000000009a100000, 0x000000009a200000|  0%| F|  |TAMS 0x000000009a100000| PB 0x000000009a100000| Untracked |  0
| 212|0x000000009a200000, 0x000000009a200000, 0x000000009a300000|  0%| F|  |TAMS 0x000000009a200000| PB 0x000000009a200000| Untracked |  0
| 213|0x000000009a300000, 0x000000009a300000, 0x000000009a400000|  0%| F|  |TAMS 0x000000009a300000| PB 0x000000009a300000| Untracked |  0
| 214|0x000000009a400000, 0x000000009a400000, 0x000000009a500000|  0%| F|  |TAMS 0x000000009a400000| PB 0x000000009a400000| Untracked |  0
| 215|0x000000009a500000, 0x000000009a500000, 0x000000009a600000|  0%| F|  |TAMS 0x000000009a500000| PB 0x000000009a500000| Untracked |  0
| 216|0x000000009a600000, 0x000000009a600000, 0x000000009a700000|  0%| F|  |TAMS 0x000000009a600000| PB 0x000000009a600000| Untracked |  0
| 217|0x000000009a700000, 0x000000009a700000, 0x000000009a800000|  0%| F|  |TAMS 0x000000009a700000| PB 0x000000009a700000| Untracked |  0
| 218|0x000000009a800000, 0x000000009a800000, 0x000000009a900000|  0%| F|  |TAMS 0x000000009a800000| PB 0x000000009a800000| Untracked |  0
| 219|0x000000009a900000, 0x000000009a900000, 0x000000009aa00000|  0%| F|  |TAMS 0x000000009a900000| PB 0x000000009a900000| Untracked |  0
| 220|0x000000009aa00000, 0x000000009aa00000, 0x000000009ab00000|  0%| F|  |TAMS 0x000000009aa00000| PB 0x000000009aa00000| Untracked |  0
| 221|0x000000009ab00000, 0x000000009ab00000, 0x000000009ac00000|  0%| F|  |TAMS 0x000000009ab00000| PB 0x000000009ab00000| Untracked |  0
| 222|0x000000009ac00000, 0x000000009ac00000, 0x000000009ad00000|  0%| F|  |TAMS 0x000000009ac00000| PB 0x000000009ac00000| Untracked |  0
| 223|0x000000009ad00000, 0x000000009ad00000, 0x000000009ae00000|  0%| F|  |TAMS 0x000000009ad00000| PB 0x000000009ad00000| Untracked |  0
| 224|0x000000009ae00000, 0x000000009ae00000, 0x000000009af00000|  0%| F|  |TAMS 0x000000009ae00000| PB 0x000000009ae00000| Untracked |  0
| 225|0x000000009af00000, 0x000000009af00000, 0x000000009b000000|  0%| F|  |TAMS 0x000000009af00000| PB 0x000000009af00000| Untracked |  0
| 226|0x000000009b000000, 0x000000009b000000, 0x000000009b100000|  0%| F|  |TAMS 0x000000009b000000| PB 0x000000009b000000| Untracked |  0
| 227|0x000000009b100000, 0x000000009b100000, 0x000000009b200000|  0%| F|  |TAMS 0x000000009b100000| PB 0x000000009b100000| Untracked |  0
| 228|0x000000009b200000, 0x000000009b200000, 0x000000009b300000|  0%| F|  |TAMS 0x000000009b200000| PB 0x000000009b200000| Untracked |  0
| 229|0x000000009b300000, 0x000000009b300000, 0x000000009b400000|  0%| F|  |TAMS 0x000000009b300000| PB 0x000000009b300000| Untracked |  0
| 230|0x000000009b400000, 0x000000009b400000, 0x000000009b500000|  0%| F|  |TAMS 0x000000009b400000| PB 0x000000009b400000| Untracked |  0
| 231|0x000000009b500000, 0x000000009b500000, 0x000000009b600000|  0%| F|  |TAMS 0x000000009b500000| PB 0x000000009b500000| Untracked |  0
| 232|0x000000009b600000, 0x000000009b600000, 0x000000009b700000|  0%| F|  |TAMS 0x000000009b600000| PB 0x000000009b600000| Untracked |  0
| 233|0x000000009b700000, 0x000000009b700000, 0x000000009b800000|  0%| F|  |TAMS 0x000000009b700000| PB 0x000000009b700000| Untracked |  0
| 234|0x000000009b800000, 0x000000009b800000, 0x000000009b900000|  0%| F|  |TAMS 0x000000009b800000| PB 0x000000009b800000| Untracked |  0
| 235|0x000000009b900000, 0x000000009b900000, 0x000000009ba00000|  0%| F|  |TAMS 0x000000009b900000| PB 0x000000009b900000| Untracked |  0
| 236|0x000000009ba00000, 0x000000009ba00000, 0x000000009bb00000|  0%| F|  |TAMS 0x000000009ba00000| PB 0x000000009ba00000| Untracked |  0
| 237|0x000000009bb00000, 0x000000009bb00000, 0x000000009bc00000|  0%| F|  |TAMS 0x000000009bb00000| PB 0x000000009bb00000| Untracked |  0

Card table byte_map: [0x00000180c0560000,0x00000180c0900000] _byte_map_base: 0x00000180c00f9000

Marking Bits: (CMBitMap*) 0x00000180b248f490
 Bits: [0x00000180c0900000, 0x00000180c25c8000)

Polling page: 0x00000180b21b0000

Metaspace:

Usage:
  Non-class:     63.21 MB used.
      Class:     11.03 MB used.
       Both:     74.24 MB used.

Virtual space:
  Non-class space:      128.00 MB reserved,      63.62 MB ( 50%) committed,  2 nodes.
      Class space:        1.00 GB reserved,      11.38 MB (  1%) committed,  1 nodes.
             Both:        1.12 GB reserved,      75.00 MB (  7%) committed. 

Chunk freelists:
   Non-Class:  15.53 MB
       Class:  4.67 MB
        Both:  20.20 MB

MaxMetaspaceSize: unlimited
CompressedClassSpaceSize: 1.00 GB
Initial GC threshold: 21.00 MB
Current GC threshold: 124.31 MB
CDS: on
 - commit_granule_bytes: 65536.
 - commit_granule_words: 8192.
 - virtual_space_node_default_size: 8388608.
 - enlarge_chunks_in_place: 1.
 - use_allocation_guard: 0.


Internal statistics:

num_allocs_failed_limit: 6.
num_arena_births: 1010.
num_arena_deaths: 0.
num_vsnodes_births: 3.
num_vsnodes_deaths: 0.
num_space_committed: 1200.
num_space_uncommitted: 0.
num_chunks_returned_to_freelist: 6.
num_chunks_taken_from_freelist: 3582.
num_chunk_merges: 6.
num_chunk_splits: 2611.
num_chunks_enlarged: 2054.
num_inconsistent_stats: 0.

CodeCache: size=49152Kb used=14124Kb max_used=14617Kb free=35027Kb
 bounds [0x00000180bc380000, 0x00000180bd260000, 0x00000180bf380000]
 total_blobs=9186, nmethods=8406, adapters=700, full_count=0
Compilation: enabled, stopped_count=0, restarted_count=0

Compilation events (20 events):
Event: 13.943 Thread 0x000001810bf0c1f0 10261       1       org.springframework.data.jpa.repository.query.QueryRenderer::from (8 bytes)
Event: 13.943 Thread 0x00000180c5676c80 10260       1       org.springframework.data.jpa.repository.query.QueryRenderer$QueryRendererBuilder::append (9 bytes)
Event: 13.943 Thread 0x00000180c56f83c0 10262       1       org.springframework.data.jpa.repository.query.QueryRenderer::from (36 bytes)
Event: 13.944 Thread 0x000001810bf0c1f0 nmethod 10261 0x00000180bcbdb888 code [0x00000180bcbdb9a0, 0x00000180bcbdbb18]
Event: 13.944 Thread 0x00000180c56f83c0 nmethod 10262 0x00000180bc965e88 code [0x00000180bc965fc0, 0x00000180bc966200]
Event: 13.944 Thread 0x00000180c5676c80 nmethod 10260 0x00000180bc96a008 code [0x00000180bc96a140, 0x00000180bc96a3e0]
Event: 13.948 Thread 0x000001810bf0c1f0 10263       1       org.hibernate.internal.SessionFactoryImpl::getJpaMetamodel (10 bytes)
Event: 13.948 Thread 0x000001810bf0c1f0 nmethod 10263 0x00000180bcbe5188 code [0x00000180bcbe52a0, 0x00000180bcbe53a8]
Event: 13.949 Thread 0x00000180c56f83c0 10264       1       org.springframework.data.jpa.repository.query.HqlParser$IdentifierContext::nakedIdentifier (11 bytes)
Event: 13.950 Thread 0x00000180c56f83c0 nmethod 10264 0x00000180bcbee188 code [0x00000180bcbee2a0, 0x00000180bcbee410]
Event: 13.952 Thread 0x00000180c56f83c0 10265       1       java.util.AbstractList$RandomAccessSpliterator::tryAdvance (63 bytes)
Event: 13.952 Thread 0x00000180c56f83c0 nmethod 10265 0x00000180bc96bc08 code [0x00000180bc96bd80, 0x00000180bc96c158]
Event: 13.953 Thread 0x00000180c5676c80 10266       1       org.springframework.data.jpa.repository.query.HqlParser$SimplePathContext::accept (26 bytes)
Event: 13.953 Thread 0x00000180c5676c80 nmethod 10266 0x00000180bc96fd08 code [0x00000180bc96fe40, 0x00000180bc970080]
Event: 13.953 Thread 0x00000180c5792820 10267   !   1       org.springframework.core.$Proxy7::getActualTypeArguments (28 bytes)
Event: 13.953 Thread 0x00000180c5792820 nmethod 10267 0x00000180bc973508 code [0x00000180bc973640, 0x00000180bc973888]
Event: 13.969 Thread 0x00000180c5676c80 10268       1       java.lang.invoke.VarHandleGuards::guard_LLL_Z (86 bytes)
Event: 13.969 Thread 0x00000180c5792820 10269       1       java.util.EventObject::<init> (24 bytes)
Event: 13.969 Thread 0x00000180c5792820 nmethod 10269 0x00000180bcbef188 code [0x00000180bcbef2a0, 0x00000180bcbef468]
Event: 13.970 Thread 0x00000180c5676c80 nmethod 10268 0x00000180bc986508 code [0x00000180bc986720, 0x00000180bc987160]

GC Heap History (20 events):
Event: 12.838 GC heap after
{Heap after GC invocations=32 (full 0):
 garbage-first heap   total reserved 1886208K, committed 121856K, used 63451K [0x000000008ce00000, 0x0000000100000000)
  region size 1024K, 7 young (7168K), 7 survivors (7168K)
 Metaspace       used 75258K, committed 75968K, reserved 1114112K
  class space    used 11089K, committed 11392K, reserved 1048576K
}
Event: 12.844 GC heap before
{Heap before GC invocations=32 (full 0):
 garbage-first heap   total reserved 1886208K, committed 121856K, used 66523K [0x000000008ce00000, 0x0000000100000000)
  region size 1024K, 11 young (11264K), 7 survivors (7168K)
 Metaspace       used 75258K, committed 75968K, reserved 1114112K
  class space    used 11089K, committed 11392K, reserved 1048576K
}
Event: 12.848 GC heap after
{Heap after GC invocations=33 (full 0):
 garbage-first heap   total reserved 1886208K, committed 121856K, used 65370K [0x000000008ce00000, 0x0000000100000000)
  region size 1024K, 2 young (2048K), 2 survivors (2048K)
 Metaspace       used 75258K, committed 75968K, reserved 1114112K
  class space    used 11089K, committed 11392K, reserved 1048576K
}
Event: 12.927 GC heap before
{Heap before GC invocations=34 (full 0):
 garbage-first heap   total reserved 1886208K, committed 121856K, used 105306K [0x000000008ce00000, 0x0000000100000000)
  region size 1024K, 40 young (40960K), 2 survivors (2048K)
 Metaspace       used 75261K, committed 76032K, reserved 1114112K
  class space    used 11089K, committed 11392K, reserved 1048576K
}
Event: 12.934 GC heap after
{Heap after GC invocations=35 (full 0):
 garbage-first heap   total reserved 1886208K, committed 121856K, used 75952K [0x000000008ce00000, 0x0000000100000000)
  region size 1024K, 5 young (5120K), 5 survivors (5120K)
 Metaspace       used 75261K, committed 76032K, reserved 1114112K
  class space    used 11089K, committed 11392K, reserved 1048576K
}
Event: 12.983 GC heap before
{Heap before GC invocations=35 (full 0):
 garbage-first heap   total reserved 1886208K, committed 121856K, used 105648K [0x000000008ce00000, 0x0000000100000000)
  region size 1024K, 34 young (34816K), 5 survivors (5120K)
 Metaspace       used 75265K, committed 76032K, reserved 1114112K
  class space    used 11090K, committed 11392K, reserved 1048576K
}
Event: 12.990 GC heap after
{Heap after GC invocations=36 (full 0):
 garbage-first heap   total reserved 1886208K, committed 121856K, used 83224K [0x000000008ce00000, 0x0000000100000000)
  region size 1024K, 5 young (5120K), 5 survivors (5120K)
 Metaspace       used 75265K, committed 76032K, reserved 1114112K
  class space    used 11090K, committed 11392K, reserved 1048576K
}
Event: 13.023 GC heap before
{Heap before GC invocations=36 (full 0):
 garbage-first heap   total reserved 1886208K, committed 121856K, used 106776K [0x000000008ce00000, 0x0000000100000000)
  region size 1024K, 28 young (28672K), 5 survivors (5120K)
 Metaspace       used 75267K, committed 76032K, reserved 1114112K
  class space    used 11090K, committed 11392K, reserved 1048576K
}
Event: 13.029 GC heap after
{Heap after GC invocations=37 (full 0):
 garbage-first heap   total reserved 1886208K, committed 243712K, used 90697K [0x000000008ce00000, 0x0000000100000000)
  region size 1024K, 4 young (4096K), 4 survivors (4096K)
 Metaspace       used 75267K, committed 76032K, reserved 1114112K
  class space    used 11090K, committed 11392K, reserved 1048576K
}
Event: 13.192 GC heap before
{Heap before GC invocations=38 (full 0):
 garbage-first heap   total reserved 1886208K, committed 243712K, used 164425K [0x000000008ce00000, 0x0000000100000000)
  region size 1024K, 87 young (89088K), 4 survivors (4096K)
 Metaspace       used 75267K, committed 76032K, reserved 1114112K
  class space    used 11090K, committed 11392K, reserved 1048576K
}
Event: 13.208 GC heap after
{Heap after GC invocations=39 (full 0):
 garbage-first heap   total reserved 1886208K, committed 243712K, used 104838K [0x000000008ce00000, 0x0000000100000000)
  region size 1024K, 11 young (11264K), 11 survivors (11264K)
 Metaspace       used 75267K, committed 76032K, reserved 1114112K
  class space    used 11090K, committed 11392K, reserved 1048576K
}
Event: 13.333 GC heap before
{Heap before GC invocations=39 (full 0):
 garbage-first heap   total reserved 1886208K, committed 243712K, used 179590K [0x000000008ce00000, 0x0000000100000000)
  region size 1024K, 82 young (83968K), 11 survivors (11264K)
 Metaspace       used 75267K, committed 76032K, reserved 1114112K
  class space    used 11090K, committed 11392K, reserved 1048576K
}
Event: 13.353 GC heap after
{Heap after GC invocations=40 (full 0):
 garbage-first heap   total reserved 1886208K, committed 243712K, used 125952K [0x000000008ce00000, 0x0000000100000000)
  region size 1024K, 11 young (11264K), 11 survivors (11264K)
 Metaspace       used 75267K, committed 76032K, reserved 1114112K
  class space    used 11090K, committed 11392K, reserved 1048576K
}
Event: 13.545 GC heap before
{Heap before GC invocations=40 (full 0):
 garbage-first heap   total reserved 1886208K, committed 243712K, used 188416K [0x000000008ce00000, 0x0000000100000000)
  region size 1024K, 72 young (73728K), 11 survivors (11264K)
 Metaspace       used 75594K, committed 76352K, reserved 1179648K
  class space    used 11136K, committed 11456K, reserved 1048576K
}
Event: 13.557 GC heap after
{Heap after GC invocations=41 (full 0):
 garbage-first heap   total reserved 1886208K, committed 243712K, used 137216K [0x000000008ce00000, 0x0000000100000000)
  region size 1024K, 9 young (9216K), 9 survivors (9216K)
 Metaspace       used 75594K, committed 76352K, reserved 1179648K
  class space    used 11136K, committed 11456K, reserved 1048576K
}
Event: 13.719 GC heap before
{Heap before GC invocations=42 (full 0):
 garbage-first heap   total reserved 1886208K, committed 243712K, used 189440K [0x000000008ce00000, 0x0000000100000000)
  region size 1024K, 68 young (69632K), 9 survivors (9216K)
 Metaspace       used 75672K, committed 76416K, reserved 1179648K
  class space    used 11154K, committed 11456K, reserved 1048576K
}
Event: 13.725 GC heap after
{Heap after GC invocations=43 (full 0):
 garbage-first heap   total reserved 1886208K, committed 243712K, used 134715K [0x000000008ce00000, 0x0000000100000000)
  region size 1024K, 5 young (5120K), 5 survivors (5120K)
 Metaspace       used 75672K, committed 76416K, reserved 1179648K
  class space    used 11154K, committed 11456K, reserved 1048576K
}
Event: 13.827 GC heap before
{Heap before GC invocations=43 (full 0):
 garbage-first heap   total reserved 1886208K, committed 243712K, used 200251K [0x000000008ce00000, 0x0000000100000000)
  region size 1024K, 69 young (70656K), 5 survivors (5120K)
 Metaspace       used 75923K, committed 76672K, reserved 1179648K
  class space    used 11281K, committed 11584K, reserved 1048576K
}
Event: 13.833 GC heap after
{Heap after GC invocations=44 (full 0):
 garbage-first heap   total reserved 1886208K, committed 243712K, used 128728K [0x000000008ce00000, 0x0000000100000000)
  region size 1024K, 9 young (9216K), 9 survivors (9216K)
 Metaspace       used 75923K, committed 76672K, reserved 1179648K
  class space    used 11281K, committed 11584K, reserved 1048576K
}
Event: 13.989 GC heap before
{Heap before GC invocations=44 (full 0):
 garbage-first heap   total reserved 1886208K, committed 243712K, used 199384K [0x000000008ce00000, 0x0000000100000000)
  region size 1024K, 78 young (79872K), 9 survivors (9216K)
 Metaspace       used 76021K, committed 76800K, reserved 1179648K
  class space    used 11294K, committed 11648K, reserved 1048576K
}

Dll operation events (13 events):
Event: 0.019 Loaded shared library C:\Users\PHONG\.jdks\openjdk-23.0.1\bin\java.dll
Event: 0.191 Loaded shared library C:\Users\PHONG\.jdks\openjdk-23.0.1\bin\zip.dll
Event: 0.196 Loaded shared library C:\Users\PHONG\.jdks\openjdk-23.0.1\bin\instrument.dll
Event: 0.203 Loaded shared library C:\Users\PHONG\.jdks\openjdk-23.0.1\bin\net.dll
Event: 0.206 Loaded shared library C:\Users\PHONG\.jdks\openjdk-23.0.1\bin\nio.dll
Event: 0.210 Loaded shared library C:\Users\PHONG\.jdks\openjdk-23.0.1\bin\zip.dll
Event: 0.237 Loaded shared library C:\Users\PHONG\.jdks\openjdk-23.0.1\bin\jimage.dll
Event: 0.347 Loaded shared library C:\Program Files\JetBrains\IntelliJ IDEA 2024.3.1\bin\breakgen64.dll
Event: 0.367 Loaded shared library C:\Users\PHONG\.jdks\openjdk-23.0.1\bin\extnet.dll
Event: 0.389 Loaded shared library C:\Users\PHONG\.jdks\openjdk-23.0.1\bin\management.dll
Event: 0.409 Loaded shared library C:\Users\PHONG\.jdks\openjdk-23.0.1\bin\management_ext.dll
Event: 1.770 Loaded shared library C:\Users\PHONG\.jdks\openjdk-23.0.1\bin\sunmscapi.dll
Event: 4.460 Loaded shared library C:\Users\PHONG\.jdks\openjdk-23.0.1\bin\verify.dll

Deoptimization events (0 events):
No events

Classes loaded (20 events):
Event: 11.803 Loading class java/util/regex/Pattern$Neg
Event: 11.803 Loading class java/util/regex/Pattern$Neg done
Event: 11.806 Loading class java/util/regex/Pattern$Behind
Event: 11.806 Loading class java/util/regex/Pattern$Behind done
Event: 11.826 Loading class java/util/EmptyStackException
Event: 11.826 Loading class java/util/EmptyStackException done
Event: 11.925 Loading class java/io/InvalidClassException
Event: 11.925 Loading class java/io/InvalidClassException done
Event: 12.329 Loading class java/lang/Character$UnicodeBlock
Event: 12.330 Loading class java/lang/Character$Subset
Event: 12.330 Loading class java/lang/Character$Subset done
Event: 12.331 Loading class java/lang/Character$UnicodeBlock done
Event: 13.510 Loading class java/lang/invoke/MethodHandleImpl$CountingWrapper$1
Event: 13.510 Loading class java/lang/invoke/MethodHandleImpl$CountingWrapper$1 done
Event: 13.523 Loading class sun/reflect/ReflectionFactory
Event: 13.523 Loading class sun/reflect/ReflectionFactory done
Event: 13.524 Loading class sun/reflect/ReflectionFactory$1
Event: 13.524 Loading class sun/reflect/ReflectionFactory$1 done
Event: 13.524 Loading class java/io/OptionalDataException
Event: 13.524 Loading class java/io/OptionalDataException done

Classes unloaded (0 events):
No events

Classes redefined (0 events):
No events

Internal exceptions (20 events):
Event: 6.449 Thread 0x00000180b243c6d0 Exception <a 'java/lang/NoSuchMethodError'{0x00000000904e0a20}: 'java.lang.Object java.lang.invoke.Invokers$Holder.linkToTargetMethod(java.lang.Object, int, java.lang.Object, java.lang.Object)'> (0x00000000904e0a20) 
thrown [s\open\src\hotspot\share\interpreter\linkResolver.cpp, line 796]
Event: 6.468 Thread 0x00000180b243c6d0 Exception <a 'java/lang/NoSuchMethodError'{0x00000000903c21a0}: 'void java.lang.invoke.DirectMethodHandle$Holder.invokeSpecial(java.lang.Object, java.lang.Object, java.lang.Object, java.lang.Object, java.lang.Object, java.lang.Object, java.lang.Object, java.lang.Object)'> (0x00000000903c21a0) 
thrown [s\open\src\hotspot\share\interpreter\linkResolver.cpp, line 796]
Event: 6.473 Thread 0x00000180b243c6d0 Exception <a 'java/lang/NoSuchMethodError'{0x0000000090202b10}: 'void java.lang.invoke.DirectMethodHandle$Holder.invokeSpecial(java.lang.Object, java.lang.Object, int, java.lang.Object)'> (0x0000000090202b10) 
thrown [s\open\src\hotspot\share\interpreter\linkResolver.cpp, line 796]
Event: 6.474 Thread 0x00000180b243c6d0 Exception <a 'java/lang/NoSuchMethodError'{0x0000000090208f48}: 'java.lang.Object java.lang.invoke.DirectMethodHandle$Holder.newInvokeSpecial(java.lang.Object, java.lang.Object, int)'> (0x0000000090208f48) 
thrown [s\open\src\hotspot\share\interpreter\linkResolver.cpp, line 796]
Event: 6.502 Thread 0x00000180b243c6d0 Exception <a 'java/lang/NoSuchMethodError'{0x0000000090179fa8}: 'int java.lang.invoke.DirectMethodHandle$Holder.invokeSpecial(java.lang.Object, java.lang.Object, int, java.lang.Object)'> (0x0000000090179fa8) 
thrown [s\open\src\hotspot\share\interpreter\linkResolver.cpp, line 796]
Event: 6.504 Thread 0x00000180b243c6d0 Exception <a 'java/lang/NoSuchMethodError'{0x000000009019cb50}: 'java.lang.Object java.lang.invoke.DirectMethodHandle$Holder.newInvokeSpecial(java.lang.Object, java.lang.Object, java.lang.Object, java.lang.Object, java.lang.Object, int, java.lang.Object)'> (0x000000009019cb50) 
thrown [s\open\src\hotspot\share\interpreter\linkResolver.cpp, line 796]
Event: 6.508 Thread 0x00000180b243c6d0 Exception <a 'java/lang/NoSuchMethodError'{0x00000000901d3560}: 'java.lang.Object java.lang.invoke.Invokers$Holder.linkToTargetMethod(java.lang.Object, java.lang.Object, java.lang.Object, java.lang.Object, java.lang.Object, java.lang.Object, java.lang.Object, java.lang.Object, java.lang.Object, java.lang.Object, java.lang.Object, java.lang.Object)'> (0x00000000901d3560) 
thrown [s\open\src\hotspot\share\interpreter\linkResolver.cpp, line 796]
Event: 6.519 Thread 0x00000180b243c6d0 Exception <a 'java/lang/IncompatibleClassChangeError'{0x0000000090080e98}: Found class java.lang.Object, but interface was expected> (0x0000000090080e98) 
thrown [s\open\src\hotspot\share\interpreter\linkResolver.cpp, line 863]
Event: 6.598 Thread 0x00000180b243c6d0 Exception <a 'java/lang/IncompatibleClassChangeError'{0x000000008fea6f10}: Found class java.lang.Object, but interface was expected> (0x000000008fea6f10) 
thrown [s\open\src\hotspot\share\interpreter\linkResolver.cpp, line 863]
Event: 6.622 Thread 0x00000180b243c6d0 Exception <a 'java/lang/NoSuchMethodError'{0x000000008fd28e20}: 'java.lang.Object java.lang.invoke.DirectMethodHandle$Holder.newInvokeSpecial(java.lang.Object, java.lang.Object, java.lang.Object, java.lang.Object, java.lang.Object, java.lang.Object, java.lang.Object, int)'> (0x000000008fd28e20) 
thrown [s\open\src\hotspot\share\interpreter\linkResolver.cpp, line 796]
Event: 6.622 Thread 0x00000180b243c6d0 Exception <a 'java/lang/NoSuchMethodError'{0x000000008fd2d478}: 'java.lang.Object java.lang.invoke.DirectMethodHandle$Holder.invokeSpecial(java.lang.Object, java.lang.Object, java.lang.Object, java.lang.Object, java.lang.Object, java.lang.Object, java.lang.Object, java.lang.Object, int)'> (0x000000008fd2d478) 
thrown [s\open\src\hotspot\share\interpreter\linkResolver.cpp, line 796]
Event: 6.622 Thread 0x00000180b243c6d0 Exception <a 'java/lang/NoSuchMethodError'{0x000000008fd314b8}: 'java.lang.Object java.lang.invoke.Invokers$Holder.linkToTargetMethod(java.lang.Object, java.lang.Object, java.lang.Object, java.lang.Object, java.lang.Object, java.lang.Object, int, java.lang.Object)'> (0x000000008fd314b8) 
thrown [s\open\src\hotspot\share\interpreter\linkResolver.cpp, line 796]
Event: 6.659 Thread 0x00000180b243c6d0 Exception <a 'java/lang/NoSuchMethodError'{0x000000008fc4ae70}: 'java.lang.Object java.lang.invoke.DirectMethodHandle$Holder.newInvokeSpecial(java.lang.Object, java.lang.Object, int, java.lang.Object, int, java.lang.Object, java.lang.Object)'> (0x000000008fc4ae70) 
thrown [s\open\src\hotspot\share\interpreter\linkResolver.cpp, line 796]
Event: 11.563 Thread 0x00000180b243c6d0 Exception <a 'java/lang/IncompatibleClassChangeError'{0x0000000090b386b8}: Found class java.lang.Object, but interface was expected> (0x0000000090b386b8) 
thrown [s\open\src\hotspot\share\interpreter\linkResolver.cpp, line 863]
Event: 11.625 Thread 0x00000180b243c6d0 Exception <a 'java/lang/IncompatibleClassChangeError'{0x000000009097a460}: Found class java.lang.Object, but interface was expected> (0x000000009097a460) 
thrown [s\open\src\hotspot\share\interpreter\linkResolver.cpp, line 863]
Event: 11.756 Thread 0x00000180b243c6d0 Exception <a 'java/lang/IncompatibleClassChangeError'{0x0000000090169140}: Found class java.lang.Object, but interface was expected> (0x0000000090169140) 
thrown [s\open\src\hotspot\share\interpreter\linkResolver.cpp, line 863]
Event: 12.340 Thread 0x00000180b243c6d0 Exception <a 'java/lang/IncompatibleClassChangeError'{0x00000000917a1eb8}: Found class java.lang.Object, but interface was expected> (0x00000000917a1eb8) 
thrown [s\open\src\hotspot\share\interpreter\linkResolver.cpp, line 863]
Event: 12.340 Thread 0x00000180b243c6d0 Exception <a 'java/lang/IncompatibleClassChangeError'{0x00000000917a78b8}: Found class java.lang.Object, but interface was expected> (0x00000000917a78b8) 
thrown [s\open\src\hotspot\share\interpreter\linkResolver.cpp, line 863]
Event: 12.352 Thread 0x00000180b243c6d0 Exception <a 'java/lang/NoSuchMethodError'{0x0000000091636570}: 'java.lang.Object java.lang.invoke.DirectMethodHandle$Holder.invokeStatic(java.lang.Object, int, java.lang.Object)'> (0x0000000091636570) 
thrown [s\open\src\hotspot\share\interpreter\linkResolver.cpp, line 796]
Event: 13.506 Thread 0x00000180b243c6d0 Exception <a 'java/lang/NoSuchMethodError'{0x000000009811e968}: 'int java.lang.invoke.DirectMethodHandle$Holder.invokeStaticInit(java.lang.Object, int, java.lang.Object, java.lang.Object, java.lang.Object, java.lang.Object)'> (0x000000009811e968) 
thrown [s\open\src\hotspot\share\interpreter\linkResolver.cpp, line 796]

VM Operations (20 events):
Event: 13.052 Executing VM operation: G1PauseRemark done
Event: 13.059 Executing VM operation: G1PauseCleanup
Event: 13.059 Executing VM operation: G1PauseCleanup done
Event: 13.192 Executing VM operation: G1CollectForAllocation (G1 Evacuation Pause)
Event: 13.208 Executing VM operation: G1CollectForAllocation (G1 Evacuation Pause) done
Event: 13.333 Executing VM operation: G1CollectForAllocation (G1 Evacuation Pause)
Event: 13.353 Executing VM operation: G1CollectForAllocation (G1 Evacuation Pause) done
Event: 13.545 Executing VM operation: G1CollectForAllocation (G1 Evacuation Pause)
Event: 13.557 Executing VM operation: G1CollectForAllocation (G1 Evacuation Pause) done
Event: 13.612 Executing VM operation: G1PauseRemark
Event: 13.615 Executing VM operation: G1PauseRemark done
Event: 13.626 Executing VM operation: G1PauseCleanup
Event: 13.626 Executing VM operation: G1PauseCleanup done
Event: 13.693 Executing VM operation: HandshakeAllThreads (Deoptimize)
Event: 13.694 Executing VM operation: HandshakeAllThreads (Deoptimize) done
Event: 13.719 Executing VM operation: G1CollectForAllocation (G1 Evacuation Pause)
Event: 13.725 Executing VM operation: G1CollectForAllocation (G1 Evacuation Pause) done
Event: 13.827 Executing VM operation: G1CollectForAllocation (G1 Evacuation Pause)
Event: 13.833 Executing VM operation: G1CollectForAllocation (G1 Evacuation Pause) done
Event: 13.989 Executing VM operation: G1CollectForAllocation (G1 Evacuation Pause)

Memory protections (0 events):
No events

Nmethod flushes (20 events):
Event: 12.465 Thread 0x00000180c5640a60 flushing  nmethod 0x00000180bccb4b88
Event: 12.465 Thread 0x00000180c5640a60 flushing  nmethod 0x00000180bccb5188
Event: 12.465 Thread 0x00000180c5640a60 flushing  nmethod 0x00000180bccb5708
Event: 12.465 Thread 0x00000180c5640a60 flushing  nmethod 0x00000180bccb6f88
Event: 12.465 Thread 0x00000180c5640a60 flushing  nmethod 0x00000180bccb7508
Event: 12.465 Thread 0x00000180c5640a60 flushing  nmethod 0x00000180bccb7b08
Event: 12.465 Thread 0x00000180c5640a60 flushing  nmethod 0x00000180bccb8108
Event: 12.465 Thread 0x00000180c5640a60 flushing  nmethod 0x00000180bccd6f88
Event: 12.465 Thread 0x00000180c5640a60 flushing  nmethod 0x00000180bccd8a08
Event: 12.465 Thread 0x00000180c5640a60 flushing  nmethod 0x00000180bccdab08
Event: 12.465 Thread 0x00000180c5640a60 flushing  nmethod 0x00000180bccf8e88
Event: 12.465 Thread 0x00000180c5640a60 flushing  nmethod 0x00000180bccf9208
Event: 12.465 Thread 0x00000180c5640a60 flushing  nmethod 0x00000180bccfb708
Event: 12.465 Thread 0x00000180c5640a60 flushing  nmethod 0x00000180bcd0f808
Event: 12.465 Thread 0x00000180c5640a60 flushing  nmethod 0x00000180bcd10f88
Event: 12.465 Thread 0x00000180c5640a60 flushing  nmethod 0x00000180bcef8808
Event: 12.465 Thread 0x00000180c5640a60 flushing  nmethod 0x00000180bcef9b88
Event: 12.465 Thread 0x00000180c5640a60 flushing  nmethod 0x00000180bd05a888
Event: 12.465 Thread 0x00000180c5640a60 flushing  nmethod 0x00000180bd0baa08
Event: 12.465 Thread 0x00000180c5640a60 flushing  nmethod 0x00000180bd0bb788

Events (20 events):
Event: 10.851 Thread 0x000001810b5ac620 Thread added: 0x000001810e204a10
Event: 10.855 Thread 0x000001810e204a10 Thread exited: 0x000001810e204a10
Event: 11.278 Thread 0x00000180c5868730 Thread exited: 0x00000180c5868730
Event: 11.357 Thread 0x000001810b5ac620 Thread added: 0x000001810e204a10
Event: 11.361 Thread 0x000001810e204a10 Thread exited: 0x000001810e204a10
Event: 11.863 Thread 0x000001810b5ac620 Thread added: 0x000001810e204a10
Event: 11.866 Thread 0x000001810e204a10 Thread exited: 0x000001810e204a10
Event: 12.368 Thread 0x000001810b5ac620 Thread added: 0x000001810e201c20
Event: 12.371 Thread 0x000001810e201c20 Thread exited: 0x000001810e201c20
Event: 12.874 Thread 0x000001810b5ac620 Thread added: 0x000001810e204380
Event: 12.882 Thread 0x000001810e204380 Thread exited: 0x000001810e204380
Event: 13.384 Thread 0x000001810b5ac620 Thread added: 0x000001810e202940
Event: 13.384 Thread 0x00000180c5792820 Thread exited: 0x00000180c5792820
Event: 13.389 Thread 0x000001810e202940 Thread exited: 0x000001810e202940
Event: 13.480 Thread 0x00000180c5780140 Thread exited: 0x00000180c5780140
Event: 13.513 Thread 0x00000180c5676c80 Thread added: 0x00000180c5792820
Event: 13.513 Thread 0x00000180c5792820 Thread added: 0x000001810bf0c1f0
Event: 13.892 Thread 0x000001810bd87eb0 Thread added: 0x000001810e203660
Event: 13.896 Thread 0x000001810e203660 Thread exited: 0x000001810e203660
Event: 13.938 Thread 0x00000180c5676c80 Thread added: 0x000001810cfb2850


Dynamic libraries:
0x00007ff654450000 - 0x00007ff65445e000 	C:\Users\PHONG\.jdks\openjdk-23.0.1\bin\java.exe
0x00007ffdef120000 - 0x00007ffdef389000 	C:\WINDOWS\SYSTEM32\ntdll.dll
0x00007ffdedc80000 - 0x00007ffdedd49000 	C:\WINDOWS\System32\KERNEL32.DLL
0x00007ffdec710000 - 0x00007ffdecb03000 	C:\WINDOWS\System32\KERNELBASE.dll
0x00007ffdec2e0000 - 0x00007ffdec42b000 	C:\WINDOWS\System32\ucrtbase.dll
0x00007ffdd4350000 - 0x00007ffdd4367000 	C:\Users\PHONG\.jdks\openjdk-23.0.1\bin\jli.dll
0x00007ffdd3ec0000 - 0x00007ffdd3edb000 	C:\Users\PHONG\.jdks\openjdk-23.0.1\bin\VCRUNTIME140.dll
0x00007ffdeee90000 - 0x00007ffdef054000 	C:\WINDOWS\System32\USER32.dll
0x00007ffdd7150000 - 0x00007ffdd73e3000 	C:\WINDOWS\WinSxS\amd64_microsoft.windows.common-controls_6595b64144ccf1df_6.0.26100.5074_none_3e0d6f78e32fd63f\COMCTL32.dll
0x00007ffdec2b0000 - 0x00007ffdec2d7000 	C:\WINDOWS\System32\win32u.dll
0x00007ffdee3f0000 - 0x00007ffdee499000 	C:\WINDOWS\System32\msvcrt.dll
0x00007ffdedd50000 - 0x00007ffdedd7b000 	C:\WINDOWS\System32\GDI32.dll
0x00007ffdecb10000 - 0x00007ffdecc3d000 	C:\WINDOWS\System32\gdi32full.dll
0x00007ffdec660000 - 0x00007ffdec703000 	C:\WINDOWS\System32\msvcp_win.dll
0x00007ffdee870000 - 0x00007ffdee89f000 	C:\WINDOWS\System32\IMM32.DLL
0x00007ffdd3f60000 - 0x00007ffdd3f6c000 	C:\Users\PHONG\.jdks\openjdk-23.0.1\bin\vcruntime140_1.dll
0x00007ffdb3bf0000 - 0x00007ffdb3c7e000 	C:\Users\PHONG\.jdks\openjdk-23.0.1\bin\msvcp140.dll
0x00007ffd6a960000 - 0x00007ffd6b6af000 	C:\Users\PHONG\.jdks\openjdk-23.0.1\bin\server\jvm.dll
0x00007ffdeda60000 - 0x00007ffdedb14000 	C:\WINDOWS\System32\ADVAPI32.dll
0x00007ffdee6a0000 - 0x00007ffdee746000 	C:\WINDOWS\System32\sechost.dll
0x00007ffdee750000 - 0x00007ffdee868000 	C:\WINDOWS\System32\RPCRT4.dll
0x00007ffdee370000 - 0x00007ffdee3e4000 	C:\WINDOWS\System32\WS2_32.dll
0x00007ffdec130000 - 0x00007ffdec18e000 	C:\WINDOWS\SYSTEM32\POWRPROF.dll
0x00007ffddea60000 - 0x00007ffddea95000 	C:\WINDOWS\SYSTEM32\WINMM.dll
0x00007ffddf140000 - 0x00007ffddf14b000 	C:\WINDOWS\SYSTEM32\VERSION.dll
0x00007ffdec110000 - 0x00007ffdec124000 	C:\WINDOWS\SYSTEM32\UMPDC.dll
0x00007ffdeb050000 - 0x00007ffdeb06b000 	C:\WINDOWS\SYSTEM32\kernel.appcore.dll
0x00007ffdd3cd0000 - 0x00007ffdd3cda000 	C:\Users\PHONG\.jdks\openjdk-23.0.1\bin\jimage.dll
0x00007ffddde60000 - 0x00007ffdde0a2000 	C:\WINDOWS\SYSTEM32\DBGHELP.DLL
0x00007ffdeeac0000 - 0x00007ffdeee3b000 	C:\WINDOWS\System32\combase.dll
0x00007ffdedd80000 - 0x00007ffdede57000 	C:\WINDOWS\System32\OLEAUT32.dll
0x00007ffdcdbc0000 - 0x00007ffdcdbfd000 	C:\WINDOWS\SYSTEM32\dbgcore.DLL
0x00007ffdecdc0000 - 0x00007ffdece59000 	C:\WINDOWS\System32\bcryptPrimitives.dll
0x00007ffdd3ad0000 - 0x00007ffdd3adf000 	C:\Users\PHONG\.jdks\openjdk-23.0.1\bin\instrument.dll
0x00007ffdd3af0000 - 0x00007ffdd3b0e000 	C:\Users\PHONG\.jdks\openjdk-23.0.1\bin\java.dll
0x00007ffdee4d0000 - 0x00007ffdee668000 	C:\WINDOWS\System32\ole32.dll
0x00007ffdecf80000 - 0x00007ffded6cd000 	C:\WINDOWS\System32\SHELL32.dll
0x00007ffdec4f0000 - 0x00007ffdec65c000 	C:\WINDOWS\System32\wintypes.dll
0x00007ffde9ed0000 - 0x00007ffdea729000 	C:\WINDOWS\SYSTEM32\windows.storage.dll
0x00007ffdee8c0000 - 0x00007ffdee9b0000 	C:\WINDOWS\System32\SHCORE.dll
0x00007ffded750000 - 0x00007ffded7b2000 	C:\WINDOWS\System32\shlwapi.dll
0x00007ffdec1d0000 - 0x00007ffdec1f9000 	C:\WINDOWS\SYSTEM32\profapi.dll
0x00007ffdd2ac0000 - 0x00007ffdd2ad7000 	C:\Users\PHONG\.jdks\openjdk-23.0.1\bin\zip.dll
0x00007ffdd3ae0000 - 0x00007ffdd3af0000 	C:\Users\PHONG\.jdks\openjdk-23.0.1\bin\net.dll
0x00007ffdeb5b0000 - 0x00007ffdeb61b000 	C:\WINDOWS\system32\mswsock.dll
0x00007ffdd39b0000 - 0x00007ffdd39c6000 	C:\Users\PHONG\.jdks\openjdk-23.0.1\bin\nio.dll
0x00007ffdd1850000 - 0x00007ffdd186a000 	C:\Program Files\JetBrains\IntelliJ IDEA 2024.3.1\bin\breakgen64.dll
0x00007ffdeaa30000 - 0x00007ffdeab56000 	C:\WINDOWS\SYSTEM32\DNSAPI.dll
0x00007ffdea9f0000 - 0x00007ffdeaa24000 	C:\WINDOWS\SYSTEM32\IPHLPAPI.DLL
0x00007ffdede60000 - 0x00007ffdede6a000 	C:\WINDOWS\System32\NSI.dll
0x00007ffdd3800000 - 0x00007ffdd3809000 	C:\Users\PHONG\.jdks\openjdk-23.0.1\bin\extnet.dll
0x0000000064d10000 - 0x0000000064d36000 	C:\Program Files\Bonjour\mdnsNSP.dll
0x00007ffde3410000 - 0x00007ffde341b000 	C:\Windows\System32\rasadhlp.dll
0x00007ffde4e10000 - 0x00007ffde4e96000 	C:\WINDOWS\System32\fwpuclnt.dll
0x00007ffdd3160000 - 0x00007ffdd316a000 	C:\Users\PHONG\.jdks\openjdk-23.0.1\bin\management.dll
0x00007ffdd2740000 - 0x00007ffdd274b000 	C:\Users\PHONG\.jdks\openjdk-23.0.1\bin\management_ext.dll
0x00007ffdee8b0000 - 0x00007ffdee8b8000 	C:\WINDOWS\System32\PSAPI.DLL
0x00007ffdeb980000 - 0x00007ffdeb99b000 	C:\WINDOWS\SYSTEM32\CRYPTSP.dll
0x00007ffdeafb0000 - 0x00007ffdeafeb000 	C:\WINDOWS\system32\rsaenh.dll
0x00007ffdeb650000 - 0x00007ffdeb67b000 	C:\WINDOWS\SYSTEM32\USERENV.dll
0x00007ffdec1a0000 - 0x00007ffdec1c6000 	C:\WINDOWS\SYSTEM32\bcrypt.dll
0x00007ffdeb960000 - 0x00007ffdeb96c000 	C:\WINDOWS\SYSTEM32\CRYPTBASE.dll
0x00007ffdaf160000 - 0x00007ffdaf178000 	C:\WINDOWS\system32\napinsp.dll
0x00007ffdaf0b0000 - 0x00007ffdaf0c2000 	C:\WINDOWS\System32\winrnr.dll
0x00007ffdaf080000 - 0x00007ffdaf0a8000 	C:\WINDOWS\system32\nlansp_c.dll
0x00007ffde55a0000 - 0x00007ffde55b6000 	C:\WINDOWS\system32\wshbth.dll
0x00007ffdd6c20000 - 0x00007ffdd6c76000 	C:\WINDOWS\SYSTEM32\pdh.dll
0x00007ffdcdad0000 - 0x00007ffdcdae2000 	C:\WINDOWS\System32\perfproc.dll
0x00007ffdb2c60000 - 0x00007ffdb2c71000 	C:\WINDOWS\System32\perfos.dll
0x00007ffdea750000 - 0x00007ffdea762000 	C:\WINDOWS\SYSTEM32\pfclient.dll
0x00007ffdd38d0000 - 0x00007ffdd38de000 	C:\Users\PHONG\.jdks\openjdk-23.0.1\bin\sunmscapi.dll
0x00007ffdecc40000 - 0x00007ffdecdb7000 	C:\WINDOWS\System32\CRYPT32.dll
0x00007ffdebad0000 - 0x00007ffdebb00000 	C:\WINDOWS\SYSTEM32\ncrypt.dll
0x00007ffdeba80000 - 0x00007ffdebabf000 	C:\WINDOWS\SYSTEM32\NTASN1.dll
0x00007ffdd0f50000 - 0x00007ffdd0f60000 	C:\Users\PHONG\.jdks\openjdk-23.0.1\bin\verify.dll

dbghelp: loaded successfully - version: 4.0.5 - missing functions: none
symbol engine: initialized successfully - sym options: 0x614 - pdb path: .;C:\Users\PHONG\.jdks\openjdk-23.0.1\bin;C:\WINDOWS\SYSTEM32;C:\WINDOWS\WinSxS\amd64_microsoft.windows.common-controls_6595b64144ccf1df_6.0.26100.5074_none_3e0d6f78e32fd63f;C:\Users\PHONG\.jdks\openjdk-23.0.1\bin\server;C:\Program Files\JetBrains\IntelliJ IDEA 2024.3.1\bin;C:\Program Files\Bonjour

VM Arguments:
jvm_args: -XX:TieredStopAtLevel=1 -Dspring.output.ansi.enabled=always -Dcom.sun.management.jmxremote -Dspring.jmx.enabled=true -Dspring.liveBeansView.mbeanDomain -Dspring.application.admin.enabled=true -Dmanagement.endpoints.jmx.exposure.include=* -javaagent:C:\Program Files\JetBrains\IntelliJ IDEA 2024.3.1\lib\idea_rt.jar=58762:C:\Program Files\JetBrains\IntelliJ IDEA 2024.3.1\bin -Dfile.encoding=UTF-8 -Dsun.stdout.encoding=UTF-8 -Dsun.stderr.encoding=UTF-8 
java_command: org.datn.bookstation.BookStationApplication
java_class_path (initial): D:\DuAnTN\BookStation-Backend\target\classes;C:\Users\PHONG\.m2\repository\org\springframework\boot\spring-boot-starter-web\3.5.0\spring-boot-starter-web-3.5.0.jar;C:\Users\PHONG\.m2\repository\org\springframework\boot\spring-boot-starter\3.5.0\spring-boot-starter-3.5.0.jar;C:\Users\PHONG\.m2\repository\org\springframework\boot\spring-boot\3.5.0\spring-boot-3.5.0.jar;C:\Users\PHONG\.m2\repository\org\springframework\boot\spring-boot-autoconfigure\3.5.0\spring-boot-autoconfigure-3.5.0.jar;C:\Users\PHONG\.m2\repository\org\springframework\boot\spring-boot-starter-logging\3.5.0\spring-boot-starter-logging-3.5.0.jar;C:\Users\PHONG\.m2\repository\ch\qos\logback\logback-classic\1.5.18\logback-classic-1.5.18.jar;C:\Users\PHONG\.m2\repository\ch\qos\logback\logback-core\1.5.18\logback-core-1.5.18.jar;C:\Users\PHONG\.m2\repository\org\apache\logging\log4j\log4j-to-slf4j\2.24.3\log4j-to-slf4j-2.24.3.jar;C:\Users\PHONG\.m2\repository\org\apache\logging\log4j\log4j-api\2.24.3\log4j-api-2.24.3.jar;C:\Users\PHONG\.m2\repository\org\slf4j\jul-to-slf4j\2.0.17\jul-to-slf4j-2.0.17.jar;C:\Users\PHONG\.m2\repository\jakarta\annotation\jakarta.annotation-api\2.1.1\jakarta.annotation-api-2.1.1.jar;C:\Users\PHONG\.m2\repository\org\yaml\snakeyaml\2.4\snakeyaml-2.4.jar;C:\Users\PHONG\.m2\repository\org\springframework\boot\spring-boot-starter-json\3.5.0\spring-boot-starter-json-3.5.0.jar;C:\Users\PHONG\.m2\repository\com\fasterxml\jackson\datatype\jackson-datatype-jdk8\2.19.0\jackson-datatype-jdk8-2.19.0.jar;C:\Users\PHONG\.m2\repository\com\fasterxml\jackson\datatype\jackson-datatype-jsr310\2.19.0\jackson-datatype-jsr310-2.19.0.jar;C:\Users\PHONG\.m2\repository\com\fasterxml\jackson\module\jackson-module-parameter-names\2.19.0\jackson-module-parameter-names-2.19.0.jar;C:\Users\PHONG\.m2\repository\org\springframework\boot\spring-boot-starter-tomcat\3.5.0\spring-boot-starter-tomcat-3.5.0.jar;C:\Users\PHONG\.m2\repository\org\apache\tomcat\embed\tomcat-embed-core\10.1.41\tomcat-embed-core-10.1.41.jar;C:\Users\PHONG\.m2\repository\org\apache\tomcat\embed\tomcat-embed-websocket\10.1.41\tomcat-embed-websocket-10.1.41.jar;C:\Users\PHONG\.m2\repository\org\springframework\spring-web\6.2.7\spring-web-6.2.7.jar;C:\Users\PHONG\.m2\repository\org\springframework\spring-beans\6.2.7\spring-beans-6.2.7.jar;C:\Users\PHONG\.m2\repository\io\micrometer\micrometer-observation\1.15.0\micrometer-observation-1.15.0.jar;C:\Users\PHONG\.m2\repository\io\micrometer\micrometer-commons\1.15.0\micrometer-commons-1.15.0.jar;C:\Users\PHONG\.m2\repository\org\springframework\spring-webmvc\6.2.7\spring-webmvc-6.2.7.jar;C:\Users\PHONG\.m2\repository\org\springframework\spring-context\6.2.7\spring-context-6.2.7.jar;C:\Users\PHONG\.m2\repository\org\springframework\spring-expression\6.2.7\spring-expression-6.2.7.jar;C:\Users\PHONG\.m2\repository\org\slf4j\slf4j-api\2.0.17\slf4j-api-2.0.17.jar;C:\Users\PHONG\.m2\repository\jakarta\xml\bind\jakarta.xml.bind-api\4.0.2\jakarta.xml.bind-api-4.0.2.jar;C:\Users\PHONG\.m2\repository\jakarta\activation\jakarta.activation-api\2.1.3\jakarta.activation-api-2.1.3.jar;C:\Users\PHONG\.m2\repository\net\bytebuddy\byte-buddy\1.17.5\byte-buddy-1.17.5.jar;C:\Users\PHONG\.m2\repository\org\springframework\spring-core\6.2.7\spring-core-6.2.7.jar;C:\Users\PHONG\.m2\repository\org\springframework\spring-jcl\6.2.7\spring-jcl-6.2.7.jar;C:\Users\PHONG\.m2\repository\org\projectlombok\lombok\1.18.36\lombok-1.18.36.jar;C:\Users\PHONG\.m2\repository\org\springframework\boot\spring-boot-starter-validation\3.5.0\spring-boot-starter-validation-3.5.0.jar;C:\Users\PHONG\.m2\repository\org\apache\tomcat\embed\tomcat-embed-el\10.1.41\tomcat-embed-el-10.1.41.jar;C:\Users\PHONG\.m2\repository\org\hibernate\validator\hibernate-validator\8.0.2.Final\hibernate-validator-8.0.2.Final.jar;C:\Users\PHONG\.m2\repository\jakarta\validation\jakarta.validation-api\3.0.2\jakarta.validation-api-3.0.2.jar;C:\Users\PHONG\.m2\repository\org\jboss\logging\jboss-logging\3.6.1.Final\jboss-logging-3.6.1.Final.jar;C:\Users\PHONG\.m2\repository\com\fasterxml\classmate\1.7.0\classmate-1.7.0.jar;C:\Users\PHONG\.m2\repository\org\springframework\boot\spring-boot-starter-data-jpa\3.5.0\spring-boot-starter-data-jpa-3.5.0.jar;C:\Users\PHONG\.m2\repository\org\springframework\boot\spring-boot-starter-jdbc\3.5.0\spring-boot-starter-jdbc-3.5.0.jar;C:\Users\PHONG\.m2\repository\com\zaxxer\HikariCP\6.3.0\HikariCP-6.3.0.jar;C:\Users\PHONG\.m2\repository\org\springframework\spring-jdbc\6.2.7\spring-jdbc-6.2.7.jar;C:\Users\PHONG\.m2\repository\org\hibernate\orm\hibernate-core\6.6.15.Final\hibernate-core-6.6.15.Final.jar;C:\Users\PHONG\.m2\repository\jakarta\persistence\jakarta.persistence-api\3.1.0\jakarta.persistence-api-3.1.0.jar;C:\Users\PHONG\.m2\repository\jakarta\transaction\jakarta.transaction-api\2.0.1\jakarta.transaction-api-2.0.1.jar;C:\Users\PHONG\.m2\repository\org\hibernate\common\hibernate-commons-annotations\7.0.3.Final\hibernate-commons-annotations-7.0.3.Final.jar;C:\Users\PHONG\.m2\repository\io\smallrye\jandex\3.2.0\jandex-3.2.0.jar;C:\Users\PHONG\.m2\repository\org\glassfish\jaxb\jaxb-runtime\4.0.5\jaxb-runtime-4.0.5.jar;C:\Users\PHONG\.m2\repository\org\glassfish\jaxb\jaxb-core\4.0.5\jaxb-core-4.0.5.jar;C:\Users\PHONG\.m2\repository\org\glassfish\jaxb\txw2\4.0.5\txw2-4.0.5.jar;C:\Users\PHONG\.m2\repository\com\sun\istack\istack-commons-runtime\4.1.2\istack-commons-runtime-4.1.2.jar;C:\Users\PHONG\.m2\repository\jakarta\inject\jakarta.inject-api\2.0.1\jakarta.inject-api-2.0.1.jar;C:\Users\PHONG\.m2\repository\org\antlr\antlr4-runtime\4.13.0\antlr4-runtime-4.13.0.jar;C:\Users\PHONG\.m2\repository\org\springframework\data\spring-data-jpa\3.5.0\spring-data-jpa-3.5.0.jar;C:\Users\PHONG\.m2\repository\org\springframework\data\spring-data-commons\3.5.0\spring-data-commons-3.5.0.jar;C:\Users\PHONG\.m2\repository\org\springframework\spring-orm\6.2.7\spring-orm-6.2.7.jar;C:\Users\PHONG\.m2\repository\org\springframework\spring-tx\6.2.7\spring-tx-6.2.7.jar;C:\Users\PHONG\.m2\repository\org\springframework\spring-aspects\6.2.7\spring-aspects-6.2.7.jar;C:\Users\PHONG\.m2\repository\org\aspectj\aspectjweaver\1.9.24\aspectjweaver-1.9.24.jar;C:\Users\PHONG\.m2\repository\com\microsoft\sqlserver\mssql-jdbc\12.8.1.jre11\mssql-jdbc-12.8.1.jre11.jar;C:\Users\PHONG\.m2\repository\org\springframework\boot\spring-boot-starter-security\3.5.0\spring-boot-starter-security-3.5.0.jar;C:\Users\PHONG\.m2\repository\org\springframework\spring-aop\6.2.7\spring-aop-6.2.7.jar;C:\Users\PHONG\.m2\repository\org\springframework\security\spring-security-config\6.5.0\spring-security-config-6.5.0.jar;C:\Users\PHONG\.m2\repository\org\springframework\security\spring-security-core\6.5.0\spring-security-core-6.5.0.jar;C:\Users\PHONG\.m2\repository\org\springframework\security\spring-security-crypto\6.5.0\spring-security-crypto-6.5.0.jar;C:\Users\PHONG\.m2\repository\org\springframework\security\spring-security-web\6.5.0\spring-security-web-6.5.0.jar;C:\Users\PHONG\.m2\repository\io\jsonwebtoken\jjwt\0.9.1\jjwt-0.9.1.jar;C:\Users\PHONG\.m2\repository\com\fasterxml\jackson\core\jackson-databind\2.19.0\jackson-databind-2.19.0.jar;C:\Users\PHONG\.m2\repository\com\fasterxml\jackson\core\jackson-annotations\2.19.0\jackson-annotations-2.19.0.jar;C:\Users\PHONG\.m2\repository\com\fasterxml\jackson\core\jackson-core\2.19.0\jackson-core-2.19.0.jar;C:\Users\PHONG\.m2\repository\javax\xml\bind\jaxb-api\2.3.1\jaxb-api-2.3.1.jar;C:\Users\PHONG\.m2\repository\javax\activation\javax.activation-api\1.2.0\javax.activation-api-1.2.0.jar;C:\Users\PHONG\.m2\repository\org\mapstruct\mapstruct\1.5.5.Final\mapstruct-1.5.5.Final.jar;C:\Users\PHONG\.m2\repository\org\mapstruct\mapstruct-processor\1.5.5.Final\mapstruct-processor-1.5.5.Final.jar;C:\Users\PHONG\.m2\repository\org\springframework\boot\spring-boot-starter-mail\3.5.0\spring-boot-starter-mail-3.5.0.jar;C:\Users\PHONG\.m2\repository\org\springframework\spring-context-support\6.2.7\spring-context-support-6.2.7.jar;C:\Users\PHONG\.m2\repository\org\eclipse\angus\jakarta.mail\2.0.3\jakarta.mail-2.0.3.jar;C:\Users\PHONG\.m2\repository\org\eclipse\angus\angus-activation\2.0.2\angus-activation-2.0.2.jar;C:\Users\PHONG\.m2\repository\commons-codec\commons-codec\1.16.0\commons-codec-1.16.0.jar;C:\Users\PHONG\.m2\repository\com\google\zxing\core\3.5.1\core-3.5.1.jar;C:\Users\PHONG\.m2\repository\com\google\zxing\javase\3.5.1\javase-3.5.1.jar;C:\Users\PHONG\.m2\repository\com\beust\jcommander\1.82\jcommander-1.82.jar;C:\Users\PHONG\.m2\repository\com\github\jai-imageio\jai-imageio-core\1.4.0\jai-imageio-core-1.4.0.jar;C:\Users\PHONG\.m2\repository\com\openhtmltopdf\openhtmltopdf-pdfbox\1.0.10\openhtmltopdf-pdfbox-1.0.10.jar;C:\Users\PHONG\.m2\repository\org\apache\pdfbox\pdfbox\2.0.24\pdfbox-2.0.24.jar;C:\Users\PHONG\.m2\repository\org\apache\pdfbox\fontbox\2.0.24\fontbox-2.0.24.jar;C:\Users\PHONG\.m2\repository\commons-logging\commons-logging\1.2\commons-logging-1.2.jar;C:\Users\PHONG\.m2\repository\org\apache\pdfbox\xmpbox\2.0.24\xmpbox-2.0.24.jar;C:\Users\PHONG\.m2\repository\com\openhtmltopdf\openhtmltopdf-core\1.0.10\openhtmltopdf-core-1.0.10.jar;C:\Users\PHONG\.m2\repository\de\rototor\pdfbox\graphics2d\0.32\graphics2d-0.32.jar;C:\Users\PHONG\.m2\repository\com\openhtmltopdf\openhtmltopdf-slf4j\1.0.10\openhtmltopdf-slf4j-1.0.10.jar;C:\Users\PHONG\.m2\repository\org\springframework\boot\spring-boot-starter-thymeleaf\3.5.0\spring-boot-starter-thymeleaf-3.5.0.jar;C:\Users\PHONG\.m2\repository\org\thymeleaf\thymeleaf-spring6\3.1.3.RELEASE\thymeleaf-spring6-3.1.3.RELEASE.jar;C:\Users\PHONG\.m2\repository\org\thymeleaf\thymeleaf\3.1.3.RELEASE\thymeleaf-3.1.3.RELEASE.jar;C:\Users\PHONG\.m2\repository\org\attoparser\attoparser\2.0.7.RELEASE\attoparser-2.0.7.RELEASE.jar;C:\Users\PHONG\.m2\repository\org\unbescape\unbescape\1.1.6.RELEASE\unbescape-1.1.6.RELEASE.jar
Launcher Type: SUN_STANDARD

[Global flags]
     intx CICompilerCount                          = 12                                        {product} {ergonomic}
     uint ConcGCThreads                            = 3                                         {product} {ergonomic}
     uint G1ConcRefinementThreads                  = 13                                        {product} {ergonomic}
   size_t G1HeapRegionSize                         = 1048576                                   {product} {ergonomic}
   size_t InitialHeapSize                          = 121634816                                 {product} {ergonomic}
     bool ManagementServer                         = true                                      {product} {command line}
   size_t MarkStackSize                            = 4194304                                   {product} {ergonomic}
   size_t MarkStackSizeMax                         = 536870912                                 {product} {ergonomic}
   size_t MaxHeapSize                              = 1931476992                                {product} {ergonomic}
   size_t MaxNewSize                               = 1158676480                                {product} {ergonomic}
   size_t MinHeapDeltaBytes                        = 1048576                                   {product} {ergonomic}
   size_t MinHeapSize                              = 8388608                                   {product} {ergonomic}
    uintx NonNMethodCodeHeapSize                   = 4096                                   {pd product} {ergonomic}
    uintx NonProfiledCodeHeapSize                  = 0                                      {pd product} {ergonomic}
     bool ProfileInterpreter                       = false                                  {pd product} {command line}
    uintx ProfiledCodeHeapSize                     = 0                                      {pd product} {ergonomic}
   size_t SoftMaxHeapSize                          = 1931476992                             {manageable} {ergonomic}
     intx TieredStopAtLevel                        = 1                                         {product} {command line}
     bool UseCompressedOops                        = true                           {product lp64_product} {ergonomic}
     bool UseG1GC                                  = true                                      {product} {ergonomic}
     bool UseLargePagesIndividualAllocation        = false                                  {pd product} {ergonomic}

Logging:
Log output configuration:
 #0: stdout all=warning uptime,level,tags foldmultilines=false
 #1: stderr all=off uptime,level,tags foldmultilines=false

Environment Variables:
PATH=C:\Program Files\Common Files\Oracle\Java\javapath;C:\WINDOWS\system32;C:\WINDOWS;C:\WINDOWS\System32\Wbem;C:\WINDOWS\System32\WindowsPowerShell\v1.0\;C:\WINDOWS\System32\OpenSSH\;C:\Program Files (x86)\Microsoft SQL Server\150\DTS\Binn\;C:\Program Files\Microsoft SQL Server\150\DTS\Binn\;C:\Program Files\Microsoft SQL Server\Client SDK\ODBC\170\Tools\Binn\;C:\Program Files (x86)\Microsoft SQL Server\150\Tools\Binn\;C:\Program Files\Microsoft SQL Server\150\Tools\Binn\;C:\Program Files (x86)\Microsoft SQL Server\160\DTS\Binn\;C:\Program Files\Git\cmd;C:\Program Files\nodejs\;C:\Program Files\Docker\Docker\resources\bin;C:\Program Files\Cloudflare\Cloudflare WARP\;C:\Program Files\dotnet\;C:\Program Files\MySQL\MySQL Shell 8.0\bin\;C:\Users\PHONG\AppData\Local\Microsoft\WindowsApps;;C:\Program Files\JetBrains\IntelliJ IDEA 2024.3.1\bin;;C:\Program Files\Azure Data Studio\bin;C:\Users\PHONG\AppData\Local\Programs\Microsoft VS Code\bin;C:\Users\PHONG\AppData\Roaming\npm;C:\Users\PHONG\AppData\Local\Programs\cursor\resources\app\bin;C:\Users\PHONG\.dotnet\tools
USERNAME=PHONG
OS=Windows_NT
PROCESSOR_IDENTIFIER=AMD64 Family 25 Model 68 Stepping 1, AuthenticAMD
TMP=C:\Users\PHONG\AppData\Local\Temp
TEMP=C:\Users\PHONG\AppData\Local\Temp




Periodic native trim disabled

---------------  S Y S T E M  ---------------

OS:
 Windows 11 , 64 bit Build 26100 (10.0.26100.5074)
OS uptime: 0 days 12:24 hours
Hyper-V role detected

CPU: total 16 (initial active 16) (16 cores per cpu, 2 threads per core) family 25 model 68 stepping 1 microcode 0xa404107, cx8, cmov, fxsr, ht, mmx, 3dnowpref, sse, sse2, sse3, ssse3, sse4a, sse4.1, sse4.2, popcnt, lzcnt, tsc, tscinvbit, avx, avx2, aes, erms, clmul, bmi1, bmi2, adx, sha, fma, vzeroupper, clflush, clflushopt, hv, rdtscp, rdpid, fsrm, f16c, cet_ss
Processor Information for processor 0
  Max Mhz: 3201, Current Mhz: 2566, Mhz Limit: 3201
Processor Information for processor 1
  Max Mhz: 3201, Current Mhz: 2566, Mhz Limit: 3201
Processor Information for processor 2
  Max Mhz: 3201, Current Mhz: 3201, Mhz Limit: 3201
Processor Information for processor 3
  Max Mhz: 3201, Current Mhz: 2566, Mhz Limit: 3201
Processor Information for processor 4
  Max Mhz: 3201, Current Mhz: 2566, Mhz Limit: 3201
Processor Information for processor 5
  Max Mhz: 3201, Current Mhz: 3201, Mhz Limit: 3201
Processor Information for processor 6
  Max Mhz: 3201, Current Mhz: 2566, Mhz Limit: 3201
Processor Information for processor 7
  Max Mhz: 3201, Current Mhz: 2566, Mhz Limit: 3201
Processor Information for processor 8
  Max Mhz: 3201, Current Mhz: 2566, Mhz Limit: 3201
Processor Information for processor 9
  Max Mhz: 3201, Current Mhz: 2566, Mhz Limit: 3201
Processor Information for processor 10
  Max Mhz: 3201, Current Mhz: 2566, Mhz Limit: 3201
Processor Information for processor 11
  Max Mhz: 3201, Current Mhz: 2566, Mhz Limit: 3201
Processor Information for processor 12
  Max Mhz: 3201, Current Mhz: 3201, Mhz Limit: 3201
Processor Information for processor 13
  Max Mhz: 3201, Current Mhz: 2566, Mhz Limit: 3201
Processor Information for processor 14
  Max Mhz: 3201, Current Mhz: 2566, Mhz Limit: 3201
Processor Information for processor 15
  Max Mhz: 3201, Current Mhz: 2566, Mhz Limit: 3201

Memory: 4k page, system-wide physical 7365M (520M free)
TotalPageFile size 24351M (AvailPageFile size 93M)
current process WorkingSet (physical memory assigned to process): 411M, peak: 411M
current process commit charge ("private bytes"): 479M, peak: 705M

vm_info: OpenJDK 64-Bit Server VM (23.0.1+11-39) for windows-amd64 JRE (23.0.1+11-39), built on 2024-09-30T07:20:43Z with MS VC++ 17.6 (VS2022)

END.
