#
# There is insufficient memory for the Java Runtime Environment to continue.
# Native memory allocation (mmap) failed to map 121634816 bytes. Error detail: G1 virtual space
# Possible reasons:
#   The system is out of physical RAM or swap space
#   This process is running with CompressedOops enabled, and the Java Heap may be blocking the growth of the native heap
# Possible solutions:
#   Reduce memory load on the system
#   Increase physical memory or swap space
#   Check if swap backing store is full
#   Decrease Java heap size (-Xmx/-Xms)
#   Decrease number of Java threads
#   Decrease Java thread stack sizes (-Xss)
#   Set larger code cache with -XX:ReservedCodeCacheSize=
#   JVM is running with Unscaled Compressed Oops mode in which the Java heap is
#     placed in the first 4GB address space. The Java Heap base address is the
#     maximum limit for the native heap growth. Please use -XX:HeapBaseMinAddress
#     to set the Java Heap base and to place the Java Heap above 4GB virtual address.
# This output file may be truncated or incomplete.
#
#  Out of Memory Error (os_windows.cpp:3828), pid=26888, tid=17288
#
# JRE version:  (21.0.5+8) (build )
# Java VM: OpenJDK 64-Bit Server VM (21.0.5+8-b631.28, mixed mode, sharing, tiered, compressed oops, compressed class ptrs, g1 gc, windows-amd64)
# No core dump will be written. Minidumps are not enabled by default on client versions of Windows
#

---------------  S U M M A R Y ------------

Command Line: git4idea.http.GitAskPassApp Username for 'https://github.com': 

Host: AMD Ryzen 7 6800H with Radeon Graphics         , 16 cores, 7G,  Windows 11 , 64 bit Build 26100 (10.0.26100.4768)
Time: Tue Aug 26 00:35:36 2025 SE Asia Standard Time elapsed time: 1.266475 seconds (0d 0h 0m 1s)

---------------  T H R E A D  ---------------

Current thread (0x0000028984052bc0):  JavaThread "Unknown thread" [_thread_in_vm, id=17288, stack(0x000000977d300000,0x000000977d400000) (1024K)]

Stack: [0x000000977d300000,0x000000977d400000]
Native frames: (J=compiled Java code, j=interpreted, Vv=VM code, C=native code)
V  [jvm.dll+0x6e52b9]
V  [jvm.dll+0x8c3633]
V  [jvm.dll+0x8c5b8e]
V  [jvm.dll+0x8c6273]
V  [jvm.dll+0x288f46]
V  [jvm.dll+0x6e1a35]
V  [jvm.dll+0x6d5e3a]
V  [jvm.dll+0x3634bb]
V  [jvm.dll+0x36b086]
V  [jvm.dll+0x3bd346]
V  [jvm.dll+0x3bd618]
V  [jvm.dll+0x335c2c]
V  [jvm.dll+0x33691b]
V  [jvm.dll+0x88aa89]
V  [jvm.dll+0x3ca518]
V  [jvm.dll+0x873b98]
V  [jvm.dll+0x45eede]
V  [jvm.dll+0x460bc1]
C  [jli.dll+0x52ab]
C  [ucrtbase.dll+0x37b0]
C  [KERNEL32.DLL+0x2e8d7]
C  [ntdll.dll+0x3c34c]


---------------  P R O C E S S  ---------------

Threads class SMR info:
_java_thread_list=0x00007ffed1cba148, length=0, elements={
}

Java Threads: ( => current thread )
Total: 0

Other Threads:
  0x00000289845a9720 WorkerThread "GC Thread#0"                     [id=4480, stack(0x000000977d400000,0x000000977d500000) (1024K)]
  0x00000289845b9050 ConcurrentGCThread "G1 Main Marker"            [id=13452, stack(0x000000977d500000,0x000000977d600000) (1024K)]
  0x00000289845ba6c0 WorkerThread "G1 Conc#0"                       [id=12508, stack(0x000000977d600000,0x000000977d700000) (1024K)]

[error occurred during error reporting (printing all threads), id 0xc0000005, EXCEPTION_ACCESS_VIOLATION (0xc0000005) at pc=0x00007ffed13a8ce7]
VM state: not at safepoint (not fully initialized)

VM Mutex/Monitor currently owned by a thread:  ([mutex/lock_event])
[0x00007ffed1d2eb30] Heap_lock - owner thread: 0x0000028984052bc0

Heap address: 0x000000008ce00000, size: 1842 MB, Compressed Oops mode: 32-bit

CDS archive(s) mapped at: [0x0000000000000000-0x0000000000000000-0x0000000000000000), size 0, SharedBaseAddress: 0x0000000800000000, ArchiveRelocationMode: 1.
Narrow klass base: 0x0000000000000000, Narrow klass shift: 0, Narrow klass range: 0x0

GC Precious Log:
 CardTable entry size: 512
 Card Set container configuration: InlinePtr #cards 5 size 8 Array Of Cards #cards 12 size 40 Howl #buckets 4 coarsen threshold 1843 Howl Bitmap #cards 512 size 80 coarsen threshold 460 Card regions per heap region 1 cards per card region 2048

Heap:
 garbage-first heap   total 0K, used 0K [0x000000008ce00000, 0x0000000100000000)
  region size 1024K, 0 young (0K), 0 survivors (0K)
 Metaspace       used 0K, committed 0K, reserved 0K
  class space    used 0K, committed 0K, reserved 0K

Heap Regions: E=young(eden), S=young(survivor), O=old, HS=humongous(starts), HC=humongous(continues), CS=collection set, F=free, TAMS=top-at-mark-start, PB=parsable bottom

Card table byte_map: [0x0000028999e40000,0x000002899a1e0000] _byte_map_base: 0x00000289999d9000

Marking Bits: (CMBitMap*) 0x00000289845a9e20
 Bits: [0x000002899a1e0000, 0x000002899bea8000)

GC Heap History (0 events):
No events

Dll operation events (1 events):
Event: 0.019 Loaded shared library C:\Program Files\JetBrains\IntelliJ IDEA 2024.3.1\jbr\bin\java.dll

Deoptimization events (0 events):
No events

Classes loaded (0 events):
No events

Classes unloaded (0 events):
No events

Classes redefined (0 events):
No events

Internal exceptions (0 events):
No events

ZGC Phase Switch (0 events):
No events

VM Operations (0 events):
No events

Memory protections (0 events):
No events

Nmethod flushes (0 events):
No events

Events (0 events):
No events


Dynamic libraries:
0x00007ff688050000 - 0x00007ff68805a000 	C:\Program Files\JetBrains\IntelliJ IDEA 2024.3.1\jbr\bin\java.exe
0x00007fff24be0000 - 0x00007fff24e47000 	C:\WINDOWS\SYSTEM32\ntdll.dll
0x00007fff23930000 - 0x00007fff239f9000 	C:\WINDOWS\System32\KERNEL32.DLL
0x00007fff222b0000 - 0x00007fff226a0000 	C:\WINDOWS\System32\KERNELBASE.dll
0x00007fff22770000 - 0x00007fff228bb000 	C:\WINDOWS\System32\ucrtbase.dll
0x00007fff18d30000 - 0x00007fff18d4b000 	C:\Program Files\JetBrains\IntelliJ IDEA 2024.3.1\jbr\bin\VCRUNTIME140.dll
0x00007fff07410000 - 0x00007fff07428000 	C:\Program Files\JetBrains\IntelliJ IDEA 2024.3.1\jbr\bin\jli.dll
0x00007fff23270000 - 0x00007fff23435000 	C:\WINDOWS\System32\USER32.dll
0x00007fff0cb30000 - 0x00007fff0cdca000 	C:\WINDOWS\WinSxS\amd64_microsoft.windows.common-controls_6595b64144ccf1df_6.0.26100.4768_none_3e0c112ce331287c\COMCTL32.dll
0x00007fff21f20000 - 0x00007fff21f47000 	C:\WINDOWS\System32\win32u.dll
0x00007fff23440000 - 0x00007fff234e9000 	C:\WINDOWS\System32\msvcrt.dll
0x00007fff22970000 - 0x00007fff2299b000 	C:\WINDOWS\System32\GDI32.dll
0x00007fff220d0000 - 0x00007fff22208000 	C:\WINDOWS\System32\gdi32full.dll
0x00007fff228c0000 - 0x00007fff22963000 	C:\WINDOWS\System32\msvcp_win.dll
0x00007fff242f0000 - 0x00007fff2431f000 	C:\WINDOWS\System32\IMM32.DLL
0x00007fff1cd30000 - 0x00007fff1cd3c000 	C:\Program Files\JetBrains\IntelliJ IDEA 2024.3.1\jbr\bin\vcruntime140_1.dll
0x00007ffed2f00000 - 0x00007ffed2f8d000 	C:\Program Files\JetBrains\IntelliJ IDEA 2024.3.1\jbr\bin\msvcp140.dll
0x00007ffed1060000 - 0x00007ffed1e21000 	C:\Program Files\JetBrains\IntelliJ IDEA 2024.3.1\jbr\bin\server\jvm.dll
0x00007fff229d0000 - 0x00007fff22a84000 	C:\WINDOWS\System32\ADVAPI32.dll
0x00007fff24af0000 - 0x00007fff24b96000 	C:\WINDOWS\System32\sechost.dll
0x00007fff23c50000 - 0x00007fff23d68000 	C:\WINDOWS\System32\RPCRT4.dll
0x00007fff24270000 - 0x00007fff242e4000 	C:\WINDOWS\System32\WS2_32.dll
0x00007fff21b70000 - 0x00007fff21bce000 	C:\WINDOWS\SYSTEM32\POWRPROF.dll
0x00007fff1a160000 - 0x00007fff1a16b000 	C:\WINDOWS\SYSTEM32\VERSION.dll
0x00007fff147d0000 - 0x00007fff14805000 	C:\WINDOWS\SYSTEM32\WINMM.dll
0x00007fff21b50000 - 0x00007fff21b64000 	C:\WINDOWS\SYSTEM32\UMPDC.dll
0x00007fff20a50000 - 0x00007fff20a6b000 	C:\WINDOWS\SYSTEM32\kernel.appcore.dll
0x00007fff18dd0000 - 0x00007fff18dda000 	C:\Program Files\JetBrains\IntelliJ IDEA 2024.3.1\jbr\bin\jimage.dll
0x00007fff116e0000 - 0x00007fff11921000 	C:\WINDOWS\SYSTEM32\DBGHELP.DLL
0x00007fff23df0000 - 0x00007fff24175000 	C:\WINDOWS\System32\combase.dll
0x00007fff24180000 - 0x00007fff24260000 	C:\WINDOWS\System32\OLEAUT32.dll
0x00007fff01a60000 - 0x00007fff01aa3000 	C:\WINDOWS\SYSTEM32\dbgcore.DLL
0x00007fff22210000 - 0x00007fff222a9000 	C:\WINDOWS\System32\bcryptPrimitives.dll
0x00007fff18a80000 - 0x00007fff18aa0000 	C:\Program Files\JetBrains\IntelliJ IDEA 2024.3.1\jbr\bin\java.dll

dbghelp: loaded successfully - version: 4.0.5 - missing functions: none
symbol engine: initialized successfully - sym options: 0x614 - pdb path: .;C:\Program Files\JetBrains\IntelliJ IDEA 2024.3.1\jbr\bin;C:\WINDOWS\SYSTEM32;C:\WINDOWS\WinSxS\amd64_microsoft.windows.common-controls_6595b64144ccf1df_6.0.26100.4768_none_3e0c112ce331287c;C:\Program Files\JetBrains\IntelliJ IDEA 2024.3.1\jbr\bin\server

VM Arguments:
java_command: git4idea.http.GitAskPassApp Username for 'https://github.com': 
java_class_path (initial): C:/Program Files/JetBrains/IntelliJ IDEA 2024.3.1/plugins/vcs-git/lib/git4idea-rt.jar;C:/Program Files/JetBrains/IntelliJ IDEA 2024.3.1/lib/externalProcess-rt.jar
Launcher Type: SUN_STANDARD

[Global flags]
     intx CICompilerCount                          = 12                                        {product} {ergonomic}
     uint ConcGCThreads                            = 3                                         {product} {ergonomic}
     uint G1ConcRefinementThreads                  = 13                                        {product} {ergonomic}
   size_t G1HeapRegionSize                         = 1048576                                   {product} {ergonomic}
    uintx GCDrainStackTargetSize                   = 64                                        {product} {ergonomic}
   size_t InitialHeapSize                          = 121634816                                 {product} {ergonomic}
   size_t MarkStackSize                            = 4194304                                   {product} {ergonomic}
   size_t MaxHeapSize                              = 1931476992                                {product} {ergonomic}
   size_t MinHeapDeltaBytes                        = 1048576                                   {product} {ergonomic}
   size_t MinHeapSize                              = 8388608                                   {product} {ergonomic}
    uintx NonNMethodCodeHeapSize                   = 7602480                                {pd product} {ergonomic}
    uintx NonProfiledCodeHeapSize                  = 122027880                              {pd product} {ergonomic}
    uintx ProfiledCodeHeapSize                     = 122027880                              {pd product} {ergonomic}
    uintx ReservedCodeCacheSize                    = 251658240                              {pd product} {ergonomic}
     bool SegmentedCodeCache                       = true                                      {product} {ergonomic}
   size_t SoftMaxHeapSize                          = 1931476992                             {manageable} {ergonomic}
     bool UseCompressedOops                        = true                           {product lp64_product} {ergonomic}
     bool UseG1GC                                  = true                                      {product} {ergonomic}
     bool UseLargePagesIndividualAllocation        = false                                  {pd product} {ergonomic}

Logging:
Log output configuration:
 #0: stdout all=warning uptime,level,tags foldmultilines=false
 #1: stderr all=off uptime,level,tags foldmultilines=false

Environment Variables:
PATH=C:\Program Files\Git\mingw64\libexec\git-core;C:\Program Files\Git\mingw64\libexec\git-core;C:\Program Files\Git\mingw64\bin;C:\Program Files\Git\usr\bin;C:\Users\PHONG\bin;C:\Program Files\Common Files\Oracle\Java\javapath;C:\WINDOWS\system32;C:\WINDOWS;C:\WINDOWS\System32\Wbem;C:\WINDOWS\System32\WindowsPowerShell\v1.0;C:\WINDOWS\System32\OpenSSH;C:\Program Files (x86)\Microsoft SQL Server\150\DTS\Binn;C:\Program Files\Microsoft SQL Server\150\DTS\Binn;C:\Program Files\Microsoft SQL Server\Client SDK\ODBC\170\Tools\Binn;C:\Program Files (x86)\Microsoft SQL Server\150\Tools\Binn;C:\Program Files\Microsoft SQL Server\150\Tools\Binn;C:\Program Files (x86)\Microsoft SQL Server\160\DTS\Binn;C:\Program Files\Git\cmd;C:\Program Files\nodejs;C:\Program Files\Docker\Docker\resources\bin;C:\Program Files\Cloudflare\Cloudflare WARP;C:\Program Files\dotnet;C:\Users\PHONG\AppData\Local\Microsoft\WindowsApps;C:\Program Files\JetBrains\IntelliJ IDEA 2024.3.1\bin;C:\Program Files\Azure Data Studio\bin;C:\Users\PHONG\AppData\Local\Programs\Microsoft VS Code\bin;C:\Users\PHONG\AppData\Roaming\npm;C:\Users\PHONG\AppData\Local\Programs\cursor\resources\app\bin;C:\Users\PHONG\.dotnet\tools
USERNAME=PHONG
DISPLAY=:0.0
LC_ALL=en_US.UTF-8
TERM=xterm-256color
TMPDIR=C:\Users\PHONG\AppData\Local\Temp
OS=Windows_NT
PROCESSOR_IDENTIFIER=AMD64 Family 25 Model 68 Stepping 1, AuthenticAMD
TMP=C:\Users\PHONG\AppData\Local\Temp
TEMP=C:\Users\PHONG\AppData\Local\Temp




Periodic native trim disabled

JNI global refs:
JNI global refs: 0, weak refs: 0

JNI global refs memory usage: 0, weak refs: 0

Process memory usage:
Resident Set Size: 12408K (0% of 7541792K total physical memory with 133340K free physical memory)

OOME stack traces (most recent first):
Classloader memory used:

---------------  S Y S T E M  ---------------

OS:
 Windows 11 , 64 bit Build 26100 (10.0.26100.4768)
OS uptime: 3 days 5:18 hours
Hyper-V role detected

CPU: total 16 (initial active 16) (16 cores per cpu, 2 threads per core) family 25 model 68 stepping 1 microcode 0xa404107, cx8, cmov, fxsr, ht, mmx, 3dnowpref, sse, sse2, sse3, ssse3, sse4a, sse4.1, sse4.2, popcnt, lzcnt, tsc, tscinvbit, avx, avx2, aes, erms, clmul, bmi1, bmi2, adx, sha, fma, vzeroupper, clflush, clflushopt, hv, rdtscp, rdpid, fsrm, f16c, cet_ss
Processor Information for processor 0
  Max Mhz: 3201, Current Mhz: 3201, Mhz Limit: 3201
Processor Information for processor 1
  Max Mhz: 3201, Current Mhz: 3201, Mhz Limit: 3201
Processor Information for processor 2
  Max Mhz: 3201, Current Mhz: 3201, Mhz Limit: 3201
Processor Information for processor 3
  Max Mhz: 3201, Current Mhz: 3201, Mhz Limit: 3201
Processor Information for processor 4
  Max Mhz: 3201, Current Mhz: 3201, Mhz Limit: 3201
Processor Information for processor 5
  Max Mhz: 3201, Current Mhz: 3201, Mhz Limit: 3201
Processor Information for processor 6
  Max Mhz: 3201, Current Mhz: 3201, Mhz Limit: 3201
Processor Information for processor 7
  Max Mhz: 3201, Current Mhz: 3201, Mhz Limit: 3201
Processor Information for processor 8
  Max Mhz: 3201, Current Mhz: 3201, Mhz Limit: 3201
Processor Information for processor 9
  Max Mhz: 3201, Current Mhz: 3201, Mhz Limit: 3201
Processor Information for processor 10
  Max Mhz: 3201, Current Mhz: 3201, Mhz Limit: 3201
Processor Information for processor 11
  Max Mhz: 3201, Current Mhz: 3201, Mhz Limit: 3201
Processor Information for processor 12
  Max Mhz: 3201, Current Mhz: 3201, Mhz Limit: 3201
Processor Information for processor 13
  Max Mhz: 3201, Current Mhz: 2566, Mhz Limit: 3201
Processor Information for processor 14
  Max Mhz: 3201, Current Mhz: 3201, Mhz Limit: 3201
Processor Information for processor 15
  Max Mhz: 3201, Current Mhz: 3201, Mhz Limit: 3201

Memory: 4k page, system-wide physical 7365M (130M free)
TotalPageFile size 29893M (AvailPageFile size 65M)
current process WorkingSet (physical memory assigned to process): 12M, peak: 12M
current process commit charge ("private bytes"): 70M, peak: 186M

vm_info: OpenJDK 64-Bit Server VM (21.0.5+8-b631.28) for windows-amd64 JRE (21.0.5+8-b631.28), built on 2024-11-23 by "builduser" with MS VC++ 16.10 / 16.11 (VS2019)

END.
