#
# There is insufficient memory for the Java Runtime Environment to continue.
# Native memory allocation (malloc) failed to allocate 1048576 bytes. Error detail: AllocateHeap
# Possible reasons:
#   The system is out of physical RAM or swap space
#   This process is running with CompressedOops enabled, and the Java Heap may be blocking the growth of the native heap
# Possible solutions:
#   Reduce memory load on the system
#   Increase physical memory or swap space
#   Check if swap backing store is full
#   Decrease Java heap size (-Xmx/-Xms)
#   Decrease number of Java threads
#   Decrease Java thread stack sizes (-Xss)
#   Set larger code cache with -XX:ReservedCodeCacheSize=
#   JVM is running with Unscaled Compressed Oops mode in which the Java heap is
#     placed in the first 4GB address space. The Java Heap base address is the
#     maximum limit for the native heap growth. Please use -XX:HeapBaseMinAddress
#     to set the Java Heap base and to place the Java Heap above 4GB virtual address.
# This output file may be truncated or incomplete.
#
#  Out of Memory Error (allocation.cpp:44), pid=25412, tid=24976
#
# JRE version: OpenJDK Runtime Environment Temurin-21.0.8+9 (21.0.8+9) (build 21.0.8+9-LTS)
# Java VM: OpenJDK 64-Bit Server VM Temurin-21.0.8+9 (21.0.8+9-LTS, mixed mode, sharing, tiered, compressed oops, compressed class ptrs, parallel gc, windows-amd64)
# No core dump will be written. Minidumps are not enabled by default on client versions of Windows
#

---------------  S U M M A R Y ------------

Command Line: --add-modules=ALL-SYSTEM --add-opens=java.base/java.util=ALL-UNNAMED --add-opens=java.base/java.lang=ALL-UNNAMED --add-opens=java.base/sun.nio.fs=ALL-UNNAMED -Declipse.application=org.eclipse.jdt.ls.core.id1 -Dosgi.bundles.defaultStartLevel=4 -Declipse.product=org.eclipse.jdt.ls.core.product -Djava.import.generatesMetadataFilesAtProjectRoot=false -DDetectVMInstallationsJob.disabled=true -Dfile.encoding=utf8 -XX:+UseParallelGC -XX:GCTimeRatio=4 -XX:AdaptiveSizePolicyWeight=90 -Dsun.zip.disableMemoryMapping=true -Xmx2G -Xms100m -Xlog:disable -javaagent:c:\Users\PHONG\.vscode\extensions\redhat.java-1.44.0-win32-x64\lombok\lombok-1.18.39-4050.jar -XX:+HeapDumpOnOutOfMemoryError -XX:HeapDumpPath=c:\Users\PHONG\AppData\Roaming\Code\User\workspaceStorage\0b8d90799894e66a5c234ba1ff12f555\redhat.java -Daether.dependencyCollector.impl=bf c:\Users\PHONG\.vscode\extensions\redhat.java-1.44.0-win32-x64\server\plugins\org.eclipse.equinox.launcher_1.7.0.v20250519-0528.jar -configuration c:\Users\PHONG\AppData\Roaming\Code\User\globalStorage\redhat.java\1.44.0\config_win -data c:\Users\PHONG\AppData\Roaming\Code\User\workspaceStorage\0b8d90799894e66a5c234ba1ff12f555\redhat.java\jdt_ws --pipe=\\.\pipe\lsp-c3748405b5462c19b1631e48c97dd14b-sock

Host: AMD Ryzen 7 6800H with Radeon Graphics         , 16 cores, 7G,  Windows 11 , 64 bit Build 26100 (10.0.26100.4768)
Time: Thu Aug 28 13:51:30 2025 SE Asia Standard Time elapsed time: 807.795068 seconds (0d 0h 13m 27s)

---------------  T H R E A D  ---------------

Current thread (0x000001330b498200):  JavaThread "Attach Listener" daemon [_thread_in_vm, id=24976, stack(0x00000032c9300000,0x00000032c9400000) (1024K)]

Stack: [0x00000032c9300000,0x00000032c9400000]
Native frames: (J=compiled Java code, j=interpreted, Vv=VM code, C=native code)
V  [jvm.dll+0x6d2449]
V  [jvm.dll+0x8ae341]
V  [jvm.dll+0x8b08be]
V  [jvm.dll+0x8b0fa3]
V  [jvm.dll+0x280c96]
V  [jvm.dll+0xc0347]
V  [jvm.dll+0x6d2cf9]
V  [jvm.dll+0x131116]
V  [jvm.dll+0x3f2d16]
V  [jvm.dll+0x857e6b]
V  [jvm.dll+0x6d0b0d]
C  [ucrtbase.dll+0x37b0]
C  [KERNEL32.DLL+0x2e8d7]
C  [ntdll.dll+0x3c34c]


---------------  P R O C E S S  ---------------

Threads class SMR info:
_java_thread_list=0x000001336bbed300, length=53, elements={
0x000001330b3eae90, 0x000001330b48ff90, 0x000001330b494570, 0x000001330b4975b0,
0x000001330b498200, 0x000001330b49a200, 0x000001330b4a0250, 0x000001330b4a6e60,
0x000001330b4aa960, 0x00000133643155c0, 0x000001336a041c40, 0x000001336abc69e0,
0x000001336a9b7940, 0x000001336a87ddc0, 0x000001336ac4fc60, 0x000001336adc6ee0,
0x000001336af9c250, 0x000001336b174ca0, 0x000001336b173f80, 0x000001336b1738f0,
0x000001336b174610, 0x000001336b1766e0, 0x000001336bb80de0, 0x000001336bb800c0,
0x000001336bb81470, 0x000001336bb81b00, 0x000001336bb7e680, 0x000001336bb80750,
0x000001336bb82190, 0x000001336bb7fa30, 0x000001336bb7ed10, 0x000001336bb7f3a0,
0x000001336bb83540, 0x000001336bb83bd0, 0x000001336bb85610, 0x000001336bb84260,
0x000001336bb848f0, 0x000001336bb82eb0, 0x000001336bb84f80, 0x000001336bb85ca0,
0x000001336bb82820, 0x000001336cd188d0, 0x000001336cd19c80, 0x000001336cd1d100,
0x000001336cd1e4b0, 0x000001336cd1b030, 0x000001337928b940, 0x0000013379288b50,
0x000001337928c660, 0x000001336a1895b0, 0x000001336a189c40, 0x000001336a18d750,
0x000001336a186130
}

Java Threads: ( => current thread )
  0x000001330b3eae90 JavaThread "main"                              [_thread_blocked, id=6356, stack(0x00000032c8c00000,0x00000032c8d00000) (1024K)]
  0x000001330b48ff90 JavaThread "Reference Handler"          daemon [_thread_blocked, id=25352, stack(0x00000032c9000000,0x00000032c9100000) (1024K)]
  0x000001330b494570 JavaThread "Finalizer"                  daemon [_thread_blocked, id=3492, stack(0x00000032c9100000,0x00000032c9200000) (1024K)]
  0x000001330b4975b0 JavaThread "Signal Dispatcher"          daemon [_thread_blocked, id=17960, stack(0x00000032c9200000,0x00000032c9300000) (1024K)]
=>0x000001330b498200 JavaThread "Attach Listener"            daemon [_thread_in_vm, id=24976, stack(0x00000032c9300000,0x00000032c9400000) (1024K)]
  0x000001330b49a200 JavaThread "Service Thread"             daemon [_thread_blocked, id=3784, stack(0x00000032c9400000,0x00000032c9500000) (1024K)]
  0x000001330b4a0250 JavaThread "Monitor Deflation Thread"   daemon [_thread_blocked, id=11296, stack(0x00000032c9500000,0x00000032c9600000) (1024K)]
  0x000001330b4a6e60 JavaThread "C2 CompilerThread0"         daemon [_thread_blocked, id=25856, stack(0x00000032c9600000,0x00000032c9700000) (1024K)]
  0x000001330b4aa960 JavaThread "C1 CompilerThread0"         daemon [_thread_blocked, id=1104, stack(0x00000032c9700000,0x00000032c9800000) (1024K)]
  0x00000133643155c0 JavaThread "Common-Cleaner"             daemon [_thread_blocked, id=15316, stack(0x00000032c9900000,0x00000032c9a00000) (1024K)]
  0x000001336a041c40 JavaThread "Notification Thread"        daemon [_thread_blocked, id=6552, stack(0x00000032c9d00000,0x00000032c9e00000) (1024K)]
  0x000001336abc69e0 JavaThread "Active Thread: Equinox Container: 28160cf8-40da-4d5b-8b43-a137695e532b"        [_thread_blocked, id=11928, stack(0x00000032ca500000,0x00000032ca600000) (1024K)]
  0x000001336a9b7940 JavaThread "Refresh Thread: Equinox Container: 28160cf8-40da-4d5b-8b43-a137695e532b" daemon [_thread_blocked, id=3420, stack(0x00000032ca700000,0x00000032ca800000) (1024K)]
  0x000001336a87ddc0 JavaThread "Framework Event Dispatcher: Equinox Container: 28160cf8-40da-4d5b-8b43-a137695e532b" daemon [_thread_blocked, id=18436, stack(0x00000032ca800000,0x00000032ca900000) (1024K)]
  0x000001336ac4fc60 JavaThread "Start Level: Equinox Container: 28160cf8-40da-4d5b-8b43-a137695e532b" daemon [_thread_blocked, id=10208, stack(0x00000032ca900000,0x00000032caa00000) (1024K)]
  0x000001336adc6ee0 JavaThread "Bundle File Closer"         daemon [_thread_blocked, id=22668, stack(0x00000032cad00000,0x00000032cae00000) (1024K)]
  0x000001336af9c250 JavaThread "SCR Component Actor"        daemon [_thread_blocked, id=21792, stack(0x00000032cae00000,0x00000032caf00000) (1024K)]
  0x000001336b174ca0 JavaThread "Worker-JM"                         [_thread_blocked, id=24488, stack(0x00000032ca400000,0x00000032ca500000) (1024K)]
  0x000001336b173f80 JavaThread "JNA Cleaner"                daemon [_thread_blocked, id=25292, stack(0x00000032cb200000,0x00000032cb300000) (1024K)]
  0x000001336b1738f0 JavaThread "Worker-0"                          [_thread_blocked, id=23116, stack(0x00000032cb300000,0x00000032cb400000) (1024K)]
  0x000001336b174610 JavaThread "Worker-1"                          [_thread_blocked, id=8460, stack(0x00000032cb400000,0x00000032cb500000) (1024K)]
  0x000001336b1766e0 JavaThread "Java indexing"              daemon [_thread_blocked, id=2512, stack(0x00000032cb600000,0x00000032cb700000) (1024K)]
  0x000001336bb80de0 JavaThread "Thread-2"                   daemon [_thread_in_native, id=1344, stack(0x00000032cbc00000,0x00000032cbd00000) (1024K)]
  0x000001336bb800c0 JavaThread "Thread-3"                   daemon [_thread_in_native, id=14156, stack(0x00000032cbd00000,0x00000032cbe00000) (1024K)]
  0x000001336bb81470 JavaThread "Thread-4"                   daemon [_thread_in_native, id=9992, stack(0x00000032cbe00000,0x00000032cbf00000) (1024K)]
  0x000001336bb81b00 JavaThread "Thread-5"                   daemon [_thread_in_native, id=7608, stack(0x00000032cbf00000,0x00000032cc000000) (1024K)]
  0x000001336bb7e680 JavaThread "Thread-6"                   daemon [_thread_in_native, id=4804, stack(0x00000032cc000000,0x00000032cc100000) (1024K)]
  0x000001336bb80750 JavaThread "Thread-7"                   daemon [_thread_in_native, id=11360, stack(0x00000032cc100000,0x00000032cc200000) (1024K)]
  0x000001336bb82190 JavaThread "Thread-8"                   daemon [_thread_in_native, id=10808, stack(0x00000032cc200000,0x00000032cc300000) (1024K)]
  0x000001336bb7fa30 JavaThread "Thread-9"                   daemon [_thread_in_native, id=17488, stack(0x00000032cc300000,0x00000032cc400000) (1024K)]
  0x000001336bb7ed10 JavaThread "Thread-10"                  daemon [_thread_in_native, id=25480, stack(0x00000032cc400000,0x00000032cc500000) (1024K)]
  0x000001336bb7f3a0 JavaThread "Thread-11"                  daemon [_thread_in_native, id=4060, stack(0x00000032cc500000,0x00000032cc600000) (1024K)]
  0x000001336bb83540 JavaThread "Thread-12"                  daemon [_thread_in_native, id=1984, stack(0x00000032cc600000,0x00000032cc700000) (1024K)]
  0x000001336bb83bd0 JavaThread "Thread-13"                  daemon [_thread_in_native, id=19224, stack(0x00000032cc700000,0x00000032cc800000) (1024K)]
  0x000001336bb85610 JavaThread "Thread-14"                  daemon [_thread_in_native, id=17992, stack(0x00000032cc800000,0x00000032cc900000) (1024K)]
  0x000001336bb84260 JavaThread "Thread-15"                  daemon [_thread_in_native, id=8688, stack(0x00000032cc900000,0x00000032cca00000) (1024K)]
  0x000001336bb848f0 JavaThread "Thread-16"                  daemon [_thread_in_native, id=11484, stack(0x00000032cca00000,0x00000032ccb00000) (1024K)]
  0x000001336bb82eb0 JavaThread "Thread-17"                  daemon [_thread_in_native, id=19244, stack(0x00000032ccb00000,0x00000032ccc00000) (1024K)]
  0x000001336bb84f80 JavaThread "Thread-18"                  daemon [_thread_in_native, id=26408, stack(0x00000032ccc00000,0x00000032ccd00000) (1024K)]
  0x000001336bb85ca0 JavaThread "pool-2-thread-1"                   [_thread_blocked, id=26680, stack(0x00000032ccd00000,0x00000032cce00000) (1024K)]
  0x000001336bb82820 JavaThread "WorkspaceEventsHandler"            [_thread_blocked, id=18788, stack(0x00000032cce00000,0x00000032ccf00000) (1024K)]
  0x000001336cd188d0 JavaThread "pool-1-thread-1"                   [_thread_blocked, id=22684, stack(0x00000032ccf00000,0x00000032cd000000) (1024K)]
  0x000001336cd19c80 JavaThread "LocalFile Deleter"          daemon [_thread_blocked, id=15212, stack(0x00000032cd400000,0x00000032cd500000) (1024K)]
  0x000001336cd1d100 JavaThread "LocalFile Deleter"          daemon [_thread_blocked, id=13588, stack(0x00000032cd900000,0x00000032cda00000) (1024K)]
  0x000001336cd1e4b0 JavaThread "LocalFile Deleter"          daemon [_thread_blocked, id=23876, stack(0x00000032cde00000,0x00000032cdf00000) (1024K)]
  0x000001336cd1b030 JavaThread "LocalFile Deleter"          daemon [_thread_blocked, id=27412, stack(0x00000032cdf00000,0x00000032ce000000) (1024K)]
  0x000001337928b940 JavaThread "ForkJoinPool.commonPool-worker-2" daemon [_thread_blocked, id=26944, stack(0x00000032c9b00000,0x00000032c9c00000) (1024K)]
  0x0000013379288b50 JavaThread "ForkJoinPool.commonPool-worker-4" daemon [_thread_blocked, id=23104, stack(0x00000032c8a00000,0x00000032c8b00000) (1024K)]
  0x000001337928c660 JavaThread "ForkJoinPool.commonPool-worker-6" daemon [_thread_blocked, id=14448, stack(0x00000032c9800000,0x00000032c9900000) (1024K)]
  0x000001336a1895b0 JavaThread "ForkJoinPool.commonPool-worker-13" daemon [_thread_blocked, id=12508, stack(0x00000032d0200000,0x00000032d0300000) (1024K)]
  0x000001336a189c40 JavaThread "ForkJoinPool.commonPool-worker-15" daemon [_thread_blocked, id=13128, stack(0x00000032d0400000,0x00000032d0500000) (1024K)]
  0x000001336a18d750 JavaThread "Cleaner-0"                  daemon [_thread_blocked, id=9296, stack(0x00000032cd000000,0x00000032cd100000) (1024K)]
  0x000001336a186130 JavaThread "Compiler Source File Reader" daemon [_thread_blocked, id=6980, stack(0x00000032c9a00000,0x00000032c9b00000) (1024K)]
Total: 53

Other Threads:
  0x000001330b3824d0 VMThread "VM Thread"                           [id=11252, stack(0x00000032c8f00000,0x00000032c9000000) (1024K)]
  0x000001330b27c8d0 WatcherThread "VM Periodic Task Thread"        [id=21572, stack(0x00000032c8e00000,0x00000032c8f00000) (1024K)]
  0x000001330b40a120 WorkerThread "GC Thread#0"                     [id=14676, stack(0x00000032c8d00000,0x00000032c8e00000) (1024K)]
  0x000001336a7fe420 WorkerThread "GC Thread#1"                     [id=24056, stack(0x00000032c9e00000,0x00000032c9f00000) (1024K)]
  0x000001336a7fe7c0 WorkerThread "GC Thread#2"                     [id=16584, stack(0x00000032c9f00000,0x00000032ca000000) (1024K)]
  0x000001336a7feb60 WorkerThread "GC Thread#3"                     [id=11508, stack(0x00000032ca000000,0x00000032ca100000) (1024K)]
  0x000001336a3e1aa0 WorkerThread "GC Thread#4"                     [id=25120, stack(0x00000032ca100000,0x00000032ca200000) (1024K)]
  0x000001336a3e1e40 WorkerThread "GC Thread#5"                     [id=23716, stack(0x00000032ca200000,0x00000032ca300000) (1024K)]
  0x000001336a3e21e0 WorkerThread "GC Thread#6"                     [id=1276, stack(0x00000032ca300000,0x00000032ca400000) (1024K)]
  0x000001336aa9bf30 WorkerThread "GC Thread#7"                     [id=8592, stack(0x00000032ca600000,0x00000032ca700000) (1024K)]
  0x000001336a7a1740 WorkerThread "GC Thread#8"                     [id=17612, stack(0x00000032caa00000,0x00000032cab00000) (1024K)]
  0x000001336a7a1e80 WorkerThread "GC Thread#9"                     [id=18148, stack(0x00000032cab00000,0x00000032cac00000) (1024K)]
  0x000001336a7a0c60 WorkerThread "GC Thread#10"                    [id=19552, stack(0x00000032cac00000,0x00000032cad00000) (1024K)]
  0x000001336a7a1000 WorkerThread "GC Thread#11"                    [id=4168, stack(0x00000032cb000000,0x00000032cb100000) (1024K)]
  0x000001336a7a13a0 WorkerThread "GC Thread#12"                    [id=22064, stack(0x00000032cb100000,0x00000032cb200000) (1024K)]
Total: 15

Threads with active compile tasks:
Total: 0

VM state: not at safepoint (normal execution)

VM Mutex/Monitor currently owned by a thread: None

Heap address: 0x0000000080000000, size: 2048 MB, Compressed Oops mode: 32-bit

CDS archive(s) mapped at: [0x0000013322000000-0x0000013322ba0000-0x0000013322ba0000), size 12189696, SharedBaseAddress: 0x0000013322000000, ArchiveRelocationMode: 1.
Compressed class space mapped at: 0x0000013323000000-0x0000013363000000, reserved size: 1073741824
Narrow klass base: 0x0000013322000000, Narrow klass shift: 0, Narrow klass range: 0x100000000

GC Precious Log:
 CardTable entry size: 512
 CPUs: 16 total, 16 available
 Memory: 7365M
 Large Page Support: Disabled
 NUMA Support: Disabled
 Compressed Oops: Enabled (32-bit)
 Alignments: Space 512K, Generation 512K, Heap 2M
 Heap Min Capacity: 100M
 Heap Initial Capacity: 100M
 Heap Max Capacity: 2G
 Pre-touch: Disabled
 Parallel Workers: 13

Heap:
 PSYoungGen      total 9728K, used 3623K [0x00000000d5580000, 0x00000000d6600000, 0x0000000100000000)
  eden space 9216K, 33% used [0x00000000d5580000,0x00000000d588a250,0x00000000d5e80000)
  from space 512K, 99% used [0x00000000d6580000,0x00000000d65ffb08,0x00000000d6600000)
  to   space 1536K, 0% used [0x00000000d6300000,0x00000000d6300000,0x00000000d6480000)
 ParOldGen       total 644608K, used 309726K [0x0000000080000000, 0x00000000a7580000, 0x00000000d5580000)
  object space 644608K, 48% used [0x0000000080000000,0x0000000092e779e8,0x00000000a7580000)
 Metaspace       used 85938K, committed 87808K, reserved 1179648K
  class space    used 8690K, committed 9536K, reserved 1048576K

Card table byte_map: [0x000001330ad90000,0x000001330b1a0000] _byte_map_base: 0x000001330a990000

Marking Bits: (ParMarkBitMap*) 0x00007ffe6274a340
 Begin Bits: [0x000001331d890000, 0x000001331f890000)
 End Bits:   [0x000001331f890000, 0x0000013321890000)

Polling page: 0x0000013309270000

Metaspace:

Usage:
  Non-class:     75.44 MB used.
      Class:      8.49 MB used.
       Both:     83.92 MB used.

Virtual space:
  Non-class space:      128.00 MB reserved,      76.44 MB ( 60%) committed,  2 nodes.
      Class space:        1.00 GB reserved,       9.31 MB ( <1%) committed,  1 nodes.
             Both:        1.12 GB reserved,      85.75 MB (  7%) committed. 

Chunk freelists:
   Non-Class:  2.97 MB
       Class:  6.61 MB
        Both:  9.58 MB

MaxMetaspaceSize: unlimited
CompressedClassSpaceSize: 1.00 GB
Initial GC threshold: 21.00 MB
Current GC threshold: 135.75 MB
CDS: on
 - commit_granule_bytes: 65536.
 - commit_granule_words: 8192.
 - virtual_space_node_default_size: 8388608.
 - enlarge_chunks_in_place: 1.
 - use_allocation_guard: 0.


Internal statistics:

num_allocs_failed_limit: 9.
num_arena_births: 1666.
num_arena_deaths: 26.
num_vsnodes_births: 3.
num_vsnodes_deaths: 0.
num_space_committed: 1371.
num_space_uncommitted: 0.
num_chunks_returned_to_freelist: 40.
num_chunks_taken_from_freelist: 5925.
num_chunk_merges: 14.
num_chunk_splits: 3589.
num_chunks_enlarged: 1949.
num_inconsistent_stats: 0.

CodeHeap 'non-profiled nmethods': size=119168Kb used=19513Kb max_used=22612Kb free=99654Kb
 bounds [0x0000013316180000, 0x00000133177a0000, 0x000001331d5e0000]
CodeHeap 'profiled nmethods': size=119104Kb used=44359Kb max_used=54343Kb free=74744Kb
 bounds [0x000001330e5e0000, 0x0000013311b00000, 0x0000013315a30000]
CodeHeap 'non-nmethods': size=7488Kb used=1506Kb max_used=3210Kb free=5981Kb
 bounds [0x0000013315a30000, 0x0000013315d70000, 0x0000013316180000]
CodeCache: size=245760Kb, used=65378Kb, max_used=80165Kb, free=180379Kb
 total_blobs=18938, nmethods=18104, adapters=734, full_count=0
Compilation: enabled, stopped_count=0, restarted_count=0

Compilation events (20 events):
Event: 699.742 Thread 0x000001330b4a6e60 24095       4       org.eclipse.jdt.internal.compiler.lookup.BinaryTypeBinding::isEquivalentTo (84 bytes)
Event: 699.761 Thread 0x000001330b4a6e60 nmethod 24095 0x0000013316233490 code [0x0000013316233640, 0x0000013316233898]
Event: 699.865 Thread 0x000001330b4a6e60 24096       4       org.eclipse.jdt.internal.compiler.lookup.BinaryTypeBinding$1::createBinding (8 bytes)
Event: 699.877 Thread 0x000001330b4aa960 24098       3       lombok.bytecode.ClassFileMetaData::readValue (27 bytes)
Event: 699.881 Thread 0x000001330b4a6e60 nmethod 24096 0x000001331638af10 code [0x000001331638b100, 0x000001331638b450]
Event: 699.881 Thread 0x000001330b4aa960 nmethod 24098 0x000001330e8f2390 code [0x000001330e8f2540, 0x000001330e8f26b0]
Event: 699.881 Thread 0x000001330b4a6e60 24097       4       org.eclipse.jdt.internal.compiler.lookup.BinaryTypeBinding$1::createBinding (31 bytes)
Event: 699.885 Thread 0x000001330b4a6e60 nmethod 24097 0x0000013316219b10 code [0x0000013316219d00, 0x000001331621a050]
Event: 699.911 Thread 0x000001330b4a6e60 24099       4       org.eclipse.jdt.internal.core.ClasspathEntry::rootID (151 bytes)
Event: 699.912 Thread 0x000001330b4a6e60 nmethod 24099 0x0000013316da7a90 code [0x0000013316da7c20, 0x0000013316da7cd0]
Event: 700.012 Thread 0x000001330b4aa960 24100   !   3       org.eclipse.osgi.internal.framework.EquinoxBundle::createBundleContext (65 bytes)
Event: 700.032 Thread 0x000001330b4aa960 nmethod 24100 0x000001330e6f3f90 code [0x000001330e6f41a0, 0x000001330e6f4830]
Event: 700.071 Thread 0x000001330b4aa960 24101       3       java.lang.invoke.LambdaForm$DMH/0x00000133231a6c00::newInvokeSpecial (32 bytes)
Event: 700.074 Thread 0x000001330b4aa960 nmethod 24101 0x000001330e789f10 code [0x000001330e78a100, 0x000001330e78a8b8]
Event: 700.093 Thread 0x000001330b4aa960 24102       3       com.google.gson.internal.LinkedTreeMap::containsKey (14 bytes)
Event: 700.096 Thread 0x000001330b4aa960 nmethod 24102 0x000001330eabaf10 code [0x000001330eabb0c0, 0x000001330eabb328]
Event: 700.100 Thread 0x000001330b4aa960 24103       3       org.eclipse.core.internal.resources.CharsetManager$ResourceChangeListener::moveSettingsIfDerivedChanged (229 bytes)
Event: 700.108 Thread 0x000001330b4aa960 nmethod 24103 0x000001330eee8090 code [0x000001330eee83c0, 0x000001330eee97f8]
Event: 700.124 Thread 0x000001330b4aa960 24104       3       org.eclipse.m2e.jdt.internal.BuildPathManager$ModuleInfoDetector::visit (53 bytes)
Event: 700.132 Thread 0x000001330b4aa960 nmethod 24104 0x000001330e904490 code [0x000001330e9046e0, 0x000001330e905108]

GC Heap History (20 events):
Event: 398.998 GC heap before
{Heap before GC invocations=1558 (full 5):
 PSYoungGen      total 9216K, used 9171K [0x00000000d5580000, 0x00000000d6d80000, 0x0000000100000000)
  eden space 5120K, 100% used [0x00000000d5580000,0x00000000d5a80000,0x00000000d5a80000)
  from space 4096K, 98% used [0x00000000d6980000,0x00000000d6d74c80,0x00000000d6d80000)
  to   space 5120K, 0% used [0x00000000d6380000,0x00000000d6380000,0x00000000d6880000)
 ParOldGen       total 644608K, used 297563K [0x0000000080000000, 0x00000000a7580000, 0x00000000d5580000)
  object space 644608K, 46% used [0x0000000080000000,0x0000000092296fa8,0x00000000a7580000)
 Metaspace       used 84527K, committed 86400K, reserved 1179648K
  class space    used 8551K, committed 9408K, reserved 1048576K
}
Event: 399.009 GC heap after
{Heap after GC invocations=1558 (full 5):
 PSYoungGen      total 9728K, used 4544K [0x00000000d5580000, 0x00000000d6a00000, 0x0000000100000000)
  eden space 5120K, 0% used [0x00000000d5580000,0x00000000d5580000,0x00000000d5a80000)
  from space 4608K, 98% used [0x00000000d6380000,0x00000000d67f0000,0x00000000d6800000)
  to   space 2048K, 0% used [0x00000000d6800000,0x00000000d6800000,0x00000000d6a00000)
 ParOldGen       total 644608K, used 301495K [0x0000000080000000, 0x00000000a7580000, 0x00000000d5580000)
  object space 644608K, 46% used [0x0000000080000000,0x000000009266dc28,0x00000000a7580000)
 Metaspace       used 84527K, committed 86400K, reserved 1179648K
  class space    used 8551K, committed 9408K, reserved 1048576K
}
Event: 399.044 GC heap before
{Heap before GC invocations=1559 (full 5):
 PSYoungGen      total 9728K, used 9664K [0x00000000d5580000, 0x00000000d6a00000, 0x0000000100000000)
  eden space 5120K, 100% used [0x00000000d5580000,0x00000000d5a80000,0x00000000d5a80000)
  from space 4608K, 98% used [0x00000000d6380000,0x00000000d67f0000,0x00000000d6800000)
  to   space 2048K, 0% used [0x00000000d6800000,0x00000000d6800000,0x00000000d6a00000)
 ParOldGen       total 644608K, used 301495K [0x0000000080000000, 0x00000000a7580000, 0x00000000d5580000)
  object space 644608K, 46% used [0x0000000080000000,0x000000009266dc28,0x00000000a7580000)
 Metaspace       used 84577K, committed 86464K, reserved 1179648K
  class space    used 8551K, committed 9408K, reserved 1048576K
}
Event: 399.053 GC heap after
{Heap after GC invocations=1559 (full 5):
 PSYoungGen      total 7168K, used 783K [0x00000000d5580000, 0x00000000d6900000, 0x0000000100000000)
  eden space 6144K, 0% used [0x00000000d5580000,0x00000000d5580000,0x00000000d5b80000)
  from space 1024K, 76% used [0x00000000d6800000,0x00000000d68c3c90,0x00000000d6900000)
  to   space 2560K, 0% used [0x00000000d6400000,0x00000000d6400000,0x00000000d6680000)
 ParOldGen       total 644608K, used 305926K [0x0000000080000000, 0x00000000a7580000, 0x00000000d5580000)
  object space 644608K, 47% used [0x0000000080000000,0x0000000092ac1a80,0x00000000a7580000)
 Metaspace       used 84577K, committed 86464K, reserved 1179648K
  class space    used 8551K, committed 9408K, reserved 1048576K
}
Event: 399.102 GC heap before
{Heap before GC invocations=1560 (full 5):
 PSYoungGen      total 7168K, used 6927K [0x00000000d5580000, 0x00000000d6900000, 0x0000000100000000)
  eden space 6144K, 100% used [0x00000000d5580000,0x00000000d5b80000,0x00000000d5b80000)
  from space 1024K, 76% used [0x00000000d6800000,0x00000000d68c3c90,0x00000000d6900000)
  to   space 2560K, 0% used [0x00000000d6400000,0x00000000d6400000,0x00000000d6680000)
 ParOldGen       total 644608K, used 305926K [0x0000000080000000, 0x00000000a7580000, 0x00000000d5580000)
  object space 644608K, 47% used [0x0000000080000000,0x0000000092ac1a80,0x00000000a7580000)
 Metaspace       used 84579K, committed 86464K, reserved 1179648K
  class space    used 8551K, committed 9408K, reserved 1048576K
}
Event: 399.106 GC heap after
{Heap after GC invocations=1560 (full 5):
 PSYoungGen      total 8704K, used 1548K [0x00000000d5580000, 0x00000000d6880000, 0x0000000100000000)
  eden space 6144K, 0% used [0x00000000d5580000,0x00000000d5580000,0x00000000d5b80000)
  from space 2560K, 60% used [0x00000000d6400000,0x00000000d6583208,0x00000000d6680000)
  to   space 2048K, 0% used [0x00000000d6680000,0x00000000d6680000,0x00000000d6880000)
 ParOldGen       total 644608K, used 306419K [0x0000000080000000, 0x00000000a7580000, 0x00000000d5580000)
  object space 644608K, 47% used [0x0000000080000000,0x0000000092b3cd48,0x00000000a7580000)
 Metaspace       used 84579K, committed 86464K, reserved 1179648K
  class space    used 8551K, committed 9408K, reserved 1048576K
}
Event: 399.148 GC heap before
{Heap before GC invocations=1561 (full 5):
 PSYoungGen      total 8704K, used 7692K [0x00000000d5580000, 0x00000000d6880000, 0x0000000100000000)
  eden space 6144K, 100% used [0x00000000d5580000,0x00000000d5b80000,0x00000000d5b80000)
  from space 2560K, 60% used [0x00000000d6400000,0x00000000d6583208,0x00000000d6680000)
  to   space 2048K, 0% used [0x00000000d6680000,0x00000000d6680000,0x00000000d6880000)
 ParOldGen       total 644608K, used 306419K [0x0000000080000000, 0x00000000a7580000, 0x00000000d5580000)
  object space 644608K, 47% used [0x0000000080000000,0x0000000092b3cd48,0x00000000a7580000)
 Metaspace       used 84775K, committed 86656K, reserved 1179648K
  class space    used 8568K, committed 9408K, reserved 1048576K
}
Event: 399.151 GC heap after
{Heap after GC invocations=1561 (full 5):
 PSYoungGen      total 7680K, used 1347K [0x00000000d5580000, 0x00000000d6800000, 0x0000000100000000)
  eden space 6144K, 0% used [0x00000000d5580000,0x00000000d5580000,0x00000000d5b80000)
  from space 1536K, 87% used [0x00000000d6680000,0x00000000d67d0ef8,0x00000000d6800000)
  to   space 1536K, 0% used [0x00000000d6500000,0x00000000d6500000,0x00000000d6680000)
 ParOldGen       total 644608K, used 306999K [0x0000000080000000, 0x00000000a7580000, 0x00000000d5580000)
  object space 644608K, 47% used [0x0000000080000000,0x0000000092bcdc70,0x00000000a7580000)
 Metaspace       used 84775K, committed 86656K, reserved 1179648K
  class space    used 8568K, committed 9408K, reserved 1048576K
}
Event: 399.185 GC heap before
{Heap before GC invocations=1562 (full 5):
 PSYoungGen      total 7680K, used 7444K [0x00000000d5580000, 0x00000000d6800000, 0x0000000100000000)
  eden space 6144K, 99% used [0x00000000d5580000,0x00000000d5b74228,0x00000000d5b80000)
  from space 1536K, 87% used [0x00000000d6680000,0x00000000d67d0ef8,0x00000000d6800000)
  to   space 1536K, 0% used [0x00000000d6500000,0x00000000d6500000,0x00000000d6680000)
 ParOldGen       total 644608K, used 306999K [0x0000000080000000, 0x00000000a7580000, 0x00000000d5580000)
  object space 644608K, 47% used [0x0000000080000000,0x0000000092bcdc70,0x00000000a7580000)
 Metaspace       used 84953K, committed 86848K, reserved 1179648K
  class space    used 8576K, committed 9408K, reserved 1048576K
}
Event: 399.186 GC heap after
{Heap after GC invocations=1562 (full 5):
 PSYoungGen      total 7168K, used 652K [0x00000000d5580000, 0x00000000d6700000, 0x0000000100000000)
  eden space 6144K, 0% used [0x00000000d5580000,0x00000000d5580000,0x00000000d5b80000)
  from space 1024K, 63% used [0x00000000d6500000,0x00000000d65a33a8,0x00000000d6600000)
  to   space 1024K, 0% used [0x00000000d6600000,0x00000000d6600000,0x00000000d6700000)
 ParOldGen       total 644608K, used 307393K [0x0000000080000000, 0x00000000a7580000, 0x00000000d5580000)
  object space 644608K, 47% used [0x0000000080000000,0x0000000092c305f8,0x00000000a7580000)
 Metaspace       used 84953K, committed 86848K, reserved 1179648K
  class space    used 8576K, committed 9408K, reserved 1048576K
}
Event: 399.272 GC heap before
{Heap before GC invocations=1563 (full 5):
 PSYoungGen      total 7168K, used 6796K [0x00000000d5580000, 0x00000000d6700000, 0x0000000100000000)
  eden space 6144K, 100% used [0x00000000d5580000,0x00000000d5b80000,0x00000000d5b80000)
  from space 1024K, 63% used [0x00000000d6500000,0x00000000d65a33a8,0x00000000d6600000)
  to   space 1024K, 0% used [0x00000000d6600000,0x00000000d6600000,0x00000000d6700000)
 ParOldGen       total 644608K, used 307393K [0x0000000080000000, 0x00000000a7580000, 0x00000000d5580000)
  object space 644608K, 47% used [0x0000000080000000,0x0000000092c305f8,0x00000000a7580000)
 Metaspace       used 85222K, committed 87104K, reserved 1179648K
  class space    used 8598K, committed 9408K, reserved 1048576K
}
Event: 399.274 GC heap after
{Heap after GC invocations=1563 (full 5):
 PSYoungGen      total 7168K, used 1018K [0x00000000d5580000, 0x00000000d6700000, 0x0000000100000000)
  eden space 6144K, 0% used [0x00000000d5580000,0x00000000d5580000,0x00000000d5b80000)
  from space 1024K, 99% used [0x00000000d6600000,0x00000000d66fe900,0x00000000d6700000)
  to   space 1536K, 0% used [0x00000000d6400000,0x00000000d6400000,0x00000000d6580000)
 ParOldGen       total 644608K, used 307531K [0x0000000080000000, 0x00000000a7580000, 0x00000000d5580000)
  object space 644608K, 47% used [0x0000000080000000,0x0000000092c52f08,0x00000000a7580000)
 Metaspace       used 85222K, committed 87104K, reserved 1179648K
  class space    used 8598K, committed 9408K, reserved 1048576K
}
Event: 399.299 GC heap before
{Heap before GC invocations=1564 (full 5):
 PSYoungGen      total 7168K, used 7162K [0x00000000d5580000, 0x00000000d6700000, 0x0000000100000000)
  eden space 6144K, 100% used [0x00000000d5580000,0x00000000d5b80000,0x00000000d5b80000)
  from space 1024K, 99% used [0x00000000d6600000,0x00000000d66fe900,0x00000000d6700000)
  to   space 1536K, 0% used [0x00000000d6400000,0x00000000d6400000,0x00000000d6580000)
 ParOldGen       total 644608K, used 307531K [0x0000000080000000, 0x00000000a7580000, 0x00000000d5580000)
  object space 644608K, 47% used [0x0000000080000000,0x0000000092c52f08,0x00000000a7580000)
 Metaspace       used 85261K, committed 87104K, reserved 1179648K
  class space    used 8602K, committed 9408K, reserved 1048576K
}
Event: 399.443 GC heap after
{Heap after GC invocations=1564 (full 5):
 PSYoungGen      total 9216K, used 352K [0x00000000d5580000, 0x00000000d6680000, 0x0000000100000000)
  eden space 7680K, 0% used [0x00000000d5580000,0x00000000d5580000,0x00000000d5d00000)
  from space 1536K, 22% used [0x00000000d6400000,0x00000000d6458000,0x00000000d6580000)
  to   space 1024K, 0% used [0x00000000d6580000,0x00000000d6580000,0x00000000d6680000)
 ParOldGen       total 644608K, used 308312K [0x0000000080000000, 0x00000000a7580000, 0x00000000d5580000)
  object space 644608K, 47% used [0x0000000080000000,0x0000000092d16270,0x00000000a7580000)
 Metaspace       used 85261K, committed 87104K, reserved 1179648K
  class space    used 8602K, committed 9408K, reserved 1048576K
}
Event: 400.592 GC heap before
{Heap before GC invocations=1565 (full 5):
 PSYoungGen      total 9216K, used 8032K [0x00000000d5580000, 0x00000000d6680000, 0x0000000100000000)
  eden space 7680K, 100% used [0x00000000d5580000,0x00000000d5d00000,0x00000000d5d00000)
  from space 1536K, 22% used [0x00000000d6400000,0x00000000d6458000,0x00000000d6580000)
  to   space 1024K, 0% used [0x00000000d6580000,0x00000000d6580000,0x00000000d6680000)
 ParOldGen       total 644608K, used 308312K [0x0000000080000000, 0x00000000a7580000, 0x00000000d5580000)
  object space 644608K, 47% used [0x0000000080000000,0x0000000092d16270,0x00000000a7580000)
 Metaspace       used 85882K, committed 87808K, reserved 1179648K
  class space    used 8690K, committed 9536K, reserved 1048576K
}
Event: 400.594 GC heap after
{Heap after GC invocations=1565 (full 5):
 PSYoungGen      total 10240K, used 788K [0x00000000d5580000, 0x00000000d6680000, 0x0000000100000000)
  eden space 9216K, 0% used [0x00000000d5580000,0x00000000d5580000,0x00000000d5e80000)
  from space 1024K, 77% used [0x00000000d6580000,0x00000000d6645200,0x00000000d6680000)
  to   space 1024K, 0% used [0x00000000d6480000,0x00000000d6480000,0x00000000d6580000)
 ParOldGen       total 644608K, used 308384K [0x0000000080000000, 0x00000000a7580000, 0x00000000d5580000)
  object space 644608K, 47% used [0x0000000080000000,0x0000000092d28270,0x00000000a7580000)
 Metaspace       used 85882K, committed 87808K, reserved 1179648K
  class space    used 8690K, committed 9536K, reserved 1048576K
}
Event: 400.629 GC heap before
{Heap before GC invocations=1566 (full 5):
 PSYoungGen      total 10240K, used 10004K [0x00000000d5580000, 0x00000000d6680000, 0x0000000100000000)
  eden space 9216K, 100% used [0x00000000d5580000,0x00000000d5e80000,0x00000000d5e80000)
  from space 1024K, 77% used [0x00000000d6580000,0x00000000d6645200,0x00000000d6680000)
  to   space 1024K, 0% used [0x00000000d6480000,0x00000000d6480000,0x00000000d6580000)
 ParOldGen       total 644608K, used 308384K [0x0000000080000000, 0x00000000a7580000, 0x00000000d5580000)
  object space 644608K, 47% used [0x0000000080000000,0x0000000092d28270,0x00000000a7580000)
 Metaspace       used 85883K, committed 87808K, reserved 1179648K
  class space    used 8690K, committed 9536K, reserved 1048576K
}
Event: 400.631 GC heap after
{Heap after GC invocations=1566 (full 5):
 PSYoungGen      total 10240K, used 708K [0x00000000d5580000, 0x00000000d6600000, 0x0000000100000000)
  eden space 9216K, 0% used [0x00000000d5580000,0x00000000d5580000,0x00000000d5e80000)
  from space 1024K, 69% used [0x00000000d6480000,0x00000000d6531210,0x00000000d6580000)
  to   space 512K, 0% used [0x00000000d6580000,0x00000000d6580000,0x00000000d6600000)
 ParOldGen       total 644608K, used 308888K [0x0000000080000000, 0x00000000a7580000, 0x00000000d5580000)
  object space 644608K, 47% used [0x0000000080000000,0x0000000092da6270,0x00000000a7580000)
 Metaspace       used 85883K, committed 87808K, reserved 1179648K
  class space    used 8690K, committed 9536K, reserved 1048576K
}
Event: 699.364 GC heap before
{Heap before GC invocations=1567 (full 5):
 PSYoungGen      total 10240K, used 9924K [0x00000000d5580000, 0x00000000d6600000, 0x0000000100000000)
  eden space 9216K, 100% used [0x00000000d5580000,0x00000000d5e80000,0x00000000d5e80000)
  from space 1024K, 69% used [0x00000000d6480000,0x00000000d6531210,0x00000000d6580000)
  to   space 512K, 0% used [0x00000000d6580000,0x00000000d6580000,0x00000000d6600000)
 ParOldGen       total 644608K, used 308888K [0x0000000080000000, 0x00000000a7580000, 0x00000000d5580000)
  object space 644608K, 47% used [0x0000000080000000,0x0000000092da6270,0x00000000a7580000)
 Metaspace       used 85937K, committed 87808K, reserved 1179648K
  class space    used 8690K, committed 9536K, reserved 1048576K
}
Event: 699.459 GC heap after
{Heap after GC invocations=1567 (full 5):
 PSYoungGen      total 9728K, used 510K [0x00000000d5580000, 0x00000000d6600000, 0x0000000100000000)
  eden space 9216K, 0% used [0x00000000d5580000,0x00000000d5580000,0x00000000d5e80000)
  from space 512K, 99% used [0x00000000d6580000,0x00000000d65ffb08,0x00000000d6600000)
  to   space 1536K, 0% used [0x00000000d6300000,0x00000000d6300000,0x00000000d6480000)
 ParOldGen       total 644608K, used 309726K [0x0000000080000000, 0x00000000a7580000, 0x00000000d5580000)
  object space 644608K, 48% used [0x0000000080000000,0x0000000092e779e8,0x00000000a7580000)
 Metaspace       used 85937K, committed 87808K, reserved 1179648K
  class space    used 8690K, committed 9536K, reserved 1048576K
}

Dll operation events (11 events):
Event: 0.013 Loaded shared library c:\Users\PHONG\.vscode\extensions\redhat.java-1.44.0-win32-x64\jre\21.0.8-win32-x86_64\bin\java.dll
Event: 0.101 Loaded shared library c:\Users\PHONG\.vscode\extensions\redhat.java-1.44.0-win32-x64\jre\21.0.8-win32-x86_64\bin\zip.dll
Event: 0.132 Loaded shared library C:\Users\PHONG\.vscode\extensions\redhat.java-1.44.0-win32-x64\jre\21.0.8-win32-x86_64\bin\instrument.dll
Event: 0.140 Loaded shared library C:\Users\PHONG\.vscode\extensions\redhat.java-1.44.0-win32-x64\jre\21.0.8-win32-x86_64\bin\net.dll
Event: 0.143 Loaded shared library C:\Users\PHONG\.vscode\extensions\redhat.java-1.44.0-win32-x64\jre\21.0.8-win32-x86_64\bin\nio.dll
Event: 0.149 Loaded shared library C:\Users\PHONG\.vscode\extensions\redhat.java-1.44.0-win32-x64\jre\21.0.8-win32-x86_64\bin\zip.dll
Event: 0.173 Loaded shared library C:\Users\PHONG\.vscode\extensions\redhat.java-1.44.0-win32-x64\jre\21.0.8-win32-x86_64\bin\jimage.dll
Event: 0.272 Loaded shared library c:\Users\PHONG\.vscode\extensions\redhat.java-1.44.0-win32-x64\jre\21.0.8-win32-x86_64\bin\verify.dll
Event: 1.849 Loaded shared library C:\Users\PHONG\AppData\Roaming\Code\User\globalStorage\redhat.java\1.44.0\config_win\org.eclipse.equinox.launcher\org.eclipse.equinox.launcher.win32.win32.x86_64_1.2.1400.v20250730-1736\eclipse_11913.dll
Event: 3.770 Loaded shared library C:\Users\PHONG\AppData\Local\Temp\jna-76105040\jna10580212812214626315.dll
Event: 66.187 Loaded shared library C:\Users\PHONG\.vscode\extensions\redhat.java-1.44.0-win32-x64\jre\21.0.8-win32-x86_64\bin\sunmscapi.dll

Deoptimization events (20 events):
Event: 698.868 Thread 0x000001336b1738f0 DEOPT PACKING pc=0x000001331630eeb8 sp=0x00000032cb3fe610
Event: 698.868 Thread 0x000001336b1738f0 DEOPT UNPACKING pc=0x0000013315a83aa2 sp=0x00000032cb3fe518 mode 2
Event: 698.870 Thread 0x000001336b1738f0 Uncommon trap: trap_request=0xffffff66 fr.pc=0x000001331630eeb8 relative=0x0000000000000098
Event: 698.870 Thread 0x000001336b1738f0 Uncommon trap: reason=speculate_class_check action=maybe_recompile pc=0x000001331630eeb8 method=org.eclipse.core.internal.resources.Resource.checkExists(IZ)V @ 3 c2
Event: 698.870 Thread 0x000001336b1738f0 DEOPT PACKING pc=0x000001331630eeb8 sp=0x00000032cb3fe610
Event: 698.870 Thread 0x000001336b1738f0 DEOPT UNPACKING pc=0x0000013315a83aa2 sp=0x00000032cb3fe518 mode 2
Event: 699.548 Thread 0x000001336b1738f0 Uncommon trap: trap_request=0xffffff45 fr.pc=0x00000133162ed390 relative=0x0000000000000250
Event: 699.548 Thread 0x000001336b1738f0 Uncommon trap: reason=unstable_if action=reinterpret pc=0x00000133162ed390 method=org.eclipse.jdt.internal.core.builder.ClasspathDirectory.doesFileExist(Ljava/lang/String;Ljava/lang/String;Ljava/lang/String;)Z @ 31 c2
Event: 699.548 Thread 0x000001336b1738f0 DEOPT PACKING pc=0x00000133162ed390 sp=0x00000032cb3fd5b0
Event: 699.548 Thread 0x000001336b1738f0 DEOPT UNPACKING pc=0x0000013315a83aa2 sp=0x00000032cb3fd550 mode 2
Event: 699.551 Thread 0x000001336b1738f0 Uncommon trap: trap_request=0xffffffde fr.pc=0x00000133176d1cf4 relative=0x0000000000002414
Event: 699.551 Thread 0x000001336b1738f0 Uncommon trap: reason=class_check action=maybe_recompile pc=0x00000133176d1cf4 method=org.eclipse.jdt.internal.compiler.lookup.LookupEnvironment.computePackageFrom([[CZ)Lorg/eclipse/jdt/internal/compiler/lookup/PackageBinding; @ 41 c2
Event: 699.551 Thread 0x000001336b1738f0 DEOPT PACKING pc=0x00000133176d1cf4 sp=0x00000032cb3fd210
Event: 699.551 Thread 0x000001336b1738f0 DEOPT UNPACKING pc=0x0000013315a83aa2 sp=0x00000032cb3fd188 mode 2
Event: 699.679 Thread 0x000001336a18a2d0 Uncommon trap: trap_request=0xffffffde fr.pc=0x00000133170ffaf8 relative=0x0000000000001378
Event: 699.679 Thread 0x000001336a18a2d0 Uncommon trap: reason=class_check action=maybe_recompile pc=0x00000133170ffaf8 method=org.eclipse.jdt.internal.compiler.ast.AbstractMethodDeclaration.bindArguments()V @ 176 c2
Event: 699.679 Thread 0x000001336a18a2d0 DEOPT PACKING pc=0x00000133170ffaf8 sp=0x00000032c8bfe830
Event: 699.680 Thread 0x000001336a18a2d0 DEOPT UNPACKING pc=0x0000013315a83aa2 sp=0x00000032c8bfe758 mode 2
Event: 700.158 Thread 0x000001336b1738f0 DEOPT PACKING pc=0x000001330e79b6e4 sp=0x00000032cb3fe840
Event: 700.158 Thread 0x000001336b1738f0 DEOPT UNPACKING pc=0x0000013315a84242 sp=0x00000032cb3fdd08 mode 0

Classes loaded (20 events):
Event: 308.274 Loading class java/io/ObjectOutputStream$ReplaceTable
Event: 308.275 Loading class java/io/ObjectOutputStream$ReplaceTable done
Event: 398.260 Loading class org/xml/sax/SAXNotRecognizedException
Event: 398.262 Loading class org/xml/sax/SAXNotRecognizedException done
Event: 398.262 Loading class org/xml/sax/SAXNotSupportedException
Event: 398.264 Loading class org/xml/sax/SAXNotSupportedException done
Event: 398.268 Loading class com/sun/org/apache/xerces/internal/util/URI
Event: 398.272 Loading class com/sun/org/apache/xerces/internal/util/URI done
Event: 398.274 Loading class com/sun/org/apache/xerces/internal/xni/XNIException
Event: 398.275 Loading class com/sun/org/apache/xerces/internal/xni/XNIException done
Event: 398.279 Loading class com/sun/org/apache/xerces/internal/xni/parser/XMLParseException
Event: 398.280 Loading class com/sun/org/apache/xerces/internal/xni/parser/XMLParseException done
Event: 398.525 Loading class jdk/internal/module/IllegalAccessLogger
Event: 398.525 Loading class jdk/internal/module/IllegalAccessLogger done
Event: 398.744 Loading class java/nio/BufferMismatch
Event: 398.744 Loading class java/nio/BufferMismatch done
Event: 399.260 Loading class jdk/internal/ref/CleanerImpl$InnocuousThreadFactory
Event: 399.260 Loading class jdk/internal/ref/CleanerImpl$InnocuousThreadFactory done
Event: 699.568 Loading class jdk/internal/module/IllegalAccessLogger
Event: 699.568 Loading class jdk/internal/module/IllegalAccessLogger done

Classes unloaded (13 events):
Event: 4.513 Thread 0x000001330b3824d0 Unloading class 0x00000133231a6800 'java/lang/invoke/LambdaForm$MH+0x00000133231a6800'
Event: 4.513 Thread 0x000001330b3824d0 Unloading class 0x00000133231a6400 'java/lang/invoke/LambdaForm$MH+0x00000133231a6400'
Event: 4.513 Thread 0x000001330b3824d0 Unloading class 0x00000133231a6000 'java/lang/invoke/LambdaForm$MH+0x00000133231a6000'
Event: 4.513 Thread 0x000001330b3824d0 Unloading class 0x00000133231a5c00 'java/lang/invoke/LambdaForm$MH+0x00000133231a5c00'
Event: 4.513 Thread 0x000001330b3824d0 Unloading class 0x00000133231a5800 'java/lang/invoke/LambdaForm$BMH+0x00000133231a5800'
Event: 4.513 Thread 0x000001330b3824d0 Unloading class 0x00000133231a5400 'java/lang/invoke/LambdaForm$DMH+0x00000133231a5400'
Event: 4.513 Thread 0x000001330b3824d0 Unloading class 0x00000133231a4000 'java/lang/invoke/LambdaForm$DMH+0x00000133231a4000'
Event: 394.611 Thread 0x000001330b3824d0 Unloading class 0x00000133238c1000 'java/lang/invoke/LambdaForm$DMH+0x00000133238c1000'
Event: 394.611 Thread 0x000001330b3824d0 Unloading class 0x00000133238c1800 'java/lang/invoke/LambdaForm$DMH+0x00000133238c1800'
Event: 394.612 Thread 0x000001330b3824d0 Unloading class 0x00000133237e5000 'java/lang/invoke/LambdaForm$DMH+0x00000133237e5000'
Event: 394.612 Thread 0x000001330b3824d0 Unloading class 0x00000133237e5400 'java/lang/invoke/LambdaForm$DMH+0x00000133237e5400'
Event: 394.612 Thread 0x000001330b3824d0 Unloading class 0x00000133237e4c00 'java/lang/invoke/LambdaForm$DMH+0x00000133237e4c00'
Event: 394.612 Thread 0x000001330b3824d0 Unloading class 0x00000133237e4400 'java/lang/invoke/LambdaForm$DMH+0x00000133237e4400'

Classes redefined (0 events):
No events

Internal exceptions (20 events):
Event: 354.175 Thread 0x000001336b1738f0 Implicit null exception at 0x000001330f5f94f5 to 0x000001330f5fa6d3
Event: 354.175 Thread 0x000001336b1738f0 Exception <a 'java/lang/NullPointerException'{0x00000000d5621fd0}> (0x00000000d5621fd0) 
thrown [s\src\hotspot\share\runtime\sharedRuntime.cpp, line 625]
Event: 354.175 Thread 0x000001336b1738f0 Implicit null exception at 0x000001330f5f94f5 to 0x000001330f5fa6d3
Event: 354.175 Thread 0x000001336b1738f0 Exception <a 'java/lang/NullPointerException'{0x00000000d5622e70}> (0x00000000d5622e70) 
thrown [s\src\hotspot\share\runtime\sharedRuntime.cpp, line 625]
Event: 354.175 Thread 0x000001336b1738f0 Implicit null exception at 0x000001330f5f94f5 to 0x000001330f5fa6d3
Event: 354.175 Thread 0x000001336b1738f0 Exception <a 'java/lang/NullPointerException'{0x00000000d56240e0}> (0x00000000d56240e0) 
thrown [s\src\hotspot\share\runtime\sharedRuntime.cpp, line 625]
Event: 370.941 Thread 0x000001336cd188d0 Exception <a 'java/lang/IncompatibleClassChangeError'{0x00000000d6553b88}: Found class java.lang.Object, but interface was expected> (0x00000000d6553b88) 
thrown [s\src\hotspot\share\interpreter\linkResolver.cpp, line 840]
Event: 373.716 Thread 0x000001336cc02740 Exception <a 'java/lang/NoSuchMethodError'{0x00000000d6692788}: 'java.lang.Object java.lang.invoke.DirectMethodHandle$Holder.invokeSpecial(java.lang.Object, java.lang.Object, java.lang.Object, java.lang.Object, int, java.lang.Object, java.lang.Object)'> (0x00000000d6692788) 
thrown [s\src\hotspot\share\interpreter\linkResolver.cpp, line 773]
Event: 373.716 Thread 0x000001336a186130 Exception <a 'java/lang/NoSuchMethodError'{0x00000000d6668050}: 'java.lang.Object java.lang.invoke.DirectMethodHandle$Holder.invokeSpecial(java.lang.Object, java.lang.Object, java.lang.Object, java.lang.Object, int, java.lang.Object, java.lang.Object)'> (0x00000000d6668050) 
thrown [s\src\hotspot\share\interpreter\linkResolver.cpp, line 773]
Event: 373.716 Thread 0x000001337928d380 Exception <a 'java/lang/NoSuchMethodError'{0x00000000d66a7ff0}: 'java.lang.Object java.lang.invoke.DirectMethodHandle$Holder.invokeSpecial(java.lang.Object, java.lang.Object, java.lang.Object, java.lang.Object, int, java.lang.Object, java.lang.Object)'> (0x00000000d66a7ff0) 
thrown [s\src\hotspot\share\interpreter\linkResolver.cpp, line 773]
Event: 379.045 Thread 0x000001336a188890 Exception <a 'java/lang/NoSuchMethodError'{0x00000000d66e64d8}: 'java.lang.Object java.lang.invoke.DirectMethodHandle$Holder.invokeStaticInit(java.lang.Object, java.lang.Object, java.lang.Object)'> (0x00000000d66e64d8) 
thrown [s\src\hotspot\share\interpreter\linkResolver.cpp, line 773]
Event: 393.335 Thread 0x000001336b1738f0 Exception <a 'java/lang/ArrayIndexOutOfBoundsException'{0x00000000d5892d48}: Index 2539 out of bounds for length 2539> (0x00000000d5892d48) 
thrown [s\src\hotspot\share\interpreter\interpreterRuntime.cpp, line 439]
Event: 393.731 Thread 0x000001336b1766e0 Implicit null exception at 0x0000013316e671de to 0x0000013316e68ce0
Event: 398.325 Thread 0x000001336cd188d0 Exception <a 'java/lang/IncompatibleClassChangeError'{0x00000000d55b6208}: Found class java.lang.Object, but interface was expected> (0x00000000d55b6208) 
thrown [s\src\hotspot\share\interpreter\linkResolver.cpp, line 840]
Event: 398.381 Thread 0x000001336cd188d0 Exception <a 'java/lang/IncompatibleClassChangeError'{0x00000000d5e81dc8}: Found class java.lang.Object, but interface was expected> (0x00000000d5e81dc8) 
thrown [s\src\hotspot\share\interpreter\linkResolver.cpp, line 840]
Event: 398.382 Thread 0x000001336cd188d0 Exception <a 'java/lang/IncompatibleClassChangeError'{0x00000000d5e85a60}: Found class java.lang.Object, but interface was expected> (0x00000000d5e85a60) 
thrown [s\src\hotspot\share\interpreter\linkResolver.cpp, line 840]
Event: 398.401 Thread 0x000001336cd188d0 Exception <a 'java/lang/IncompatibleClassChangeError'{0x00000000d603dd58}: Found class java.lang.Object, but interface was expected> (0x00000000d603dd58) 
thrown [s\src\hotspot\share\interpreter\linkResolver.cpp, line 840]
Event: 398.408 Thread 0x000001336a186130 Exception <a 'java/lang/NoSuchMethodError'{0x00000000d611dea0}: 'void java.lang.invoke.DirectMethodHandle$Holder.invokeSpecial(java.lang.Object, java.lang.Object, int)'> (0x00000000d611dea0) 
thrown [s\src\hotspot\share\interpreter\linkResolver.cpp, line 773]
Event: 398.739 Thread 0x000001336b1766e0 Exception <a 'sun/nio/fs/WindowsException'{0x00000000d5580990}> (0x00000000d5580990) 
thrown [s\src\hotspot\share\prims\jni.cpp, line 520]
Event: 399.086 Thread 0x000001336b1766e0 Exception <a 'sun/nio/fs/WindowsException'{0x00000000d58261c8}> (0x00000000d58261c8) 
thrown [s\src\hotspot\share\prims\jni.cpp, line 520]

ZGC Phase Switch (0 events):
No events

VM Operations (20 events):
Event: 661.570 Executing VM operation: HandshakeAllThreads (HandshakeForDeflation)
Event: 661.571 Executing VM operation: HandshakeAllThreads (HandshakeForDeflation) done
Event: 661.571 Executing VM operation: RendezvousGCThreads
Event: 661.571 Executing VM operation: RendezvousGCThreads done
Event: 698.594 Executing VM operation: Cleanup
Event: 698.594 Executing VM operation: Cleanup done
Event: 699.364 Executing VM operation: ParallelGCFailedAllocation (Allocation Failure)
Event: 699.459 Executing VM operation: ParallelGCFailedAllocation (Allocation Failure) done
Event: 700.460 Executing VM operation: Cleanup
Event: 700.460 Executing VM operation: Cleanup done
Event: 701.470 Executing VM operation: Cleanup
Event: 701.577 Executing VM operation: Cleanup done
Event: 721.735 Executing VM operation: HandshakeAllThreads (HandshakeForDeflation)
Event: 721.738 Executing VM operation: HandshakeAllThreads (HandshakeForDeflation) done
Event: 721.738 Executing VM operation: RendezvousGCThreads
Event: 721.738 Executing VM operation: RendezvousGCThreads done
Event: 781.991 Executing VM operation: HandshakeAllThreads (HandshakeForDeflation)
Event: 781.996 Executing VM operation: HandshakeAllThreads (HandshakeForDeflation) done
Event: 781.996 Executing VM operation: RendezvousGCThreads
Event: 781.996 Executing VM operation: RendezvousGCThreads done

Memory protections (0 events):
No events

Nmethod flushes (20 events):
Event: 396.733 Thread 0x000001330b3824d0 flushing  nmethod 0x0000013310efef90
Event: 396.733 Thread 0x000001330b3824d0 flushing  nmethod 0x0000013310f01810
Event: 396.733 Thread 0x000001330b3824d0 flushing  nmethod 0x0000013310f11910
Event: 396.734 Thread 0x000001330b3824d0 flushing  nmethod 0x0000013310f13a10
Event: 396.734 Thread 0x000001330b3824d0 flushing  nmethod 0x0000013310f18810
Event: 396.734 Thread 0x000001330b3824d0 flushing  nmethod 0x0000013310f1ae10
Event: 396.734 Thread 0x000001330b3824d0 flushing  nmethod 0x0000013310f1ec10
Event: 396.734 Thread 0x000001330b3824d0 flushing  nmethod 0x0000013310f34e10
Event: 396.734 Thread 0x000001330b3824d0 flushing  nmethod 0x0000013310f3a610
Event: 396.734 Thread 0x000001330b3824d0 flushing  nmethod 0x0000013310f43410
Event: 396.734 Thread 0x000001330b3824d0 flushing  nmethod 0x0000013310f59410
Event: 396.734 Thread 0x000001330b3824d0 flushing  nmethod 0x0000013310f5a790
Event: 396.734 Thread 0x000001330b3824d0 flushing  nmethod 0x0000013310f5e190
Event: 396.734 Thread 0x000001330b3824d0 flushing  nmethod 0x0000013310f7d810
Event: 396.734 Thread 0x000001330b3824d0 flushing  nmethod 0x0000013310f91b90
Event: 396.734 Thread 0x000001330b3824d0 flushing  nmethod 0x0000013310fd8890
Event: 396.734 Thread 0x000001330b3824d0 flushing  nmethod 0x000001331102e110
Event: 396.734 Thread 0x000001330b3824d0 flushing  nmethod 0x0000013311037490
Event: 396.734 Thread 0x000001330b3824d0 flushing  nmethod 0x0000013311043210
Event: 396.734 Thread 0x000001330b3824d0 flushing  nmethod 0x0000013311054910

Events (20 events):
Event: 587.167 Thread 0x000001336cd1a9a0 Thread exited: 0x000001336cd1a9a0
Event: 587.174 Thread 0x000001337928d380 Thread exited: 0x000001337928d380
Event: 647.171 Thread 0x000001336cd195f0 Thread exited: 0x000001336cd195f0
Event: 647.176 Thread 0x000001336cc02740 Thread exited: 0x000001336cc02740
Event: 698.515 Thread 0x000001336b1738f0 Thread added: 0x000001336a188890
Event: 698.520 Thread 0x000001336a188200 Thread exited: 0x000001336a188200
Event: 698.528 Thread 0x000001336a188890 Thread exited: 0x000001336a188890
Event: 698.607 Thread 0x000001330b4aa960 Thread added: 0x0000013376aafd70
Event: 698.818 Thread 0x0000013376aafd70 Thread exited: 0x0000013376aafd70
Event: 698.958 Thread 0x000001330b4aa960 Thread added: 0x0000013376aafd70
Event: 699.114 Thread 0x0000013376aafd70 Thread exited: 0x0000013376aafd70
Event: 699.227 Thread 0x000001330b4aa960 Thread added: 0x0000013376aafd70
Event: 699.247 Thread 0x000001336b1738f0 Thread added: 0x000001336a186130
Event: 699.356 Thread 0x0000013376aafd70 Thread exited: 0x0000013376aafd70
Event: 699.589 Thread 0x000001336b1738f0 Thread added: 0x000001336a18a2d0
Event: 707.163 Thread 0x000001336cd1bd50 Thread exited: 0x000001336cd1bd50
Event: 707.175 Thread 0x000001337928a590 Thread exited: 0x000001337928a590
Event: 759.907 Thread 0x000001336a18a2d0 Thread exited: 0x000001336a18a2d0
Event: 767.173 Thread 0x000001336cd1de20 Thread exited: 0x000001336cd1de20
Event: 767.183 Thread 0x0000013379289870 Thread exited: 0x0000013379289870


Dynamic libraries:
0x00007ff697da0000 - 0x00007ff697dae000 	c:\Users\PHONG\.vscode\extensions\redhat.java-1.44.0-win32-x64\jre\21.0.8-win32-x86_64\bin\java.exe
0x00007ffee1540000 - 0x00007ffee17a7000 	C:\WINDOWS\SYSTEM32\ntdll.dll
0x00007ffedf540000 - 0x00007ffedf609000 	C:\WINDOWS\System32\KERNEL32.DLL
0x00007ffede7f0000 - 0x00007ffedebe0000 	C:\WINDOWS\System32\KERNELBASE.dll
0x00007ffedf0e0000 - 0x00007ffedf22b000 	C:\WINDOWS\System32\ucrtbase.dll
0x00007ffed14e0000 - 0x00007ffed14fe000 	c:\Users\PHONG\.vscode\extensions\redhat.java-1.44.0-win32-x64\jre\21.0.8-win32-x86_64\bin\VCRUNTIME140.dll
0x00007ffed7ab0000 - 0x00007ffed7ac8000 	c:\Users\PHONG\.vscode\extensions\redhat.java-1.44.0-win32-x64\jre\21.0.8-win32-x86_64\bin\jli.dll
0x00007ffee0180000 - 0x00007ffee0345000 	C:\WINDOWS\System32\USER32.dll
0x00007ffedec80000 - 0x00007ffedeca7000 	C:\WINDOWS\System32\win32u.dll
0x00007ffec95f0000 - 0x00007ffec988a000 	C:\WINDOWS\WinSxS\amd64_microsoft.windows.common-controls_6595b64144ccf1df_6.0.26100.4768_none_3e0c112ce331287c\COMCTL32.dll
0x00007ffee0d00000 - 0x00007ffee0d2b000 	C:\WINDOWS\System32\GDI32.dll
0x00007ffee0c50000 - 0x00007ffee0cf9000 	C:\WINDOWS\System32\msvcrt.dll
0x00007ffeded70000 - 0x00007ffedeea8000 	C:\WINDOWS\System32\gdi32full.dll
0x00007ffedf030000 - 0x00007ffedf0d3000 	C:\WINDOWS\System32\msvcp_win.dll
0x00007ffedfb40000 - 0x00007ffedfb6f000 	C:\WINDOWS\System32\IMM32.DLL
0x00007ffed7b00000 - 0x00007ffed7b0c000 	c:\Users\PHONG\.vscode\extensions\redhat.java-1.44.0-win32-x64\jre\21.0.8-win32-x86_64\bin\vcruntime140_1.dll
0x00007ffea1030000 - 0x00007ffea10bd000 	c:\Users\PHONG\.vscode\extensions\redhat.java-1.44.0-win32-x64\jre\21.0.8-win32-x86_64\bin\msvcp140.dll
0x00007ffe61a90000 - 0x00007ffe62827000 	c:\Users\PHONG\.vscode\extensions\redhat.java-1.44.0-win32-x64\jre\21.0.8-win32-x86_64\bin\server\jvm.dll
0x00007ffedf3d0000 - 0x00007ffedf484000 	C:\WINDOWS\System32\ADVAPI32.dll
0x00007ffee0ed0000 - 0x00007ffee0f76000 	C:\WINDOWS\System32\sechost.dll
0x00007ffedf6b0000 - 0x00007ffedf7c8000 	C:\WINDOWS\System32\RPCRT4.dll
0x00007ffedf2d0000 - 0x00007ffedf344000 	C:\WINDOWS\System32\WS2_32.dll
0x00007ffede4d0000 - 0x00007ffede52e000 	C:\WINDOWS\SYSTEM32\POWRPROF.dll
0x00007ffed1620000 - 0x00007ffed1655000 	C:\WINDOWS\SYSTEM32\WINMM.dll
0x00007ffed6c10000 - 0x00007ffed6c1b000 	C:\WINDOWS\SYSTEM32\VERSION.dll
0x00007ffede4b0000 - 0x00007ffede4c4000 	C:\WINDOWS\SYSTEM32\UMPDC.dll
0x00007ffedd3b0000 - 0x00007ffedd3cb000 	C:\WINDOWS\SYSTEM32\kernel.appcore.dll
0x00007ffed6240000 - 0x00007ffed624a000 	c:\Users\PHONG\.vscode\extensions\redhat.java-1.44.0-win32-x64\jre\21.0.8-win32-x86_64\bin\jimage.dll
0x00007ffecd410000 - 0x00007ffecd651000 	C:\WINDOWS\SYSTEM32\DBGHELP.DLL
0x00007ffedfb80000 - 0x00007ffedff05000 	C:\WINDOWS\System32\combase.dll
0x00007ffee0d80000 - 0x00007ffee0e60000 	C:\WINDOWS\System32\OLEAUT32.dll
0x00007ffebeaf0000 - 0x00007ffebeb33000 	C:\WINDOWS\SYSTEM32\dbgcore.DLL
0x00007ffedf230000 - 0x00007ffedf2c9000 	C:\WINDOWS\System32\bcryptPrimitives.dll
0x00007ffed60e0000 - 0x00007ffed60ef000 	c:\Users\PHONG\.vscode\extensions\redhat.java-1.44.0-win32-x64\jre\21.0.8-win32-x86_64\bin\instrument.dll
0x00007ffed14c0000 - 0x00007ffed14df000 	c:\Users\PHONG\.vscode\extensions\redhat.java-1.44.0-win32-x64\jre\21.0.8-win32-x86_64\bin\java.dll
0x00007ffee0500000 - 0x00007ffee0c4d000 	C:\WINDOWS\System32\SHELL32.dll
0x00007ffede670000 - 0x00007ffede7e3000 	C:\WINDOWS\System32\wintypes.dll
0x00007ffedc210000 - 0x00007ffedca70000 	C:\WINDOWS\SYSTEM32\windows.storage.dll
0x00007ffedf8d0000 - 0x00007ffedf9c5000 	C:\WINDOWS\System32\SHCORE.dll
0x00007ffee1410000 - 0x00007ffee147a000 	C:\WINDOWS\System32\shlwapi.dll
0x00007ffede590000 - 0x00007ffede5b9000 	C:\WINDOWS\SYSTEM32\profapi.dll
0x00007ffeca240000 - 0x00007ffeca258000 	c:\Users\PHONG\.vscode\extensions\redhat.java-1.44.0-win32-x64\jre\21.0.8-win32-x86_64\bin\zip.dll
0x00007ffed0ad0000 - 0x00007ffed0ae0000 	C:\Users\PHONG\.vscode\extensions\redhat.java-1.44.0-win32-x64\jre\21.0.8-win32-x86_64\bin\net.dll
0x00007ffed7fa0000 - 0x00007ffed80be000 	C:\WINDOWS\SYSTEM32\WINHTTP.dll
0x00007ffedd920000 - 0x00007ffedd98b000 	C:\WINDOWS\system32\mswsock.dll
0x00007ffec9360000 - 0x00007ffec9376000 	C:\Users\PHONG\.vscode\extensions\redhat.java-1.44.0-win32-x64\jre\21.0.8-win32-x86_64\bin\nio.dll
0x00007ffecef40000 - 0x00007ffecef50000 	c:\Users\PHONG\.vscode\extensions\redhat.java-1.44.0-win32-x64\jre\21.0.8-win32-x86_64\bin\verify.dll
0x00007ffe90d50000 - 0x00007ffe90d95000 	C:\Users\PHONG\AppData\Roaming\Code\User\globalStorage\redhat.java\1.44.0\config_win\org.eclipse.equinox.launcher\org.eclipse.equinox.launcher.win32.win32.x86_64_1.2.1400.v20250730-1736\eclipse_11913.dll
0x00007ffee0350000 - 0x00007ffee04f0000 	C:\WINDOWS\System32\ole32.dll
0x00007ffeddd00000 - 0x00007ffeddd1b000 	C:\WINDOWS\SYSTEM32\CRYPTSP.dll
0x00007ffedd310000 - 0x00007ffedd34b000 	C:\WINDOWS\system32\rsaenh.dll
0x00007ffedd9c0000 - 0x00007ffedd9eb000 	C:\WINDOWS\SYSTEM32\USERENV.dll
0x00007ffede560000 - 0x00007ffede586000 	C:\WINDOWS\SYSTEM32\bcrypt.dll
0x00007ffeddce0000 - 0x00007ffeddcec000 	C:\WINDOWS\SYSTEM32\CRYPTBASE.dll
0x00007ffedce50000 - 0x00007ffedce83000 	C:\WINDOWS\SYSTEM32\IPHLPAPI.DLL
0x00007ffee0ec0000 - 0x00007ffee0eca000 	C:\WINDOWS\System32\NSI.dll
0x00007ffe83f70000 - 0x00007ffe83fb9000 	C:\Users\PHONG\AppData\Local\Temp\jna-76105040\jna10580212812214626315.dll
0x00007ffee0160000 - 0x00007ffee0168000 	C:\WINDOWS\System32\PSAPI.DLL
0x00007ffed8180000 - 0x00007ffed819f000 	C:\WINDOWS\SYSTEM32\dhcpcsvc6.DLL
0x00007ffed80d0000 - 0x00007ffed80f5000 	C:\WINDOWS\SYSTEM32\dhcpcsvc.DLL
0x00007ffec9fc0000 - 0x00007ffec9fce000 	C:\Users\PHONG\.vscode\extensions\redhat.java-1.44.0-win32-x64\jre\21.0.8-win32-x86_64\bin\sunmscapi.dll
0x00007ffedeeb0000 - 0x00007ffedf027000 	C:\WINDOWS\System32\CRYPT32.dll
0x00007ffedde60000 - 0x00007ffedde90000 	C:\WINDOWS\SYSTEM32\ncrypt.dll
0x00007ffedde10000 - 0x00007ffedde4f000 	C:\WINDOWS\SYSTEM32\NTASN1.dll

JVMTI agents:
c:\Users\PHONG\.vscode\extensions\redhat.java-1.44.0-win32-x64\lombok\lombok-1.18.39-4050.jar path:c:\Users\PHONG\.vscode\extensions\redhat.java-1.44.0-win32-x64\jre\21.0.8-win32-x86_64\bin\instrument.dll, loaded, initialized, instrumentlib options:none

dbghelp: loaded successfully - version: 4.0.5 - missing functions: none
symbol engine: initialized successfully - sym options: 0x614 - pdb path: .;c:\Users\PHONG\.vscode\extensions\redhat.java-1.44.0-win32-x64\jre\21.0.8-win32-x86_64\bin;C:\WINDOWS\SYSTEM32;C:\WINDOWS\WinSxS\amd64_microsoft.windows.common-controls_6595b64144ccf1df_6.0.26100.4768_none_3e0c112ce331287c;c:\Users\PHONG\.vscode\extensions\redhat.java-1.44.0-win32-x64\jre\21.0.8-win32-x86_64\bin\server;C:\Users\PHONG\AppData\Roaming\Code\User\globalStorage\redhat.java\1.44.0\config_win\org.eclipse.equinox.launcher\org.eclipse.equinox.launcher.win32.win32.x86_64_1.2.1400.v20250730-1736;C:\Users\PHONG\AppData\Local\Temp\jna-76105040

VM Arguments:
jvm_args: --add-modules=ALL-SYSTEM --add-opens=java.base/java.util=ALL-UNNAMED --add-opens=java.base/java.lang=ALL-UNNAMED --add-opens=java.base/sun.nio.fs=ALL-UNNAMED -Declipse.application=org.eclipse.jdt.ls.core.id1 -Dosgi.bundles.defaultStartLevel=4 -Declipse.product=org.eclipse.jdt.ls.core.product -Djava.import.generatesMetadataFilesAtProjectRoot=false -DDetectVMInstallationsJob.disabled=true -Dfile.encoding=utf8 -XX:+UseParallelGC -XX:GCTimeRatio=4 -XX:AdaptiveSizePolicyWeight=90 -Dsun.zip.disableMemoryMapping=true -Xmx2G -Xms100m -Xlog:disable -javaagent:c:\Users\PHONG\.vscode\extensions\redhat.java-1.44.0-win32-x64\lombok\lombok-1.18.39-4050.jar -XX:+HeapDumpOnOutOfMemoryError -XX:HeapDumpPath=c:\Users\PHONG\AppData\Roaming\Code\User\workspaceStorage\0b8d90799894e66a5c234ba1ff12f555\redhat.java -Daether.dependencyCollector.impl=bf 
java_command: c:\Users\PHONG\.vscode\extensions\redhat.java-1.44.0-win32-x64\server\plugins\org.eclipse.equinox.launcher_1.7.0.v20250519-0528.jar -configuration c:\Users\PHONG\AppData\Roaming\Code\User\globalStorage\redhat.java\1.44.0\config_win -data c:\Users\PHONG\AppData\Roaming\Code\User\workspaceStorage\0b8d90799894e66a5c234ba1ff12f555\redhat.java\jdt_ws --pipe=\\.\pipe\lsp-c3748405b5462c19b1631e48c97dd14b-sock
java_class_path (initial): c:\Users\PHONG\.vscode\extensions\redhat.java-1.44.0-win32-x64\server\plugins\org.eclipse.equinox.launcher_1.7.0.v20250519-0528.jar
Launcher Type: SUN_STANDARD

[Global flags]
    uintx AdaptiveSizePolicyWeight                 = 90                                        {product} {command line}
     intx CICompilerCount                          = 12                                        {product} {ergonomic}
    uintx GCTimeRatio                              = 4                                         {product} {command line}
     bool HeapDumpOnOutOfMemoryError               = true                                   {manageable} {command line}
    ccstr HeapDumpPath                             = c:\Users\PHONG\AppData\Roaming\Code\User\workspaceStorage\0b8d90799894e66a5c234ba1ff12f555\redhat.java         {manageable} {command line}
   size_t InitialHeapSize                          = 104857600                                 {product} {command line}
   size_t MaxHeapSize                              = 2147483648                                {product} {command line}
   size_t MaxNewSize                               = 715653120                                 {product} {ergonomic}
   size_t MinHeapDeltaBytes                        = 524288                                    {product} {ergonomic}
   size_t MinHeapSize                              = 104857600                                 {product} {command line}
   size_t NewSize                                  = 34603008                                  {product} {ergonomic}
    uintx NonNMethodCodeHeapSize                   = 7602480                                {pd product} {ergonomic}
    uintx NonProfiledCodeHeapSize                  = 122027880                              {pd product} {ergonomic}
   size_t OldSize                                  = 70254592                                  {product} {ergonomic}
    uintx ProfiledCodeHeapSize                     = 122027880                              {pd product} {ergonomic}
    uintx ReservedCodeCacheSize                    = 251658240                              {pd product} {ergonomic}
     bool SegmentedCodeCache                       = true                                      {product} {ergonomic}
   size_t SoftMaxHeapSize                          = 2147483648                             {manageable} {ergonomic}
     bool UseCompressedOops                        = true                           {product lp64_product} {ergonomic}
     bool UseLargePagesIndividualAllocation        = false                                  {pd product} {ergonomic}
     bool UseParallelGC                            = true                                      {product} {command line}

Logging:
Log output configuration:
 #0: stdout all=off uptime,level,tags foldmultilines=false
 #1: stderr all=off uptime,level,tags foldmultilines=false

Environment Variables:
PATH=C:\Program Files\Common Files\Oracle\Java\javapath;C:\WINDOWS\system32;C:\WINDOWS;C:\WINDOWS\System32\Wbem;C:\WINDOWS\System32\WindowsPowerShell\v1.0\;C:\WINDOWS\System32\OpenSSH\;C:\Program Files (x86)\Microsoft SQL Server\150\DTS\Binn\;C:\Program Files\Microsoft SQL Server\150\DTS\Binn\;C:\Program Files\Microsoft SQL Server\Client SDK\ODBC\170\Tools\Binn\;C:\Program Files (x86)\Microsoft SQL Server\150\Tools\Binn\;C:\Program Files\Microsoft SQL Server\150\Tools\Binn\;C:\Program Files (x86)\Microsoft SQL Server\160\DTS\Binn\;C:\Program Files\Git\cmd;C:\Program Files\nodejs\;C:\Program Files\Docker\Docker\resources\bin;C:\Program Files\Cloudflare\Cloudflare WARP\;C:\Program Files\dotnet\;C:\Users\PHONG\AppData\Local\Microsoft\WindowsApps;;C:\Program Files\JetBrains\IntelliJ IDEA 2024.3.1\bin;;C:\Program Files\Azure Data Studio\bin;C:\Users\PHONG\AppData\Local\Programs\Microsoft VS Code\bin;C:\Users\PHONG\AppData\Roaming\npm;C:\Users\PHONG\AppData\Local\Programs\cursor\resources\app\bin;C:\Users\PHONG\.dotnet\tools
USERNAME=PHONG
OS=Windows_NT
PROCESSOR_IDENTIFIER=AMD64 Family 25 Model 68 Stepping 1, AuthenticAMD
TMP=C:\Users\PHONG\AppData\Local\Temp
TEMP=C:\Users\PHONG\AppData\Local\Temp




Periodic native trim disabled

---------------  S Y S T E M  ---------------

OS:
 Windows 11 , 64 bit Build 26100 (10.0.26100.4768)
OS uptime: 2 days 2:51 hours
Hyper-V role detected

CPU: total 16 (initial active 16) (16 cores per cpu, 2 threads per core) family 25 model 68 stepping 1 microcode 0xa404107, cx8, cmov, fxsr, ht, mmx, 3dnowpref, sse, sse2, sse3, ssse3, sse4a, sse4.1, sse4.2, popcnt, lzcnt, tsc, tscinvbit, avx, avx2, aes, erms, clmul, bmi1, bmi2, adx, sha, fma, vzeroupper, clflush, clflushopt, hv, rdtscp, rdpid, fsrm, f16c, cet_ss
Processor Information for processor 0
  Max Mhz: 3201, Current Mhz: 3201, Mhz Limit: 3201
Processor Information for processor 1
  Max Mhz: 3201, Current Mhz: 3201, Mhz Limit: 3201
Processor Information for processor 2
  Max Mhz: 3201, Current Mhz: 2566, Mhz Limit: 3201
Processor Information for processor 3
  Max Mhz: 3201, Current Mhz: 2566, Mhz Limit: 3201
Processor Information for processor 4
  Max Mhz: 3201, Current Mhz: 3201, Mhz Limit: 3201
Processor Information for processor 5
  Max Mhz: 3201, Current Mhz: 2566, Mhz Limit: 3201
Processor Information for processor 6
  Max Mhz: 3201, Current Mhz: 3201, Mhz Limit: 3201
Processor Information for processor 7
  Max Mhz: 3201, Current Mhz: 2566, Mhz Limit: 3201
Processor Information for processor 8
  Max Mhz: 3201, Current Mhz: 2566, Mhz Limit: 3201
Processor Information for processor 9
  Max Mhz: 3201, Current Mhz: 3201, Mhz Limit: 3201
Processor Information for processor 10
  Max Mhz: 3201, Current Mhz: 3201, Mhz Limit: 3201
Processor Information for processor 11
  Max Mhz: 3201, Current Mhz: 2566, Mhz Limit: 3201
Processor Information for processor 12
  Max Mhz: 3201, Current Mhz: 2566, Mhz Limit: 3201
Processor Information for processor 13
  Max Mhz: 3201, Current Mhz: 2566, Mhz Limit: 3201
Processor Information for processor 14
  Max Mhz: 3201, Current Mhz: 2566, Mhz Limit: 3201
Processor Information for processor 15
  Max Mhz: 3201, Current Mhz: 2566, Mhz Limit: 3201

Memory: 4k page, system-wide physical 7365M (383M free)
TotalPageFile size 29893M (AvailPageFile size 5M)
current process WorkingSet (physical memory assigned to process): 7M, peak: 673M
current process commit charge ("private bytes"): 1066M, peak: 1115M

vm_info: OpenJDK 64-Bit Server VM (21.0.8+9-LTS) for windows-amd64 JRE (21.0.8+9-LTS), built on 2025-07-15T00:00:00Z by "admin" with MS VC++ 17.7 (VS2022)

END.
